# Logfile created on 2013-07-23 13:50:53 +1200 by logger.rb/31641
I, [2013-07-23T13:50:53.241896 #5506]  INFO -- : this is a test
I, [2013-07-23T13:51:30.308723 #5529]  INFO -- : this is a test
I, [2013-07-23T13:53:03.799936 #5587]  INFO -- : this is a test
I, [2013-07-23T13:53:19.196194 #5590]  INFO -- : this is a test
I, [2013-07-23T13:53:34.291260 #5613]  INFO -- : this is a test
I, [2013-07-23T13:53:34.291593 #5613]  INFO -- : 2013-07-23 13:53:34 +1200: INFO start download
I, [2013-07-23T13:53:34.862582 #5613]  INFO -- : 2013-07-23 13:53:34 +1200: INFO end download
I, [2013-07-23T14:27:05.438552 #7220]  INFO -- : this is a test
I, [2013-07-23T14:27:05.439025 #7220]  INFO -- : 2013-07-23 14:27:05 +1200: INFO start download
I, [2013-07-23T14:27:05.851709 #7220]  INFO -- : 2013-07-23 14:27:05 +1200: INFO end download
I, [2013-07-23T14:32:51.288971 #7454]  INFO -- : this is a test
I, [2013-07-23T14:32:51.289463 #7454]  INFO -- : 2013-07-23 14:32:51 +1200: INFO start download
I, [2013-07-23T14:32:51.692097 #7454]  INFO -- : 2013-07-23 14:32:51 +1200: INFO end download
I, [2013-07-23T14:35:42.928194 #7564]  INFO -- : this is a test
I, [2013-07-23T14:35:42.928691 #7564]  INFO -- : 2013-07-23 14:35:42 +1200: INFO start download
I, [2013-07-23T14:35:43.379167 #7564]  INFO -- : 2013-07-23 14:35:43 +1200: INFO end download
I, [2013-07-23T14:36:17.589628 #7587]  INFO -- : this is a test
I, [2013-07-23T14:36:17.589934 #7587]  INFO -- : 2013-07-23 14:36:17 +1200: INFO start download
I, [2013-07-23T14:36:18.035889 #7587]  INFO -- : 2013-07-23 14:36:18 +1200: INFO end download
I, [2013-07-23T14:47:38.290243 #8063]  INFO -- : this is a test
I, [2013-07-23T14:47:38.290721 #8063]  INFO -- : 2013-07-23 14:47:38 +1200: INFO start download
I, [2013-07-23T14:47:38.722178 #8063]  INFO -- : 2013-07-23 14:47:38 +1200: INFO end download
I, [2013-07-23T14:53:15.097492 #8324]  INFO -- : this is a test
I, [2013-07-23T14:53:15.098016 #8324]  INFO -- : 2013-07-23 14:53:15 +1200: INFO start download
I, [2013-07-23T14:53:15.536752 #8324]  INFO -- : 2013-07-23 14:53:15 +1200: INFO end download
I, [2013-07-24T14:41:54.558568 #22390]  INFO -- : this is a test
I, [2013-07-24T14:41:54.559117 #22390]  INFO -- : 2013-07-24 14:41:54 +1200: INFO start download
I, [2013-07-24T14:41:55.048695 #22390]  INFO -- : 2013-07-24 14:41:55 +1200: INFO end download
I, [2013-07-24T14:42:09.749686 #22413]  INFO -- : this is a test
I, [2013-07-24T14:42:09.750190 #22413]  INFO -- : 2013-07-24 14:42:09 +1200: INFO start download
I, [2013-07-24T14:42:10.213076 #22413]  INFO -- : 2013-07-24 14:42:10 +1200: INFO end download
I, [2013-07-24T14:46:13.372849 #31674]  INFO -- : this is a test
I, [2013-07-24T14:46:13.373705 #31674]  INFO -- : 2013-07-24 14:46:13 +1200: INFO start download
I, [2013-07-24T14:46:13.860862 #31674]  INFO -- : 2013-07-24 14:46:13 +1200: INFO end download
I, [2013-07-24T14:53:29.323793 #31674]  INFO -- : 2013-07-24 14:53:29 +1200: INFO start download
I, [2013-07-24T14:53:29.842619 #31674]  INFO -- : 2013-07-24 14:53:29 +1200: INFO end download
I, [2013-07-24T14:55:27.870432 #31674]  INFO -- : 2013-07-24 14:55:27 +1200: INFO start download
I, [2013-07-24T14:55:28.488970 #31674]  INFO -- : 2013-07-24 14:55:28 +1200: INFO end download
I, [2013-07-24T14:56:45.075011 #32327]  INFO -- : this is a test
I, [2013-07-24T14:56:45.075752 #32327]  INFO -- : 2013-07-24 14:56:45 +1200: INFO start download
I, [2013-07-24T14:56:45.555043 #32327]  INFO -- : 2013-07-24 14:56:45 +1200: INFO end download
I, [2013-07-24T15:05:11.255673 #359]  INFO -- : this is a test
I, [2013-07-24T15:05:11.256421 #359]  INFO -- : 2013-07-24 15:05:11 +1200: INFO start download
I, [2013-07-24T15:05:11.750262 #359]  INFO -- : 2013-07-24 15:05:11 +1200: INFO end download
I, [2013-07-24T15:12:31.940204 #359]  INFO -- : 2013-07-24 15:12:31 +1200: INFO start download
I, [2013-07-24T15:12:32.564129 #359]  INFO -- : 2013-07-24 15:12:32 +1200: INFO end download
I, [2013-07-24T15:14:40.573118 #359]  INFO -- : 2013-07-24 15:14:40 +1200: INFO start download
I, [2013-07-24T15:14:41.086451 #359]  INFO -- : 2013-07-24 15:14:41 +1200: INFO end download
I, [2013-07-24T15:17:29.771832 #359]  INFO -- : 2013-07-24 15:17:29 +1200: INFO start download
I, [2013-07-24T15:17:30.270112 #359]  INFO -- : 2013-07-24 15:17:30 +1200: INFO end download
I, [2013-07-24T17:10:16.855703 #359]  INFO -- : 2013-07-24 17:10:16 +1200: INFO start download
I, [2013-07-24T17:10:17.359976 #359]  INFO -- : 2013-07-24 17:10:17 +1200: INFO end download
I, [2013-07-24T17:12:05.047710 #359]  INFO -- : 2013-07-24 17:12:05 +1200: INFO start download
I, [2013-07-24T17:12:05.592333 #359]  INFO -- : 2013-07-24 17:12:05 +1200: INFO end download
I, [2013-07-24T17:59:57.261652 #359]  INFO -- : 2013-07-24 17:59:57 +1200: INFO start download
I, [2013-07-24T17:59:57.801202 #359]  INFO -- : 2013-07-24 17:59:57 +1200: INFO end download
I, [2013-07-24T18:04:49.326902 #359]  INFO -- : 2013-07-24 18:04:49 +1200: INFO start download
I, [2013-07-24T18:04:49.873343 #359]  INFO -- : 2013-07-24 18:04:49 +1200: INFO end download
I, [2013-07-24T18:10:35.798142 #359]  INFO -- : 2013-07-24 18:10:35 +1200: INFO start download
I, [2013-07-24T18:10:36.459368 #359]  INFO -- : 2013-07-24 18:10:36 +1200: INFO end download
I, [2013-07-24T19:41:04.299093 #359]  INFO -- : 2013-07-24 19:41:04 +1200: INFO start download
I, [2013-07-24T19:41:04.859569 #359]  INFO -- : 2013-07-24 19:41:04 +1200: INFO end download
I, [2013-07-24T19:42:53.020733 #359]  INFO -- : 2013-07-24 19:42:53 +1200: INFO start download
I, [2013-07-24T19:42:53.695514 #359]  INFO -- : 2013-07-24 19:42:53 +1200: INFO end download
I, [2013-07-25T10:29:20.123393 #22284]  INFO -- : this is a test
I, [2013-07-25T10:29:20.124033 #22284]  INFO -- : 2013-07-25 10:29:20 +1200: INFO start download
I, [2013-07-25T10:29:20.494283 #22284]  INFO -- : 2013-07-25 10:29:20 +1200: INFO end download
I, [2013-07-25T10:31:49.861791 #22284]  INFO -- : 2013-07-25 10:31:49 +1200: INFO start download
I, [2013-07-25T10:31:50.316347 #22284]  INFO -- : 2013-07-25 10:31:50 +1200: INFO end download
I, [2013-07-26T14:44:28.812520 #18974]  INFO -- : this is a test
I, [2013-07-27T14:38:46.683559 #27489]  INFO -- : this is a test
I, [2013-07-27T14:40:08.805025 #27561]  INFO -- : this is a test
I, [2013-07-27T14:40:19.494277 #27563]  INFO -- : this is a test
I, [2013-07-27T14:40:30.201071 #27565]  INFO -- : this is a test
I, [2013-07-27T14:41:15.196029 #27612]  INFO -- : this is a test
I, [2013-07-27T14:42:32.824679 #27670]  INFO -- : this is a test
I, [2013-07-27T14:43:21.873806 #27704]  INFO -- : this is a test
I, [2013-07-27T14:43:21.874292 #27704]  INFO -- : 2013-07-27 14:43:21 +1200: INFO start download
I, [2013-07-27T14:43:22.478480 #27704]  INFO -- : 2013-07-27 14:43:22 +1200: INFO end download
I, [2013-07-27T14:56:36.219397 #28362]  INFO -- : this is a test
I, [2013-07-27T14:56:36.219960 #28362]  INFO -- : 2013-07-27 14:56:36 +1200: INFO start download
I, [2013-07-27T14:56:36.830212 #28362]  INFO -- : 2013-07-27 14:56:36 +1200: INFO end download
I, [2013-07-27T14:57:00.208142 #28404]  INFO -- : this is a test
I, [2013-07-27T14:57:00.208719 #28404]  INFO -- : 2013-07-27 14:57:00 +1200: INFO start download
I, [2013-07-27T14:57:00.752148 #28404]  INFO -- : 2013-07-27 14:57:00 +1200: INFO end download
I, [2013-07-27T15:00:41.816376 #28683]  INFO -- : this is a test
I, [2013-07-27T15:00:41.817086 #28683]  INFO -- : 2013-07-27 15:00:41 +1200: INFO start download
I, [2013-07-27T15:00:42.367459 #28683]  INFO -- : 2013-07-27 15:00:42 +1200: INFO end download
I, [2013-07-27T15:07:05.572265 #28944]  INFO -- : this is a test
I, [2013-07-27T15:07:05.572978 #28944]  INFO -- : 2013-07-27 15:07:05 +1200: INFO start download
I, [2013-07-27T15:07:06.283369 #28944]  INFO -- : 2013-07-27 15:07:06 +1200: INFO end download
I, [2013-07-27T15:09:24.664042 #29054]  INFO -- : this is a test
I, [2013-07-27T15:09:24.664688 #29054]  INFO -- : 2013-07-27 15:09:24 +1200: INFO start download
I, [2013-07-27T15:09:25.248067 #29054]  INFO -- : 2013-07-27 15:09:25 +1200: INFO end download
I, [2013-07-27T15:16:37.439907 #29478]  INFO -- : this is a test
I, [2013-07-27T15:16:37.440465 #29478]  INFO -- : 2013-07-27 15:16:37 +1200: INFO start download
I, [2013-07-27T15:16:38.139664 #29478]  INFO -- : 2013-07-27 15:16:38 +1200: INFO end download
I, [2013-07-27T15:18:22.899809 #29558]  INFO -- : this is a test
I, [2013-07-27T15:18:22.900379 #29558]  INFO -- : 2013-07-27 15:18:22 +1200: INFO start download
I, [2013-07-27T15:18:23.575119 #29558]  INFO -- : 2013-07-27 15:18:23 +1200: INFO end download
I, [2013-07-27T15:26:07.937145 #29919]  INFO -- : this is a test
I, [2013-07-27T15:26:07.937642 #29919]  INFO -- : 2013-07-27 15:26:07 +1200: INFO start download
I, [2013-07-27T15:26:08.759674 #29919]  INFO -- : 2013-07-27 15:26:08 +1200: INFO end download
I, [2013-07-27T15:26:15.561458 #29922]  INFO -- : this is a test
I, [2013-07-27T15:26:15.561863 #29922]  INFO -- : 2013-07-27 15:26:15 +1200: INFO start download
I, [2013-07-27T15:26:16.035260 #29922]  INFO -- : 2013-07-27 15:26:16 +1200: INFO end download
I, [2013-07-27T15:28:25.295632 #30004]  INFO -- : this is a test
I, [2013-07-27T15:28:25.296276 #30004]  INFO -- : 2013-07-27 15:28:25 +1200: INFO start download
I, [2013-07-27T15:28:25.953925 #30004]  INFO -- : 2013-07-27 15:28:25 +1200: INFO end download
I, [2013-07-27T15:32:42.182366 #30160]  INFO -- : this is a test
I, [2013-07-27T15:32:42.182995 #30160]  INFO -- : 2013-07-27 15:32:42 +1200: INFO start download
I, [2013-07-27T15:32:43.085562 #30160]  INFO -- : 2013-07-27 15:32:43 +1200: INFO end download
I, [2013-07-27T15:36:55.869387 #30341]  INFO -- : this is a test
I, [2013-07-27T15:36:55.869961 #30341]  INFO -- : 2013-07-27 15:36:55 +1200: INFO start download
I, [2013-07-27T15:36:56.454710 #30341]  INFO -- : 2013-07-27 15:36:56 +1200: INFO end download
I, [2013-07-27T15:37:35.556677 #30379]  INFO -- : this is a test
I, [2013-07-27T15:37:35.557031 #30379]  INFO -- : 2013-07-27 15:37:35 +1200: INFO start download
I, [2013-07-27T15:37:36.100024 #30379]  INFO -- : 2013-07-27 15:37:36 +1200: INFO end download
I, [2013-07-27T15:39:50.517191 #30448]  INFO -- : this is a test
I, [2013-07-27T15:39:50.517832 #30448]  INFO -- : 2013-07-27 15:39:50 +1200: INFO start download
I, [2013-07-27T15:39:51.109214 #30448]  INFO -- : 2013-07-27 15:39:51 +1200: INFO end download
I, [2013-07-27T15:40:58.735703 #30512]  INFO -- : this is a test
I, [2013-07-27T15:40:58.736199 #30512]  INFO -- : 2013-07-27 15:40:58 +1200: INFO start download
I, [2013-07-27T15:40:59.289786 #30512]  INFO -- : 2013-07-27 15:40:59 +1200: INFO end download
I, [2013-07-27T15:43:39.996054 #30619]  INFO -- : this is a test
I, [2013-07-27T15:43:39.996563 #30619]  INFO -- : 2013-07-27 15:43:39 +1200: INFO start download
I, [2013-07-27T15:43:40.620414 #30619]  INFO -- : 2013-07-27 15:43:40 +1200: INFO end download
I, [2013-07-27T15:45:18.643884 #30677]  INFO -- : this is a test
I, [2013-07-27T15:45:18.644455 #30677]  INFO -- : 2013-07-27 15:45:18 +1200: INFO start download
I, [2013-07-27T15:45:19.303191 #30677]  INFO -- : 2013-07-27 15:45:19 +1200: INFO end download
I, [2013-07-27T16:09:03.489860 #31713]  INFO -- : this is a test
I, [2013-07-27T16:09:03.490571 #31713]  INFO -- : 2013-07-27 16:09:03 +1200: INFO start download
I, [2013-07-27T16:09:04.128192 #31713]  INFO -- : 2013-07-27 16:09:04 +1200: INFO end download
I, [2013-07-27T16:11:00.125869 #31805]  INFO -- : this is a test
I, [2013-07-27T16:11:00.126360 #31805]  INFO -- : 2013-07-27 16:11:00 +1200: INFO start download
I, [2013-07-27T16:11:00.916441 #31805]  INFO -- : 2013-07-27 16:11:00 +1200: INFO end download
I, [2013-07-27T16:14:57.984166 #31998]  INFO -- : this is a test
I, [2013-07-27T16:14:57.984672 #31998]  INFO -- : 2013-07-27 16:14:57 +1200: INFO start download
I, [2013-07-27T16:14:58.558641 #31998]  INFO -- : 2013-07-27 16:14:58 +1200: INFO end download
I, [2013-07-27T16:17:58.053399 #32124]  INFO -- : this is a test
I, [2013-07-27T16:17:58.053983 #32124]  INFO -- : 2013-07-27 16:17:58 +1200: INFO start download
I, [2013-07-27T16:17:58.612922 #32124]  INFO -- : 2013-07-27 16:17:58 +1200: INFO end download
I, [2013-07-27T16:20:06.771501 #32236]  INFO -- : this is a test
I, [2013-07-27T16:20:06.772073 #32236]  INFO -- : 2013-07-27 16:20:06 +1200: INFO start download
I, [2013-07-27T16:20:07.307570 #32236]  INFO -- : 2013-07-27 16:20:07 +1200: INFO end download
I, [2013-07-27T16:20:56.591078 #32277]  INFO -- : this is a test
I, [2013-07-27T16:20:56.591477 #32277]  INFO -- : 2013-07-27 16:20:56 +1200: INFO start download
I, [2013-07-27T16:20:56.959343 #32277]  INFO -- : 2013-07-27 16:20:56 +1200: INFO end download
I, [2013-07-27T16:24:28.956257 #32506]  INFO -- : this is a test
I, [2013-07-27T16:24:28.956742 #32506]  INFO -- : 2013-07-27 16:24:28 +1200: INFO start download
I, [2013-07-27T16:24:29.543664 #32506]  INFO -- : 2013-07-27 16:24:29 +1200: INFO end download
I, [2013-07-27T16:27:44.235714 #32659]  INFO -- : this is a test
I, [2013-07-27T16:27:44.236203 #32659]  INFO -- : 2013-07-27 16:27:44 +1200: INFO start download
I, [2013-07-27T16:27:44.711432 #32659]  INFO -- : 2013-07-27 16:27:44 +1200: INFO end download
I, [2013-07-27T16:29:57.606256 #32748]  INFO -- : this is a test
I, [2013-07-27T16:29:57.606819 #32748]  INFO -- : 2013-07-27 16:29:57 +1200: INFO start download
I, [2013-07-27T16:29:57.978372 #32748]  INFO -- : 2013-07-27 16:29:57 +1200: INFO end download
I, [2013-07-27T16:31:20.473073 #339]  INFO -- : this is a test
I, [2013-07-27T16:31:20.473638 #339]  INFO -- : 2013-07-27 16:31:20 +1200: INFO start download
I, [2013-07-27T16:31:21.025200 #339]  INFO -- : 2013-07-27 16:31:21 +1200: INFO end download
I, [2013-07-27T16:31:42.523830 #31805]  INFO -- : 2013-07-27 16:31:42 +1200: INFO start download
I, [2013-07-27T16:31:43.029056 #31805]  INFO -- : 2013-07-27 16:31:43 +1200: INFO end download
I, [2013-07-27T16:32:41.443551 #31805]  INFO -- : 2013-07-27 16:32:41 +1200: INFO start download
I, [2013-07-27T16:32:41.988903 #31805]  INFO -- : 2013-07-27 16:32:41 +1200: INFO end download
I, [2013-07-27T16:49:01.102322 #1054]  INFO -- : this is a test
I, [2013-07-27T16:49:01.102888 #1054]  INFO -- : 2013-07-27 16:49:01 +1200: INFO start download
I, [2013-07-27T16:49:01.578364 #1054]  INFO -- : 2013-07-27 16:49:01 +1200: INFO end download
I, [2013-07-27T16:52:29.766390 #1204]  INFO -- : this is a test
I, [2013-07-27T16:52:29.767076 #1204]  INFO -- : 2013-07-27 16:52:29 +1200: INFO start download
I, [2013-07-27T16:52:30.282168 #1204]  INFO -- : 2013-07-27 16:52:30 +1200: INFO end download
I, [2013-07-27T16:59:12.730976 #1498]  INFO -- : this is a test
I, [2013-07-27T16:59:12.731450 #1498]  INFO -- : 2013-07-27 16:59:12 +1200: INFO start download
I, [2013-07-27T16:59:13.260640 #1498]  INFO -- : 2013-07-27 16:59:13 +1200: INFO end download
I, [2013-07-27T17:01:19.580169 #1595]  INFO -- : this is a test
I, [2013-07-27T17:01:19.580884 #1595]  INFO -- : 2013-07-27 17:01:19 +1200: INFO start download
I, [2013-07-27T17:01:20.129745 #1595]  INFO -- : 2013-07-27 17:01:20 +1200: INFO end download
I, [2013-07-27T17:11:18.152341 #4293]  INFO -- : this is a test
I, [2013-07-27T17:11:18.153208 #4293]  INFO -- : 2013-07-27 17:11:18 +1200: INFO start download
I, [2013-07-27T17:11:18.697172 #4293]  INFO -- : 2013-07-27 17:11:18 +1200: INFO end download
I, [2013-07-27T17:12:50.431322 #31805]  INFO -- : 2013-07-27 17:12:50 +1200: INFO start download
I, [2013-07-27T17:12:51.254541 #31805]  INFO -- : 2013-07-27 17:12:51 +1200: INFO end download
I, [2013-07-27T17:13:09.656643 #4293]  INFO -- : 2013-07-27 17:13:09 +1200: INFO start download
I, [2013-07-27T17:13:10.092254 #4293]  INFO -- : 2013-07-27 17:13:10 +1200: INFO end download
d
I, [2013-07-27T17:13:51.809529 #31805]  INFO -- : 2013-07-27 17:13:51 +1200: INFO start download
I, [2013-07-27T17:13:52.443281 #31805]  INFO -- : 2013-07-27 17:13:52 +1200: INFO end download
I, [2013-07-27T17:15:43.151028 #4293]  INFO -- : 2013-07-27 17:15:43 +1200: INFO start download
I, [2013-07-27T17:15:43.677547 #4293]  INFO -- : 2013-07-27 17:15:43 +1200: INFO end download
I, [2013-07-27T17:16:19.328808 #4293]  INFO -- : 2013-07-27 17:16:19 +1200: INFO start download
I, [2013-07-27T17:16:19.823824 #4293]  INFO -- : 2013-07-27 17:16:19 +1200: INFO end download
I, [2013-07-27T17:17:15.696472 #4293]  INFO -- : 2013-07-27 17:17:15 +1200: INFO start download
I, [2013-07-27T17:17:16.180526 #4293]  INFO -- : 2013-07-27 17:17:16 +1200: INFO end download
I, [2013-07-27T17:18:19.955027 #4293]  INFO -- : 2013-07-27 17:18:19 +1200: INFO start download
I, [2013-07-27T17:18:20.493433 #4293]  INFO -- : 2013-07-27 17:18:20 +1200: INFO end download
I, [2013-07-27T17:20:41.601205 #4293]  INFO -- : 2013-07-27 17:20:41 +1200: INFO start download
I, [2013-07-27T17:20:42.182816 #4293]  INFO -- : 2013-07-27 17:20:42 +1200: INFO end download
I, [2013-07-27T17:24:59.960449 #2869]  INFO -- : this is a test
I, [2013-07-27T17:24:59.961046 #2869]  INFO -- : 2013-07-27 17:24:59 +1200: INFO start download
I, [2013-07-27T17:25:00.427409 #2869]  INFO -- : 2013-07-27 17:25:00 +1200: INFO end download
I, [2013-07-27T17:27:08.882520 #2982]  INFO -- : this is a test
I, [2013-07-27T17:27:08.883219 #2982]  INFO -- : 2013-07-27 17:27:08 +1200: INFO start download
I, [2013-07-27T17:27:09.534296 #2982]  INFO -- : 2013-07-27 17:27:09 +1200: INFO end download
I, [2013-07-27T19:07:14.222822 #4293]  INFO -- : 2013-07-27 19:07:14 +1200: INFO start download
I, [2013-07-27T19:07:15.020880 #4293]  INFO -- : 2013-07-27 19:07:15 +1200: INFO end download
I, [2013-07-27T19:08:47.046387 #4293]  INFO -- : 2013-07-27 19:08:47 +1200: INFO start download
I, [2013-07-27T19:08:47.761561 #4293]  INFO -- : 2013-07-27 19:08:47 +1200: INFO end download
I, [2013-07-27T19:53:56.326507 #4293]  INFO -- : 2013-07-27 19:53:56 +1200: INFO start download
I, [2013-07-27T19:53:56.918338 #4293]  INFO -- : 2013-07-27 19:53:56 +1200: INFO end download
I, [2013-07-27T19:58:38.683650 #4293]  INFO -- : 2013-07-27 19:58:38 +1200: INFO start download
I, [2013-07-27T19:58:39.289869 #4293]  INFO -- : 2013-07-27 19:58:39 +1200: INFO end download
I, [2013-07-27T20:03:23.122747 #4293]  INFO -- : 2013-07-27 20:03:23 +1200: INFO start download
I, [2013-07-27T20:03:23.663897 #4293]  INFO -- : 2013-07-27 20:03:23 +1200: INFO end download
I, [2013-07-27T21:31:06.363320 #4293]  INFO -- : 2013-07-27 21:31:06 +1200: INFO start download
I, [2013-07-27T21:31:06.944497 #4293]  INFO -- : 2013-07-27 21:31:06 +1200: INFO end download
I, [2013-07-27T21:32:05.649782 #4293]  INFO -- : 2013-07-27 21:32:05 +1200: INFO start download
I, [2013-07-27T21:32:06.452802 #4293]  INFO -- : 2013-07-27 21:32:06 +1200: INFO end download
I, [2013-07-27T21:32:38.902080 #4293]  INFO -- : 2013-07-27 21:32:38 +1200: INFO start download
I, [2013-07-27T21:32:39.398408 #4293]  INFO -- : 2013-07-27 21:32:39 +1200: INFO end download
I, [2013-07-27T21:39:40.920096 #4293]  INFO -- : 2013-07-27 21:39:40 +1200: INFO start download
I, [2013-07-27T21:39:41.409936 #4293]  INFO -- : 2013-07-27 21:39:41 +1200: INFO end download
I, [2013-07-27T21:40:40.814463 #4293]  INFO -- : 2013-07-27 21:40:40 +1200: INFO start download
I, [2013-07-27T21:40:41.202063 #4293]  INFO -- : 2013-07-27 21:40:41 +1200: INFO end download
I, [2013-07-27T21:42:22.687940 #4293]  INFO -- : 2013-07-27 21:42:22 +1200: INFO start download
I, [2013-07-27T21:42:23.239356 #4293]  INFO -- : 2013-07-27 21:42:23 +1200: INFO end download
I, [2013-07-27T21:53:59.998601 #4293]  INFO -- : 2013-07-27 21:53:59 +1200: INFO start download
I, [2013-07-27T21:54:00.540511 #4293]  INFO -- : 2013-07-27 21:54:00 +1200: INFO end download
I, [2013-07-27T22:34:14.943622 #4293]  INFO -- : 2013-07-27 22:34:14 +1200: INFO start download
I, [2013-07-27T22:34:15.448545 #4293]  INFO -- : 2013-07-27 22:34:15 +1200: INFO end download
I, [2013-07-27T22:35:55.882458 #4293]  INFO -- : 2013-07-27 22:35:55 +1200: INFO start download
I, [2013-07-27T22:35:56.461545 #4293]  INFO -- : 2013-07-27 22:35:56 +1200: INFO end download
I, [2013-07-27T22:37:33.586143 #4293]  INFO -- : 2013-07-27 22:37:33 +1200: INFO start download
I, [2013-07-27T22:37:34.105803 #4293]  INFO -- : 2013-07-27 22:37:34 +1200: INFO end download
I, [2013-07-27T22:38:34.069768 #4293]  INFO -- : 2013-07-27 22:38:34 +1200: INFO start download
I, [2013-07-27T22:38:34.585631 #4293]  INFO -- : 2013-07-27 22:38:34 +1200: INFO end download
I, [2013-07-27T22:42:43.470973 #4293]  INFO -- : 2013-07-27 22:42:43 +1200: INFO start download
I, [2013-07-27T22:42:43.982487 #4293]  INFO -- : 2013-07-27 22:42:43 +1200: INFO end download
I, [2013-07-27T22:48:44.004721 #4293]  INFO -- : 2013-07-27 22:48:44 +1200: INFO start download
I, [2013-07-27T22:48:44.546682 #4293]  INFO -- : 2013-07-27 22:48:44 +1200: INFO end download
I, [2013-07-27T22:51:29.455149 #4293]  INFO -- : 2013-07-27 22:51:29 +1200: INFO start download
I, [2013-07-27T22:51:29.971580 #4293]  INFO -- : 2013-07-27 22:51:29 +1200: INFO end download
I, [2013-07-27T22:52:30.994014 #4293]  INFO -- : 2013-07-27 22:52:30 +1200: INFO start download
I, [2013-07-27T22:52:31.580863 #4293]  INFO -- : 2013-07-27 22:52:31 +1200: INFO end download
I, [2013-07-27T22:53:35.199705 #4293]  INFO -- : 2013-07-27 22:53:35 +1200: INFO start download
I, [2013-07-27T22:53:35.883485 #4293]  INFO -- : 2013-07-27 22:53:35 +1200: INFO end download
I, [2013-07-27T22:56:58.978869 #4293]  INFO -- : 2013-07-27 22:56:58 +1200: INFO start download
I, [2013-07-27T22:56:59.562405 #4293]  INFO -- : 2013-07-27 22:56:59 +1200: INFO end download
I, [2013-07-27T23:03:57.956264 #4293]  INFO -- : 2013-07-27 23:03:57 +1200: INFO start download
I, [2013-07-27T23:03:58.430529 #4293]  INFO -- : 2013-07-27 23:03:58 +1200: INFO end download
I, [2013-07-27T23:07:54.939207 #4293]  INFO -- : 2013-07-27 23:07:54 +1200: INFO start download
I, [2013-07-27T23:07:55.650883 #4293]  INFO -- : 2013-07-27 23:07:55 +1200: INFO end download
I, [2013-07-27T23:19:02.812231 #4293]  INFO -- : 2013-07-27 23:19:02 +1200: INFO start download
I, [2013-07-27T23:19:03.453797 #4293]  INFO -- : 2013-07-27 23:19:03 +1200: INFO end download
I, [2013-07-27T23:23:17.698413 #4293]  INFO -- : 2013-07-27 23:23:17 +1200: INFO start download
I, [2013-07-27T23:23:18.222081 #4293]  INFO -- : 2013-07-27 23:23:18 +1200: INFO end download
I, [2013-07-27T23:24:17.499133 #4293]  INFO -- : 2013-07-27 23:24:17 +1200: INFO start download
I, [2013-07-27T23:24:18.012654 #4293]  INFO -- : 2013-07-27 23:24:18 +1200: INFO end download
I, [2013-07-27T23:27:01.756228 #4293]  INFO -- : 2013-07-27 23:27:01 +1200: INFO start download
I, [2013-07-27T23:27:02.639772 #4293]  INFO -- : 2013-07-27 23:27:02 +1200: INFO end download
I, [2013-07-27T23:28:35.188350 #4293]  INFO -- : 2013-07-27 23:28:35 +1200: INFO start download
I, [2013-07-27T23:28:35.685940 #4293]  INFO -- : 2013-07-27 23:28:35 +1200: INFO end download
I, [2013-07-27T23:29:42.004531 #4293]  INFO -- : 2013-07-27 23:29:42 +1200: INFO start download
I, [2013-07-27T23:29:42.633371 #4293]  INFO -- : 2013-07-27 23:29:42 +1200: INFO end download
I, [2013-07-27T23:32:40.546653 #4293]  INFO -- : 2013-07-27 23:32:40 +1200: INFO start download
I, [2013-07-27T23:32:41.390804 #4293]  INFO -- : 2013-07-27 23:32:41 +1200: INFO end download
I, [2013-07-28T01:14:38.397925 #4293]  INFO -- : 2013-07-28 01:14:38 +1200: INFO start download
I, [2013-07-28T01:14:39.162577 #4293]  INFO -- : 2013-07-28 01:14:39 +1200: INFO end download
I, [2013-07-28T01:21:41.355217 #4293]  INFO -- : 2013-07-28 01:21:41 +1200: INFO start download
I, [2013-07-28T01:21:42.064207 #4293]  INFO -- : 2013-07-28 01:21:42 +1200: INFO end download
I, [2013-07-28T01:24:02.909141 #4293]  INFO -- : 2013-07-28 01:24:02 +1200: INFO start download
I, [2013-07-28T01:24:03.562591 #4293]  INFO -- : 2013-07-28 01:24:03 +1200: INFO end download
I, [2013-07-28T01:26:53.396434 #4293]  INFO -- : 2013-07-28 01:26:53 +1200: INFO start download
I, [2013-07-28T01:26:54.148286 #4293]  INFO -- : 2013-07-28 01:26:54 +1200: INFO end download
I, [2013-07-28T01:29:14.814661 #4293]  INFO -- : 2013-07-28 01:29:14 +1200: INFO start download
I, [2013-07-28T01:29:15.383664 #4293]  INFO -- : 2013-07-28 01:29:15 +1200: INFO end download
I, [2013-07-28T01:46:10.250101 #4293]  INFO -- : 2013-07-28 01:46:10 +1200: INFO start download
I, [2013-07-28T01:46:10.728011 #4293]  INFO -- : 2013-07-28 01:46:10 +1200: INFO end download
I, [2013-07-28T01:47:13.510844 #4293]  INFO -- : 2013-07-28 01:47:13 +1200: INFO start download
I, [2013-07-28T01:47:14.116012 #4293]  INFO -- : 2013-07-28 01:47:14 +1200: INFO end download
I, [2013-07-28T01:48:13.943119 #4293]  INFO -- : 2013-07-28 01:48:13 +1200: INFO start download
I, [2013-07-28T01:48:14.673378 #4293]  INFO -- : 2013-07-28 01:48:14 +1200: INFO end download
I, [2013-07-28T01:55:21.635419 #4293]  INFO -- : 2013-07-28 01:55:21 +1200: INFO start download
I, [2013-07-28T01:55:22.215265 #4293]  INFO -- : 2013-07-28 01:55:22 +1200: INFO end download
I, [2013-07-28T02:01:36.734776 #4293]  INFO -- : 2013-07-28 02:01:36 +1200: INFO start download
I, [2013-07-28T02:01:37.283831 #4293]  INFO -- : 2013-07-28 02:01:37 +1200: INFO end download
I, [2013-07-28T02:02:40.461192 #4293]  INFO -- : 2013-07-28 02:02:40 +1200: INFO start download
I, [2013-07-28T02:02:41.060479 #4293]  INFO -- : 2013-07-28 02:02:41 +1200: INFO end download
I, [2013-07-28T02:05:57.758453 #4293]  INFO -- : 2013-07-28 02:05:57 +1200: INFO start download
I, [2013-07-28T02:05:58.340695 #4293]  INFO -- : 2013-07-28 02:05:58 +1200: INFO end download
I, [2013-07-28T02:08:09.503902 #4293]  INFO -- : 2013-07-28 02:08:09 +1200: INFO start download
I, [2013-07-28T02:08:10.332582 #4293]  INFO -- : 2013-07-28 02:08:10 +1200: INFO end download
I, [2013-07-28T03:32:39.830052 #4293]  INFO -- : 2013-07-28 03:32:39 +1200: INFO start download
I, [2013-07-28T03:32:40.579558 #4293]  INFO -- : 2013-07-28 03:32:40 +1200: INFO end download
I, [2013-07-28T05:01:55.879485 #4293]  INFO -- : 2013-07-28 05:01:55 +1200: INFO start download
I, [2013-07-28T05:01:56.401507 #4293]  INFO -- : 2013-07-28 05:01:56 +1200: INFO end download
I, [2013-07-28T05:03:28.324561 #4293]  INFO -- : 2013-07-28 05:03:28 +1200: INFO start download
I, [2013-07-28T05:03:28.989013 #4293]  INFO -- : 2013-07-28 05:03:28 +1200: INFO end download
I, [2013-07-28T05:33:38.583237 #4293]  INFO -- : 2013-07-28 05:33:38 +1200: INFO start download
I, [2013-07-28T05:33:39.379299 #4293]  INFO -- : 2013-07-28 05:33:39 +1200: INFO end download
I, [2013-07-28T05:34:58.225398 #4293]  INFO -- : 2013-07-28 05:34:58 +1200: INFO start download
I, [2013-07-28T05:34:58.891383 #4293]  INFO -- : 2013-07-28 05:34:58 +1200: INFO end download
I, [2013-07-28T05:39:36.919913 #4293]  INFO -- : 2013-07-28 05:39:36 +1200: INFO start download
I, [2013-07-28T05:39:37.483585 #4293]  INFO -- : 2013-07-28 05:39:37 +1200: INFO end download
I, [2013-07-28T05:51:20.170846 #4293]  INFO -- : 2013-07-28 05:51:20 +1200: INFO start download
I, [2013-07-28T05:51:20.715991 #4293]  INFO -- : 2013-07-28 05:51:20 +1200: INFO end download
I, [2013-07-28T05:53:01.783084 #4293]  INFO -- : 2013-07-28 05:53:01 +1200: INFO start download
I, [2013-07-28T05:53:02.352397 #4293]  INFO -- : 2013-07-28 05:53:02 +1200: INFO end download
I, [2013-07-28T05:55:04.125910 #4293]  INFO -- : 2013-07-28 05:55:04 +1200: INFO start download
I, [2013-07-28T05:55:04.642700 #4293]  INFO -- : 2013-07-28 05:55:04 +1200: INFO end download
I, [2013-07-28T06:02:56.074869 #4293]  INFO -- : 2013-07-28 06:02:56 +1200: INFO start download
I, [2013-07-28T06:02:56.630127 #4293]  INFO -- : 2013-07-28 06:02:56 +1200: INFO end download
I, [2013-07-28T07:35:02.074896 #4293]  INFO -- : 2013-07-28 07:35:02 +1200: INFO start download
I, [2013-07-28T07:35:02.836007 #4293]  INFO -- : 2013-07-28 07:35:02 +1200: INFO end download
I, [2013-07-28T09:15:18.150315 #4293]  INFO -- : 2013-07-28 09:15:18 +1200: INFO start download
I, [2013-07-28T09:15:18.681088 #4293]  INFO -- : 2013-07-28 09:15:18 +1200: INFO end download
I, [2013-07-28T09:51:50.564129 #4293]  INFO -- : 2013-07-28 09:51:50 +1200: INFO start download
I, [2013-07-28T09:51:51.088644 #4293]  INFO -- : 2013-07-28 09:51:51 +1200: INFO end download
I, [2013-07-28T09:54:10.942369 #4293]  INFO -- : 2013-07-28 09:54:10 +1200: INFO start download
I, [2013-07-28T09:54:11.447689 #4293]  INFO -- : 2013-07-28 09:54:11 +1200: INFO end download
I, [2013-07-28T10:00:40.860051 #4293]  INFO -- : 2013-07-28 10:00:40 +1200: INFO start download
I, [2013-07-28T10:00:41.586333 #4293]  INFO -- : 2013-07-28 10:00:41 +1200: INFO end download
I, [2013-07-28T10:01:43.366970 #4293]  INFO -- : 2013-07-28 10:01:43 +1200: INFO start download
I, [2013-07-28T10:01:43.892581 #4293]  INFO -- : 2013-07-28 10:01:43 +1200: INFO end download
I, [2013-07-28T10:17:19.716934 #4293]  INFO -- : 2013-07-28 10:17:19 +1200: INFO start download
I, [2013-07-28T10:17:20.422135 #4293]  INFO -- : 2013-07-28 10:17:20 +1200: INFO end download
I, [2013-07-28T10:18:53.992968 #4293]  INFO -- : 2013-07-28 10:18:53 +1200: INFO start download
I, [2013-07-28T10:18:54.521244 #4293]  INFO -- : 2013-07-28 10:18:54 +1200: INFO end download
I, [2013-07-28T10:26:15.333623 #4293]  INFO -- : 2013-07-28 10:26:15 +1200: INFO start download
I, [2013-07-28T10:26:15.895800 #4293]  INFO -- : 2013-07-28 10:26:15 +1200: INFO end download
I, [2013-07-28T11:40:54.352783 #4293]  INFO -- : 2013-07-28 11:40:54 +1200: INFO start download
I, [2013-07-28T11:40:54.880981 #4293]  INFO -- : 2013-07-28 11:40:54 +1200: INFO end download
I, [2013-07-28T11:41:50.910466 #4293]  INFO -- : 2013-07-28 11:41:50 +1200: INFO start download
I, [2013-07-28T11:41:51.399150 #4293]  INFO -- : 2013-07-28 11:41:51 +1200: INFO end download
I, [2013-07-28T11:45:51.308573 #4293]  INFO -- : 2013-07-28 11:45:51 +1200: INFO start download
I, [2013-07-28T11:45:51.783791 #4293]  INFO -- : 2013-07-28 11:45:51 +1200: INFO end download
I, [2013-07-28T12:28:04.195587 #4293]  INFO -- : 2013-07-28 12:28:04 +1200: INFO start download
I, [2013-07-28T12:28:04.668286 #4293]  INFO -- : 2013-07-28 12:28:04 +1200: INFO end download
I, [2013-07-28T12:29:02.110506 #4293]  INFO -- : 2013-07-28 12:29:02 +1200: INFO start download
I, [2013-07-28T12:29:02.590419 #4293]  INFO -- : 2013-07-28 12:29:02 +1200: INFO end download
I, [2013-07-28T14:06:20.633886 #4293]  INFO -- : 2013-07-28 14:06:20 +1200: INFO start download
I, [2013-07-28T14:06:21.153027 #4293]  INFO -- : 2013-07-28 14:06:21 +1200: INFO end download
I, [2013-07-28T14:07:21.518218 #4293]  INFO -- : 2013-07-28 14:07:21 +1200: INFO start download
I, [2013-07-28T14:07:22.088682 #4293]  INFO -- : 2013-07-28 14:07:22 +1200: INFO end download
I, [2013-07-28T14:21:18.226912 #4293]  INFO -- : 2013-07-28 14:21:18 +1200: INFO start download
I, [2013-07-28T14:21:18.905795 #4293]  INFO -- : 2013-07-28 14:21:18 +1200: INFO end download
I, [2013-07-28T14:34:58.287535 #4293]  INFO -- : 2013-07-28 14:34:58 +1200: INFO start download
I, [2013-07-28T14:34:58.805230 #4293]  INFO -- : 2013-07-28 14:34:58 +1200: INFO end download
I, [2013-07-28T14:37:09.640475 #4293]  INFO -- : 2013-07-28 14:37:09 +1200: INFO start download
I, [2013-07-28T14:37:10.478895 #4293]  INFO -- : 2013-07-28 14:37:10 +1200: INFO end download
I, [2013-07-28T14:41:05.115777 #4293]  INFO -- : 2013-07-28 14:41:05 +1200: INFO start download
I, [2013-07-28T14:41:05.778750 #4293]  INFO -- : 2013-07-28 14:41:05 +1200: INFO end download
I, [2013-07-28T14:42:45.496800 #4293]  INFO -- : 2013-07-28 14:42:45 +1200: INFO start download
I, [2013-07-28T14:42:46.034889 #4293]  INFO -- : 2013-07-28 14:42:46 +1200: INFO end download
I, [2013-07-28T14:52:03.050130 #4293]  INFO -- : 2013-07-28 14:52:03 +1200: INFO start download
I, [2013-07-28T14:52:03.653981 #4293]  INFO -- : 2013-07-28 14:52:03 +1200: INFO end download
I, [2013-07-28T14:53:03.702593 #4293]  INFO -- : 2013-07-28 14:53:03 +1200: INFO start download
I, [2013-07-28T14:53:04.368784 #4293]  INFO -- : 2013-07-28 14:53:04 +1200: INFO end download
I, [2013-07-28T14:54:08.198529 #4293]  INFO -- : 2013-07-28 14:54:08 +1200: INFO start download
I, [2013-07-28T14:54:08.795306 #4293]  INFO -- : 2013-07-28 14:54:08 +1200: INFO end download
I, [2013-07-28T15:08:35.559385 #4293]  INFO -- : 2013-07-28 15:08:35 +1200: INFO start download
I, [2013-07-28T15:08:36.054630 #4293]  INFO -- : 2013-07-28 15:08:36 +1200: INFO end download
I, [2013-07-28T15:10:38.403524 #4293]  INFO -- : 2013-07-28 15:10:38 +1200: INFO start download
I, [2013-07-28T15:10:38.936645 #4293]  INFO -- : 2013-07-28 15:10:38 +1200: INFO end download
I, [2013-07-28T15:11:41.898868 #4293]  INFO -- : 2013-07-28 15:11:41 +1200: INFO start download
I, [2013-07-28T15:11:42.414129 #4293]  INFO -- : 2013-07-28 15:11:42 +1200: INFO end download
I, [2013-07-28T15:39:06.691582 #4293]  INFO -- : 2013-07-28 15:39:06 +1200: INFO start download
I, [2013-07-28T15:39:07.283131 #4293]  INFO -- : 2013-07-28 15:39:07 +1200: INFO end download
I, [2013-07-28T15:40:05.574980 #4293]  INFO -- : 2013-07-28 15:40:05 +1200: INFO start download
I, [2013-07-28T15:40:06.110655 #4293]  INFO -- : 2013-07-28 15:40:06 +1200: INFO end download
I, [2013-07-28T15:42:52.796428 #4293]  INFO -- : 2013-07-28 15:42:52 +1200: INFO start download
I, [2013-07-28T15:42:53.307927 #4293]  INFO -- : 2013-07-28 15:42:53 +1200: INFO end download
I, [2013-07-28T15:45:57.020031 #4293]  INFO -- : 2013-07-28 15:45:57 +1200: INFO start download
I, [2013-07-28T15:45:57.580859 #4293]  INFO -- : 2013-07-28 15:45:57 +1200: INFO end download
I, [2013-07-28T16:14:53.157852 #4293]  INFO -- : 2013-07-28 16:14:53 +1200: INFO start download
I, [2013-07-28T16:14:53.875981 #4293]  INFO -- : 2013-07-28 16:14:53 +1200: INFO end download
I, [2013-07-28T16:16:21.767217 #4293]  INFO -- : 2013-07-28 16:16:21 +1200: INFO start download
I, [2013-07-28T16:16:22.301835 #4293]  INFO -- : 2013-07-28 16:16:22 +1200: INFO end download
I, [2013-07-28T16:19:41.055738 #4293]  INFO -- : 2013-07-28 16:19:41 +1200: INFO start download
I, [2013-07-28T16:19:41.673133 #4293]  INFO -- : 2013-07-28 16:19:41 +1200: INFO end download
I, [2013-07-28T16:22:33.573587 #4293]  INFO -- : 2013-07-28 16:22:33 +1200: INFO start download
I, [2013-07-28T16:22:34.055767 #4293]  INFO -- : 2013-07-28 16:22:34 +1200: INFO end download
I, [2013-07-28T16:24:13.720838 #4293]  INFO -- : 2013-07-28 16:24:13 +1200: INFO start download
I, [2013-07-28T16:24:14.297272 #4293]  INFO -- : 2013-07-28 16:24:14 +1200: INFO end download
I, [2013-07-28T16:35:45.171685 #4293]  INFO -- : 2013-07-28 16:35:45 +1200: INFO start download
I, [2013-07-28T16:35:45.713439 #4293]  INFO -- : 2013-07-28 16:35:45 +1200: INFO end download
I, [2013-07-28T16:39:42.594119 #4293]  INFO -- : 2013-07-28 16:39:42 +1200: INFO start download
I, [2013-07-28T16:39:43.348579 #4293]  INFO -- : 2013-07-28 16:39:43 +1200: INFO end download
I, [2013-07-28T18:23:57.456286 #4293]  INFO -- : 2013-07-28 18:23:57 +1200: INFO start download
I, [2013-07-28T18:23:58.070370 #4293]  INFO -- : 2013-07-28 18:23:58 +1200: INFO end download
I, [2013-07-28T18:39:37.606481 #4293]  INFO -- : 2013-07-28 18:39:37 +1200: INFO start download
I, [2013-07-28T18:39:38.159236 #4293]  INFO -- : 2013-07-28 18:39:38 +1200: INFO end download
I, [2013-07-28T18:40:40.535152 #4293]  INFO -- : 2013-07-28 18:40:40 +1200: INFO start download
I, [2013-07-28T18:40:41.157368 #4293]  INFO -- : 2013-07-28 18:40:41 +1200: INFO end download
