# Logfile created on 2013-07-27 17:12:39 +1200 by logger.rb/31641
E, [2013-07-27T17:12:39.656374 #4293] ERROR -- : uncaught throw #<Crack::ParseError: Invalid JSON string> (ArgumentError)
/am/rialto/home1/walkeriain/2013/Honours/Scraper/Scrapers/twitter/TwitterScraper.rb:49:in `throw'
/am/rialto/home1/walkeriain/2013/Honours/Scraper/Scrapers/twitter/TwitterScraper.rb:49:in `rescue in scrape'
/am/rialto/home1/walkeriain/2013/Honours/Scraper/Scrapers/twitter/TwitterScraper.rb:35:in `scrape'
Twitter.rb:64:in `block in scrape_url_list'
Twitter.rb:55:in `each'
Twitter.rb:55:in `scrape_url_list'
Twitter.rb:44:in `block in start_scrape'
Twitter.rb:42:in `each'
Twitter.rb:42:in `start_scrape'
Twitter.rb:26:in `initialize'
Twitter.rb:118:in `new'
Twitter.rb:118:in `start'
Twitter.rb:146:in `<main>'
I, [2013-07-27T17:12:39.656406 #4293]  INFO -- : [#<Nokogiri::XML::Attr:0xb8dbe8 name="href" value="https://twitter.com/justinbieber">]
I, [2013-07-27T17:12:39.656457 #4293]  INFO -- : justinbieber
E, [2013-07-27T17:15:49.328220 #4293] ERROR -- : No such file or directory - fails/k_j_gorman/status/251269579836370944 (Errno::ENOENT)
/am/rialto/home1/walkeriain/2013/Honours/Scraper/Scrapers/twitter/TwitterItem.rb:196:in `initialize'
/am/rialto/home1/walkeriain/2013/Honours/Scraper/Scrapers/twitter/TwitterItem.rb:196:in `open'
/am/rialto/home1/walkeriain/2013/Honours/Scraper/Scrapers/twitter/TwitterItem.rb:196:in `write_to_file'
/am/rialto/home1/walkeriain/2013/Honours/Scraper/Scrapers/twitter/TwitterScraper.rb:48:in `rescue in scrape'
/am/rialto/home1/walkeriain/2013/Honours/Scraper/Scrapers/twitter/TwitterScraper.rb:35:in `scrape'
Twitter.rb:64:in `block in scrape_url_list'
Twitter.rb:55:in `each'
Twitter.rb:55:in `scrape_url_list'
Twitter.rb:44:in `block in start_scrape'
Twitter.rb:42:in `each'
Twitter.rb:42:in `start_scrape'
Twitter.rb:26:in `initialize'
Twitter.rb:118:in `new'
Twitter.rb:118:in `start'
Twitter.rb:146:in `<main>'
I, [2013-07-27T17:15:49.328452 #4293]  INFO -- : [#<Nokogiri::XML::Attr:0xec3114 name="href" value="https://twitter.com/k_j_gorman/status/251269579836370944">]
I, [2013-07-27T17:15:49.328599 #4293]  INFO -- : k_j_gorman/status/251269579836370944
E, [2013-07-27T17:16:45.696045 #4293] ERROR -- : uncaught throw #<Crack::ParseError: Invalid JSON string> (ArgumentError)
/am/rialto/home1/walkeriain/2013/Honours/Scraper/Scrapers/twitter/TwitterScraper.rb:49:in `throw'
/am/rialto/home1/walkeriain/2013/Honours/Scraper/Scrapers/twitter/TwitterScraper.rb:49:in `rescue in scrape'
/am/rialto/home1/walkeriain/2013/Honours/Scraper/Scrapers/twitter/TwitterScraper.rb:35:in `scrape'
Twitter.rb:64:in `block in scrape_url_list'
Twitter.rb:55:in `each'
Twitter.rb:55:in `scrape_url_list'
Twitter.rb:44:in `block in start_scrape'
Twitter.rb:42:in `each'
Twitter.rb:42:in `start_scrape'
Twitter.rb:26:in `initialize'
Twitter.rb:118:in `new'
Twitter.rb:118:in `start'
Twitter.rb:146:in `<main>'
I, [2013-07-27T17:16:45.696208 #4293]  INFO -- : [#<Nokogiri::XML::Attr:0xbd4dcc name="href" value="https://twitter.com/iain">]
I, [2013-07-27T17:16:45.696275 #4293]  INFO -- : iain
E, [2013-07-27T17:17:49.954550 #4293] ERROR -- : uncaught throw #<Crack::ParseError: Invalid JSON string> (ArgumentError)
/am/rialto/home1/walkeriain/2013/Honours/Scraper/Scrapers/twitter/TwitterScraper.rb:49:in `throw'
/am/rialto/home1/walkeriain/2013/Honours/Scraper/Scrapers/twitter/TwitterScraper.rb:49:in `rescue in scrape'
/am/rialto/home1/walkeriain/2013/Honours/Scraper/Scrapers/twitter/TwitterScraper.rb:35:in `scrape'
Twitter.rb:64:in `block in scrape_url_list'
Twitter.rb:55:in `each'
Twitter.rb:55:in `scrape_url_list'
Twitter.rb:44:in `block in start_scrape'
Twitter.rb:42:in `each'
Twitter.rb:42:in `start_scrape'
Twitter.rb:26:in `initialize'
Twitter.rb:118:in `new'
Twitter.rb:118:in `start'
Twitter.rb:146:in `<main>'
I, [2013-07-27T17:17:49.954762 #4293]  INFO -- : [#<Nokogiri::XML::Attr:0xe6a7a8 name="href" value="https://twitter.com/katyperry">]
I, [2013-07-27T17:17:49.954831 #4293]  INFO -- : katyperry
E, [2013-07-27T17:20:11.600779 #4293] ERROR -- : uncaught throw #<Crack::ParseError: Invalid JSON string> (ArgumentError)
/am/rialto/home1/walkeriain/2013/Honours/Scraper/Scrapers/twitter/TwitterScraper.rb:49:in `throw'
/am/rialto/home1/walkeriain/2013/Honours/Scraper/Scrapers/twitter/TwitterScraper.rb:49:in `rescue in scrape'
/am/rialto/home1/walkeriain/2013/Honours/Scraper/Scrapers/twitter/TwitterScraper.rb:35:in `scrape'
Twitter.rb:64:in `block in scrape_url_list'
Twitter.rb:55:in `each'
Twitter.rb:55:in `scrape_url_list'
Twitter.rb:44:in `block in start_scrape'
Twitter.rb:42:in `each'
Twitter.rb:42:in `start_scrape'
Twitter.rb:26:in `initialize'
Twitter.rb:118:in `new'
Twitter.rb:118:in `start'
Twitter.rb:146:in `<main>'
I, [2013-07-27T17:20:11.600949 #4293]  INFO -- : [#<Nokogiri::XML::Attr:0xdc9efc name="href" value="https://twitter.com/ladygaga">]
I, [2013-07-27T17:20:11.601020 #4293]  INFO -- : ladygaga
E, [2013-07-27T19:08:17.045804 #4293] ERROR -- : uncaught throw #<Crack::ParseError: Invalid JSON string> (ArgumentError)
/am/rialto/home1/walkeriain/2013/Honours/Scraper/Scrapers/twitter/TwitterScraper.rb:49:in `throw'
/am/rialto/home1/walkeriain/2013/Honours/Scraper/Scrapers/twitter/TwitterScraper.rb:49:in `rescue in scrape'
/am/rialto/home1/walkeriain/2013/Honours/Scraper/Scrapers/twitter/TwitterScraper.rb:35:in `scrape'
Twitter.rb:64:in `block in scrape_url_list'
Twitter.rb:55:in `each'
Twitter.rb:55:in `scrape_url_list'
Twitter.rb:44:in `block in start_scrape'
Twitter.rb:42:in `each'
Twitter.rb:42:in `start_scrape'
Twitter.rb:26:in `initialize'
Twitter.rb:118:in `new'
Twitter.rb:118:in `start'
Twitter.rb:146:in `<main>'
I, [2013-07-27T19:08:17.046049 #4293]  INFO -- : [#<Nokogiri::XML::Attr:0x14440d4 name="href" value="https://twitter.com/taylorswift13">]
I, [2013-07-27T19:08:17.046182 #4293]  INFO -- : taylorswift13
E, [2013-07-27T19:53:26.325897 #4293] ERROR -- : uncaught throw #<Crack::ParseError: Invalid JSON string> (ArgumentError)
/am/rialto/home1/walkeriain/2013/Honours/Scraper/Scrapers/twitter/TwitterScraper.rb:49:in `throw'
/am/rialto/home1/walkeriain/2013/Honours/Scraper/Scrapers/twitter/TwitterScraper.rb:49:in `rescue in scrape'
/am/rialto/home1/walkeriain/2013/Honours/Scraper/Scrapers/twitter/TwitterScraper.rb:35:in `scrape'
Twitter.rb:64:in `block in scrape_url_list'
Twitter.rb:55:in `each'
Twitter.rb:55:in `scrape_url_list'
Twitter.rb:44:in `block in start_scrape'
Twitter.rb:42:in `each'
Twitter.rb:42:in `start_scrape'
Twitter.rb:26:in `initialize'
Twitter.rb:118:in `new'
Twitter.rb:118:in `start'
Twitter.rb:146:in `<main>'
I, [2013-07-27T19:53:26.326154 #4293]  INFO -- : [#<Nokogiri::XML::Attr:0x1291d68 name="href" value="https://twitter.com/YouTube">]
I, [2013-07-27T19:53:26.326300 #4293]  INFO -- : YouTube
E, [2013-07-27T19:58:08.683022 #4293] ERROR -- : uncaught throw #<Crack::ParseError: Invalid JSON string> (ArgumentError)
/am/rialto/home1/walkeriain/2013/Honours/Scraper/Scrapers/twitter/TwitterScraper.rb:49:in `throw'
/am/rialto/home1/walkeriain/2013/Honours/Scraper/Scrapers/twitter/TwitterScraper.rb:49:in `rescue in scrape'
/am/rialto/home1/walkeriain/2013/Honours/Scraper/Scrapers/twitter/TwitterScraper.rb:35:in `scrape'
Twitter.rb:64:in `block in scrape_url_list'
Twitter.rb:55:in `each'
Twitter.rb:55:in `scrape_url_list'
Twitter.rb:44:in `block in start_scrape'
Twitter.rb:42:in `each'
Twitter.rb:42:in `start_scrape'
Twitter.rb:26:in `initialize'
Twitter.rb:118:in `new'
Twitter.rb:118:in `start'
Twitter.rb:146:in `<main>'
I, [2013-07-27T19:58:08.683403 #4293]  INFO -- : [#<Nokogiri::XML::Attr:0x15d4048 name="href" value="https://twitter.com/rihanna">]
I, [2013-07-27T19:58:08.683466 #4293]  INFO -- : rihanna
E, [2013-07-27T20:02:53.122297 #4293] ERROR -- : uncaught throw #<Crack::ParseError: Invalid JSON string> (ArgumentError)
/am/rialto/home1/walkeriain/2013/Honours/Scraper/Scrapers/twitter/TwitterScraper.rb:49:in `throw'
/am/rialto/home1/walkeriain/2013/Honours/Scraper/Scrapers/twitter/TwitterScraper.rb:49:in `rescue in scrape'
/am/rialto/home1/walkeriain/2013/Honours/Scraper/Scrapers/twitter/TwitterScraper.rb:35:in `scrape'
Twitter.rb:64:in `block in scrape_url_list'
Twitter.rb:55:in `each'
Twitter.rb:55:in `scrape_url_list'
Twitter.rb:44:in `block in start_scrape'
Twitter.rb:42:in `each'
Twitter.rb:42:in `start_scrape'
Twitter.rb:26:in `initialize'
Twitter.rb:118:in `new'
Twitter.rb:118:in `start'
Twitter.rb:146:in `<main>'
I, [2013-07-27T20:02:53.122514 #4293]  INFO -- : [#<Nokogiri::XML::Attr:0x12ca8e8 name="href" value="https://twitter.com/britneyspears">]
I, [2013-07-27T20:02:53.122567 #4293]  INFO -- : britneyspears
E, [2013-07-27T21:31:35.649366 #4293] ERROR -- : uncaught throw #<Crack::ParseError: Invalid JSON string> (ArgumentError)
/am/rialto/home1/walkeriain/2013/Honours/Scraper/Scrapers/twitter/TwitterScraper.rb:49:in `throw'
/am/rialto/home1/walkeriain/2013/Honours/Scraper/Scrapers/twitter/TwitterScraper.rb:49:in `rescue in scrape'
/am/rialto/home1/walkeriain/2013/Honours/Scraper/Scrapers/twitter/TwitterScraper.rb:35:in `scrape'
Twitter.rb:64:in `block in scrape_url_list'
Twitter.rb:55:in `each'
Twitter.rb:55:in `scrape_url_list'
Twitter.rb:44:in `block in start_scrape'
Twitter.rb:42:in `each'
Twitter.rb:42:in `start_scrape'
Twitter.rb:26:in `initialize'
Twitter.rb:118:in `new'
Twitter.rb:118:in `start'
Twitter.rb:146:in `<main>'
I, [2013-07-27T21:31:35.649530 #4293]  INFO -- : [#<Nokogiri::XML::Attr:0x15408d4 name="href" value="https://twitter.com/jtimberlake">]
I, [2013-07-27T21:31:35.649596 #4293]  INFO -- : jtimberlake
E, [2013-07-27T21:32:08.901694 #4293] ERROR -- : Is a directory - fails/ (Errno::EISDIR)
/am/rialto/home1/walkeriain/2013/Honours/Scraper/Scrapers/twitter/TwitterItem.rb:196:in `initialize'
/am/rialto/home1/walkeriain/2013/Honours/Scraper/Scrapers/twitter/TwitterItem.rb:196:in `open'
/am/rialto/home1/walkeriain/2013/Honours/Scraper/Scrapers/twitter/TwitterItem.rb:196:in `write_to_file'
/am/rialto/home1/walkeriain/2013/Honours/Scraper/Scrapers/twitter/TwitterScraper.rb:48:in `rescue in scrape'
/am/rialto/home1/walkeriain/2013/Honours/Scraper/Scrapers/twitter/TwitterScraper.rb:35:in `scrape'
Twitter.rb:64:in `block in scrape_url_list'
Twitter.rb:55:in `each'
Twitter.rb:55:in `scrape_url_list'
Twitter.rb:44:in `block in start_scrape'
Twitter.rb:42:in `each'
Twitter.rb:42:in `start_scrape'
Twitter.rb:26:in `initialize'
Twitter.rb:118:in `new'
Twitter.rb:118:in `start'
Twitter.rb:146:in `<main>'
I, [2013-07-27T21:32:08.901760 #4293]  INFO -- : [#<Nokogiri::XML::Attr:0x146741c name="href" value="https://twitter.com/">]
I, [2013-07-27T21:32:08.901870 #4293]  INFO -- : 
E, [2013-07-27T21:39:10.919514 #4293] ERROR -- : uncaught throw #<Crack::ParseError: Invalid JSON string> (ArgumentError)
/am/rialto/home1/walkeriain/2013/Honours/Scraper/Scrapers/twitter/TwitterScraper.rb:49:in `throw'
/am/rialto/home1/walkeriain/2013/Honours/Scraper/Scrapers/twitter/TwitterScraper.rb:49:in `rescue in scrape'
/am/rialto/home1/walkeriain/2013/Honours/Scraper/Scrapers/twitter/TwitterScraper.rb:35:in `scrape'
Twitter.rb:64:in `block in scrape_url_list'
Twitter.rb:55:in `each'
Twitter.rb:55:in `scrape_url_list'
Twitter.rb:44:in `block in start_scrape'
Twitter.rb:42:in `each'
Twitter.rb:42:in `start_scrape'
Twitter.rb:26:in `initialize'
Twitter.rb:118:in `new'
Twitter.rb:118:in `start'
Twitter.rb:146:in `<main>'
I, [2013-07-27T21:39:10.919843 #4293]  INFO -- : [#<Nokogiri::XML::Attr:0x14145c8 name="href" value="https://twitter.com/shakira">]
I, [2013-07-27T21:39:10.919914 #4293]  INFO -- : shakira
E, [2013-07-27T21:40:10.814052 #4293] ERROR -- : uncaught throw #<Crack::ParseError: Invalid JSON string> (ArgumentError)
/am/rialto/home1/walkeriain/2013/Honours/Scraper/Scrapers/twitter/TwitterScraper.rb:49:in `throw'
/am/rialto/home1/walkeriain/2013/Honours/Scraper/Scrapers/twitter/TwitterScraper.rb:49:in `rescue in scrape'
/am/rialto/home1/walkeriain/2013/Honours/Scraper/Scrapers/twitter/TwitterScraper.rb:35:in `scrape'
Twitter.rb:64:in `block in scrape_url_list'
Twitter.rb:55:in `each'
Twitter.rb:55:in `scrape_url_list'
Twitter.rb:44:in `block in start_scrape'
Twitter.rb:42:in `each'
Twitter.rb:42:in `start_scrape'
Twitter.rb:26:in `initialize'
Twitter.rb:118:in `new'
Twitter.rb:118:in `start'
Twitter.rb:146:in `<main>'
I, [2013-07-27T21:40:10.814221 #4293]  INFO -- : [#<Nokogiri::XML::Attr:0x183740c name="href" value="https://twitter.com/JLo">]
I, [2013-07-27T21:40:10.814284 #4293]  INFO -- : JLo
E, [2013-07-27T21:53:29.998033 #4293] ERROR -- : uncaught throw #<Crack::ParseError: Invalid JSON string> (ArgumentError)
/am/rialto/home1/walkeriain/2013/Honours/Scraper/Scrapers/twitter/TwitterScraper.rb:49:in `throw'
/am/rialto/home1/walkeriain/2013/Honours/Scraper/Scrapers/twitter/TwitterScraper.rb:49:in `rescue in scrape'
/am/rialto/home1/walkeriain/2013/Honours/Scraper/Scrapers/twitter/TwitterScraper.rb:35:in `scrape'
Twitter.rb:64:in `block in scrape_url_list'
Twitter.rb:55:in `each'
Twitter.rb:55:in `scrape_url_list'
Twitter.rb:44:in `block in start_scrape'
Twitter.rb:42:in `each'
Twitter.rb:42:in `start_scrape'
Twitter.rb:26:in `initialize'
Twitter.rb:118:in `new'
Twitter.rb:118:in `start'
Twitter.rb:146:in `<main>'
I, [2013-07-27T21:53:29.998252 #4293]  INFO -- : [#<Nokogiri::XML::Attr:0x121b8d4 name="href" value="https://twitter.com/Oprah">]
I, [2013-07-27T21:53:29.998393 #4293]  INFO -- : Oprah
E, [2013-07-27T22:35:25.881876 #4293] ERROR -- : uncaught throw #<Crack::ParseError: Invalid JSON string> (ArgumentError)
/am/rialto/home1/walkeriain/2013/Honours/Scraper/Scrapers/twitter/TwitterScraper.rb:49:in `throw'
/am/rialto/home1/walkeriain/2013/Honours/Scraper/Scrapers/twitter/TwitterScraper.rb:49:in `rescue in scrape'
/am/rialto/home1/walkeriain/2013/Honours/Scraper/Scrapers/twitter/TwitterScraper.rb:35:in `scrape'
Twitter.rb:64:in `block in scrape_url_list'
Twitter.rb:55:in `each'
Twitter.rb:55:in `scrape_url_list'
Twitter.rb:44:in `block in start_scrape'
Twitter.rb:42:in `each'
Twitter.rb:42:in `start_scrape'
Twitter.rb:26:in `initialize'
Twitter.rb:118:in `new'
Twitter.rb:118:in `start'
Twitter.rb:146:in `<main>'
I, [2013-07-27T22:35:25.882212 #4293]  INFO -- : [#<Nokogiri::XML::Attr:0x1405438 name="href" value="https://twitter.com/KimKardashian">]
I, [2013-07-27T22:35:25.882276 #4293]  INFO -- : KimKardashian
E, [2013-07-27T22:37:03.585565 #4293] ERROR -- : uncaught throw #<Crack::ParseError: Invalid JSON string> (ArgumentError)
/am/rialto/home1/walkeriain/2013/Honours/Scraper/Scrapers/twitter/TwitterScraper.rb:49:in `throw'
/am/rialto/home1/walkeriain/2013/Honours/Scraper/Scrapers/twitter/TwitterScraper.rb:49:in `rescue in scrape'
/am/rialto/home1/walkeriain/2013/Honours/Scraper/Scrapers/twitter/TwitterScraper.rb:35:in `scrape'
Twitter.rb:64:in `block in scrape_url_list'
Twitter.rb:55:in `each'
Twitter.rb:55:in `scrape_url_list'
Twitter.rb:44:in `block in start_scrape'
Twitter.rb:42:in `each'
Twitter.rb:42:in `start_scrape'
Twitter.rb:26:in `initialize'
Twitter.rb:118:in `new'
Twitter.rb:118:in `start'
Twitter.rb:146:in `<main>'
I, [2013-07-27T22:37:03.585893 #4293]  INFO -- : [#<Nokogiri::XML::Attr:0x12ac30c name="href" value="https://twitter.com/Pink">]
I, [2013-07-27T22:37:03.585961 #4293]  INFO -- : Pink
E, [2013-07-27T22:38:04.069222 #4293] ERROR -- : uncaught throw #<Crack::ParseError: Invalid JSON string> (ArgumentError)
/am/rialto/home1/walkeriain/2013/Honours/Scraper/Scrapers/twitter/TwitterScraper.rb:49:in `throw'
/am/rialto/home1/walkeriain/2013/Honours/Scraper/Scrapers/twitter/TwitterScraper.rb:49:in `rescue in scrape'
/am/rialto/home1/walkeriain/2013/Honours/Scraper/Scrapers/twitter/TwitterScraper.rb:35:in `scrape'
Twitter.rb:64:in `block in scrape_url_list'
Twitter.rb:55:in `each'
Twitter.rb:55:in `scrape_url_list'
Twitter.rb:44:in `block in start_scrape'
Twitter.rb:42:in `each'
Twitter.rb:42:in `start_scrape'
Twitter.rb:26:in `initialize'
Twitter.rb:118:in `new'
Twitter.rb:118:in `start'
Twitter.rb:146:in `<main>'
I, [2013-07-27T22:38:04.069449 #4293]  INFO -- : [#<Nokogiri::XML::Attr:0x16eda74 name="href" value="https://twitter.com/NICKIMINAJ">]
I, [2013-07-27T22:38:04.069565 #4293]  INFO -- : NICKIMINAJ
E, [2013-07-27T22:42:13.470390 #4293] ERROR -- : uncaught throw #<Crack::ParseError: Invalid JSON string> (ArgumentError)
/am/rialto/home1/walkeriain/2013/Honours/Scraper/Scrapers/twitter/TwitterScraper.rb:49:in `throw'
/am/rialto/home1/walkeriain/2013/Honours/Scraper/Scrapers/twitter/TwitterScraper.rb:49:in `rescue in scrape'
/am/rialto/home1/walkeriain/2013/Honours/Scraper/Scrapers/twitter/TwitterScraper.rb:35:in `scrape'
Twitter.rb:64:in `block in scrape_url_list'
Twitter.rb:55:in `each'
Twitter.rb:55:in `scrape_url_list'
Twitter.rb:44:in `block in start_scrape'
Twitter.rb:42:in `each'
Twitter.rb:42:in `start_scrape'
Twitter.rb:26:in `initialize'
Twitter.rb:118:in `new'
Twitter.rb:118:in `start'
Twitter.rb:146:in `<main>'
I, [2013-07-27T22:42:13.470721 #4293]  INFO -- : [#<Nokogiri::XML::Attr:0x12abd94 name="href" value="https://twitter.com/BrunoMars">]
I, [2013-07-27T22:42:13.470783 #4293]  INFO -- : BrunoMars
E, [2013-07-27T22:50:59.454548 #4293] ERROR -- : uncaught throw #<Crack::ParseError: Invalid JSON string> (ArgumentError)
/am/rialto/home1/walkeriain/2013/Honours/Scraper/Scrapers/twitter/TwitterScraper.rb:49:in `throw'
/am/rialto/home1/walkeriain/2013/Honours/Scraper/Scrapers/twitter/TwitterScraper.rb:49:in `rescue in scrape'
/am/rialto/home1/walkeriain/2013/Honours/Scraper/Scrapers/twitter/TwitterScraper.rb:35:in `scrape'
Twitter.rb:64:in `block in scrape_url_list'
Twitter.rb:55:in `each'
Twitter.rb:55:in `scrape_url_list'
Twitter.rb:44:in `block in start_scrape'
Twitter.rb:42:in `each'
Twitter.rb:42:in `start_scrape'
Twitter.rb:26:in `initialize'
Twitter.rb:118:in `new'
Twitter.rb:118:in `start'
Twitter.rb:146:in `<main>'
I, [2013-07-27T22:50:59.454885 #4293]  INFO -- : [#<Nokogiri::XML::Attr:0x13a7374 name="href" value="https://twitter.com/KAKA">]
I, [2013-07-27T22:50:59.454947 #4293]  INFO -- : KAKA
E, [2013-07-27T22:52:00.993428 #4293] ERROR -- : uncaught throw #<Crack::ParseError: Invalid JSON string> (ArgumentError)
/am/rialto/home1/walkeriain/2013/Honours/Scraper/Scrapers/twitter/TwitterScraper.rb:49:in `throw'
/am/rialto/home1/walkeriain/2013/Honours/Scraper/Scrapers/twitter/TwitterScraper.rb:49:in `rescue in scrape'
/am/rialto/home1/walkeriain/2013/Honours/Scraper/Scrapers/twitter/TwitterScraper.rb:35:in `scrape'
Twitter.rb:64:in `block in scrape_url_list'
Twitter.rb:55:in `each'
Twitter.rb:55:in `scrape_url_list'
Twitter.rb:44:in `block in start_scrape'
Twitter.rb:42:in `each'
Twitter.rb:42:in `start_scrape'
Twitter.rb:26:in `initialize'
Twitter.rb:118:in `new'
Twitter.rb:118:in `start'
Twitter.rb:146:in `<main>'
I, [2013-07-27T22:52:00.993674 #4293]  INFO -- : [#<Nokogiri::XML::Attr:0xeac8d8 name="href" value="https://twitter.com/ddlovato">]
I, [2013-07-27T22:52:00.993807 #4293]  INFO -- : ddlovato
E, [2013-07-27T22:53:05.199294 #4293] ERROR -- : uncaught throw #<Crack::ParseError: Invalid JSON string> (ArgumentError)
/am/rialto/home1/walkeriain/2013/Honours/Scraper/Scrapers/twitter/TwitterScraper.rb:49:in `throw'
/am/rialto/home1/walkeriain/2013/Honours/Scraper/Scrapers/twitter/TwitterScraper.rb:49:in `rescue in scrape'
/am/rialto/home1/walkeriain/2013/Honours/Scraper/Scrapers/twitter/TwitterScraper.rb:35:in `scrape'
Twitter.rb:64:in `block in scrape_url_list'
Twitter.rb:55:in `each'
Twitter.rb:55:in `scrape_url_list'
Twitter.rb:44:in `block in start_scrape'
Twitter.rb:42:in `each'
Twitter.rb:42:in `start_scrape'
Twitter.rb:26:in `initialize'
Twitter.rb:118:in `new'
Twitter.rb:118:in `start'
Twitter.rb:146:in `<main>'
I, [2013-07-27T22:53:05.199459 #4293]  INFO -- : [#<Nokogiri::XML::Attr:0x156b110 name="href" value="https://twitter.com/selenagomez">]
I, [2013-07-27T22:53:05.199524 #4293]  INFO -- : selenagomez
E, [2013-07-27T22:56:28.978270 #4293] ERROR -- : uncaught throw #<Crack::ParseError: Invalid JSON string> (ArgumentError)
/am/rialto/home1/walkeriain/2013/Honours/Scraper/Scrapers/twitter/TwitterScraper.rb:49:in `throw'
/am/rialto/home1/walkeriain/2013/Honours/Scraper/Scrapers/twitter/TwitterScraper.rb:49:in `rescue in scrape'
/am/rialto/home1/walkeriain/2013/Honours/Scraper/Scrapers/twitter/TwitterScraper.rb:35:in `scrape'
Twitter.rb:64:in `block in scrape_url_list'
Twitter.rb:55:in `each'
Twitter.rb:55:in `scrape_url_list'
Twitter.rb:44:in `block in start_scrape'
Twitter.rb:42:in `each'
Twitter.rb:42:in `start_scrape'
Twitter.rb:26:in `initialize'
Twitter.rb:118:in `new'
Twitter.rb:118:in `start'
Twitter.rb:146:in `<main>'
I, [2013-07-27T22:56:28.978629 #4293]  INFO -- : [#<Nokogiri::XML::Attr:0xf2c6f0 name="href" value="https://twitter.com/aliciakeys">]
I, [2013-07-27T22:56:28.978687 #4293]  INFO -- : aliciakeys
E, [2013-07-27T23:07:24.938596 #4293] ERROR -- : uncaught throw #<Crack::ParseError: Invalid JSON string> (ArgumentError)
/am/rialto/home1/walkeriain/2013/Honours/Scraper/Scrapers/twitter/TwitterScraper.rb:49:in `throw'
/am/rialto/home1/walkeriain/2013/Honours/Scraper/Scrapers/twitter/TwitterScraper.rb:49:in `rescue in scrape'
/am/rialto/home1/walkeriain/2013/Honours/Scraper/Scrapers/twitter/TwitterScraper.rb:35:in `scrape'
Twitter.rb:64:in `block in scrape_url_list'
Twitter.rb:55:in `each'
Twitter.rb:55:in `scrape_url_list'
Twitter.rb:44:in `block in start_scrape'
Twitter.rb:42:in `each'
Twitter.rb:42:in `start_scrape'
Twitter.rb:26:in `initialize'
Twitter.rb:118:in `new'
Twitter.rb:118:in `start'
Twitter.rb:146:in `<main>'
I, [2013-07-27T23:07:24.938968 #4293]  INFO -- : [#<Nokogiri::XML::Attr:0x1246a98 name="href" value="https://twitter.com/aplusk">]
I, [2013-07-27T23:07:24.939027 #4293]  INFO -- : aplusk
E, [2013-07-27T23:18:32.811637 #4293] ERROR -- : uncaught throw #<Crack::ParseError: Invalid JSON string> (ArgumentError)
/am/rialto/home1/walkeriain/2013/Honours/Scraper/Scrapers/twitter/TwitterScraper.rb:49:in `throw'
/am/rialto/home1/walkeriain/2013/Honours/Scraper/Scrapers/twitter/TwitterScraper.rb:49:in `rescue in scrape'
/am/rialto/home1/walkeriain/2013/Honours/Scraper/Scrapers/twitter/TwitterScraper.rb:35:in `scrape'
Twitter.rb:64:in `block in scrape_url_list'
Twitter.rb:55:in `each'
Twitter.rb:55:in `scrape_url_list'
Twitter.rb:44:in `block in start_scrape'
Twitter.rb:42:in `each'
Twitter.rb:42:in `start_scrape'
Twitter.rb:26:in `initialize'
Twitter.rb:118:in `new'
Twitter.rb:118:in `start'
Twitter.rb:146:in `<main>'
I, [2013-07-27T23:18:32.811879 #4293]  INFO -- : [#<Nokogiri::XML::Attr:0xebbb80 name="href" value="https://twitter.com/Harry_Styles">]
I, [2013-07-27T23:18:32.812026 #4293]  INFO -- : Harry_Styles
E, [2013-07-27T23:22:47.697974 #4293] ERROR -- : uncaught throw #<Crack::ParseError: Invalid JSON string> (ArgumentError)
/am/rialto/home1/walkeriain/2013/Honours/Scraper/Scrapers/twitter/TwitterScraper.rb:49:in `throw'
/am/rialto/home1/walkeriain/2013/Honours/Scraper/Scrapers/twitter/TwitterScraper.rb:49:in `rescue in scrape'
/am/rialto/home1/walkeriain/2013/Honours/Scraper/Scrapers/twitter/TwitterScraper.rb:35:in `scrape'
Twitter.rb:64:in `block in scrape_url_list'
Twitter.rb:55:in `each'
Twitter.rb:55:in `scrape_url_list'
Twitter.rb:44:in `block in start_scrape'
Twitter.rb:42:in `each'
Twitter.rb:42:in `start_scrape'
Twitter.rb:26:in `initialize'
Twitter.rb:118:in `new'
Twitter.rb:118:in `start'
Twitter.rb:146:in `<main>'
I, [2013-07-27T23:22:47.698171 #4293]  INFO -- : [#<Nokogiri::XML::Attr:0x16018e0 name="href" value="https://twitter.com/onedirection">]
I, [2013-07-27T23:22:47.698233 #4293]  INFO -- : onedirection
E, [2013-07-27T23:23:47.498719 #4293] ERROR -- : uncaught throw #<Crack::ParseError: Invalid JSON string> (ArgumentError)
/am/rialto/home1/walkeriain/2013/Honours/Scraper/Scrapers/twitter/TwitterScraper.rb:49:in `throw'
/am/rialto/home1/walkeriain/2013/Honours/Scraper/Scrapers/twitter/TwitterScraper.rb:49:in `rescue in scrape'
/am/rialto/home1/walkeriain/2013/Honours/Scraper/Scrapers/twitter/TwitterScraper.rb:35:in `scrape'
Twitter.rb:64:in `block in scrape_url_list'
Twitter.rb:55:in `each'
Twitter.rb:55:in `scrape_url_list'
Twitter.rb:44:in `block in start_scrape'
Twitter.rb:42:in `each'
Twitter.rb:42:in `start_scrape'
Twitter.rb:26:in `initialize'
Twitter.rb:118:in `new'
Twitter.rb:118:in `start'
Twitter.rb:146:in `<main>'
I, [2013-07-27T23:23:47.498881 #4293]  INFO -- : [#<Nokogiri::XML::Attr:0x15d2dc4 name="href" value="https://twitter.com/MileyCyrus">]
I, [2013-07-27T23:23:47.498950 #4293]  INFO -- : MileyCyrus
E, [2013-07-27T23:26:31.755816 #4293] ERROR -- : uncaught throw #<Crack::ParseError: Invalid JSON string> (ArgumentError)
/am/rialto/home1/walkeriain/2013/Honours/Scraper/Scrapers/twitter/TwitterScraper.rb:49:in `throw'
/am/rialto/home1/walkeriain/2013/Honours/Scraper/Scrapers/twitter/TwitterScraper.rb:49:in `rescue in scrape'
/am/rialto/home1/walkeriain/2013/Honours/Scraper/Scrapers/twitter/TwitterScraper.rb:35:in `scrape'
Twitter.rb:64:in `block in scrape_url_list'
Twitter.rb:55:in `each'
Twitter.rb:55:in `scrape_url_list'
Twitter.rb:44:in `block in start_scrape'
Twitter.rb:42:in `each'
Twitter.rb:42:in `start_scrape'
Twitter.rb:26:in `initialize'
Twitter.rb:118:in `new'
Twitter.rb:118:in `start'
Twitter.rb:146:in `<main>'
I, [2013-07-27T23:26:31.755979 #4293]  INFO -- : [#<Nokogiri::XML::Attr:0xed3578 name="href" value="https://twitter.com/chrisbrown">]
I, [2013-07-27T23:26:31.756046 #4293]  INFO -- : chrisbrown
E, [2013-07-27T23:28:05.187774 #4293] ERROR -- : uncaught throw #<Crack::ParseError: Invalid JSON string> (ArgumentError)
/am/rialto/home1/walkeriain/2013/Honours/Scraper/Scrapers/twitter/TwitterScraper.rb:49:in `throw'
/am/rialto/home1/walkeriain/2013/Honours/Scraper/Scrapers/twitter/TwitterScraper.rb:49:in `rescue in scrape'
/am/rialto/home1/walkeriain/2013/Honours/Scraper/Scrapers/twitter/TwitterScraper.rb:35:in `scrape'
Twitter.rb:64:in `block in scrape_url_list'
Twitter.rb:55:in `each'
Twitter.rb:55:in `scrape_url_list'
Twitter.rb:44:in `block in start_scrape'
Twitter.rb:42:in `each'
Twitter.rb:42:in `start_scrape'
Twitter.rb:26:in `initialize'
Twitter.rb:118:in `new'
Twitter.rb:118:in `start'
Twitter.rb:146:in `<main>'
I, [2013-07-27T23:28:05.188113 #4293]  INFO -- : [#<Nokogiri::XML::Attr:0x17f18f8 name="href" value="https://twitter.com/Pitbull">]
I, [2013-07-27T23:28:05.188173 #4293]  INFO -- : Pitbull
E, [2013-07-27T23:29:12.004072 #4293] ERROR -- : uncaught throw #<Crack::ParseError: Invalid JSON string> (ArgumentError)
/am/rialto/home1/walkeriain/2013/Honours/Scraper/Scrapers/twitter/TwitterScraper.rb:49:in `throw'
/am/rialto/home1/walkeriain/2013/Honours/Scraper/Scrapers/twitter/TwitterScraper.rb:49:in `rescue in scrape'
/am/rialto/home1/walkeriain/2013/Honours/Scraper/Scrapers/twitter/TwitterScraper.rb:35:in `scrape'
Twitter.rb:64:in `block in scrape_url_list'
Twitter.rb:55:in `each'
Twitter.rb:55:in `scrape_url_list'
Twitter.rb:44:in `block in start_scrape'
Twitter.rb:42:in `each'
Twitter.rb:42:in `start_scrape'
Twitter.rb:26:in `initialize'
Twitter.rb:118:in `new'
Twitter.rb:118:in `start'
Twitter.rb:146:in `<main>'
I, [2013-07-27T23:29:12.004284 #4293]  INFO -- : [#<Nokogiri::XML::Attr:0x1497b6c name="href" value="https://twitter.com/NiallOfficial">]
I, [2013-07-27T23:29:12.004348 #4293]  INFO -- : NiallOfficial
E, [2013-07-27T23:32:10.546231 #4293] ERROR -- : uncaught throw #<Crack::ParseError: Invalid JSON string> (ArgumentError)
/am/rialto/home1/walkeriain/2013/Honours/Scraper/Scrapers/twitter/TwitterScraper.rb:49:in `throw'
/am/rialto/home1/walkeriain/2013/Honours/Scraper/Scrapers/twitter/TwitterScraper.rb:49:in `rescue in scrape'
/am/rialto/home1/walkeriain/2013/Honours/Scraper/Scrapers/twitter/TwitterScraper.rb:35:in `scrape'
Twitter.rb:64:in `block in scrape_url_list'
Twitter.rb:55:in `each'
Twitter.rb:55:in `scrape_url_list'
Twitter.rb:44:in `block in start_scrape'
Twitter.rb:42:in `each'
Twitter.rb:42:in `start_scrape'
Twitter.rb:26:in `initialize'
Twitter.rb:118:in `new'
Twitter.rb:118:in `start'
Twitter.rb:146:in `<main>'
I, [2013-07-27T23:32:10.546409 #4293]  INFO -- : [#<Nokogiri::XML::Attr:0x17191ec name="href" value="https://twitter.com/LilTunechi">]
I, [2013-07-27T23:32:10.546474 #4293]  INFO -- : LilTunechi
E, [2013-07-28T01:21:11.354599 #4293] ERROR -- : uncaught throw #<Crack::ParseError: Invalid JSON string> (ArgumentError)
/am/rialto/home1/walkeriain/2013/Honours/Scraper/Scrapers/twitter/TwitterScraper.rb:49:in `throw'
/am/rialto/home1/walkeriain/2013/Honours/Scraper/Scrapers/twitter/TwitterScraper.rb:49:in `rescue in scrape'
/am/rialto/home1/walkeriain/2013/Honours/Scraper/Scrapers/twitter/TwitterScraper.rb:35:in `scrape'
Twitter.rb:64:in `block in scrape_url_list'
Twitter.rb:55:in `each'
Twitter.rb:55:in `scrape_url_list'
Twitter.rb:44:in `block in start_scrape'
Twitter.rb:42:in `each'
Twitter.rb:42:in `start_scrape'
Twitter.rb:26:in `initialize'
Twitter.rb:118:in `new'
Twitter.rb:118:in `start'
Twitter.rb:146:in `<main>'
I, [2013-07-28T01:21:11.354841 #4293]  INFO -- : [#<Nokogiri::XML::Attr:0xff7314 name="href" value="https://twitter.com/BillGates">]
I, [2013-07-28T01:21:11.354989 #4293]  INFO -- : BillGates
E, [2013-07-28T01:23:32.908617 #4293] ERROR -- : uncaught throw #<Crack::ParseError: Invalid JSON string> (ArgumentError)
/am/rialto/home1/walkeriain/2013/Honours/Scraper/Scrapers/twitter/TwitterScraper.rb:49:in `throw'
/am/rialto/home1/walkeriain/2013/Honours/Scraper/Scrapers/twitter/TwitterScraper.rb:49:in `rescue in scrape'
/am/rialto/home1/walkeriain/2013/Honours/Scraper/Scrapers/twitter/TwitterScraper.rb:35:in `scrape'
Twitter.rb:64:in `block in scrape_url_list'
Twitter.rb:55:in `each'
Twitter.rb:55:in `scrape_url_list'
Twitter.rb:44:in `block in start_scrape'
Twitter.rb:42:in `each'
Twitter.rb:42:in `start_scrape'
Twitter.rb:26:in `initialize'
Twitter.rb:118:in `new'
Twitter.rb:118:in `start'
Twitter.rb:146:in `<main>'
I, [2013-07-28T01:23:32.908857 #4293]  INFO -- : [#<Nokogiri::XML::Attr:0x1709698 name="href" value="https://twitter.com/MariahCarey">]
I, [2013-07-28T01:23:32.908959 #4293]  INFO -- : MariahCarey
E, [2013-07-28T01:26:23.395850 #4293] ERROR -- : uncaught throw #<Crack::ParseError: Invalid JSON string> (ArgumentError)
/am/rialto/home1/walkeriain/2013/Honours/Scraper/Scrapers/twitter/TwitterScraper.rb:49:in `throw'
/am/rialto/home1/walkeriain/2013/Honours/Scraper/Scrapers/twitter/TwitterScraper.rb:49:in `rescue in scrape'
/am/rialto/home1/walkeriain/2013/Honours/Scraper/Scrapers/twitter/TwitterScraper.rb:35:in `scrape'
Twitter.rb:64:in `block in scrape_url_list'
Twitter.rb:55:in `each'
Twitter.rb:55:in `scrape_url_list'
Twitter.rb:44:in `block in start_scrape'
Twitter.rb:42:in `each'
Twitter.rb:42:in `start_scrape'
Twitter.rb:26:in `initialize'
Twitter.rb:118:in `new'
Twitter.rb:118:in `start'
Twitter.rb:146:in `<main>'
I, [2013-07-28T01:26:23.396189 #4293]  INFO -- : [#<Nokogiri::XML::Attr:0x16739a4 name="href" value="https://twitter.com/AvrilLavigne">]
I, [2013-07-28T01:26:23.396256 #4293]  INFO -- : AvrilLavigne
E, [2013-07-28T01:28:44.813995 #4293] ERROR -- : uncaught throw #<Crack::ParseError: Invalid JSON string> (ArgumentError)
/am/rialto/home1/walkeriain/2013/Honours/Scraper/Scrapers/twitter/TwitterScraper.rb:49:in `throw'
/am/rialto/home1/walkeriain/2013/Honours/Scraper/Scrapers/twitter/TwitterScraper.rb:49:in `rescue in scrape'
/am/rialto/home1/walkeriain/2013/Honours/Scraper/Scrapers/twitter/TwitterScraper.rb:35:in `scrape'
Twitter.rb:64:in `block in scrape_url_list'
Twitter.rb:55:in `each'
Twitter.rb:55:in `scrape_url_list'
Twitter.rb:44:in `block in start_scrape'
Twitter.rb:42:in `each'
Twitter.rb:42:in `start_scrape'
Twitter.rb:26:in `initialize'
Twitter.rb:118:in `new'
Twitter.rb:118:in `start'
Twitter.rb:146:in `<main>'
I, [2013-07-28T01:28:44.814264 #4293]  INFO -- : [#<Nokogiri::XML::Attr:0x17ea760 name="href" value="https://twitter.com/Real_Liam_Payne">]
I, [2013-07-28T01:28:44.814435 #4293]  INFO -- : Real_Liam_Payne
E, [2013-07-28T01:45:40.249499 #4293] ERROR -- : uncaught throw #<Crack::ParseError: Invalid JSON string> (ArgumentError)
/am/rialto/home1/walkeriain/2013/Honours/Scraper/Scrapers/twitter/TwitterScraper.rb:49:in `throw'
/am/rialto/home1/walkeriain/2013/Honours/Scraper/Scrapers/twitter/TwitterScraper.rb:49:in `rescue in scrape'
/am/rialto/home1/walkeriain/2013/Honours/Scraper/Scrapers/twitter/TwitterScraper.rb:35:in `scrape'
Twitter.rb:64:in `block in scrape_url_list'
Twitter.rb:55:in `each'
Twitter.rb:55:in `scrape_url_list'
Twitter.rb:44:in `block in start_scrape'
Twitter.rb:42:in `each'
Twitter.rb:42:in `start_scrape'
Twitter.rb:26:in `initialize'
Twitter.rb:118:in `new'
Twitter.rb:118:in `start'
Twitter.rb:146:in `<main>'
I, [2013-07-28T01:45:40.249742 #4293]  INFO -- : [#<Nokogiri::XML::Attr:0xb8d314 name="href" value="https://twitter.com/Louis_Tomlinson">]
I, [2013-07-28T01:45:40.249879 #4293]  INFO -- : Louis_Tomlinson
E, [2013-07-28T01:46:43.510394 #4293] ERROR -- : uncaught throw #<Crack::ParseError: Invalid JSON string> (ArgumentError)
/am/rialto/home1/walkeriain/2013/Honours/Scraper/Scrapers/twitter/TwitterScraper.rb:49:in `throw'
/am/rialto/home1/walkeriain/2013/Honours/Scraper/Scrapers/twitter/TwitterScraper.rb:49:in `rescue in scrape'
/am/rialto/home1/walkeriain/2013/Honours/Scraper/Scrapers/twitter/TwitterScraper.rb:35:in `scrape'
Twitter.rb:64:in `block in scrape_url_list'
Twitter.rb:55:in `each'
Twitter.rb:55:in `scrape_url_list'
Twitter.rb:44:in `block in start_scrape'
Twitter.rb:42:in `each'
Twitter.rb:42:in `start_scrape'
Twitter.rb:26:in `initialize'
Twitter.rb:118:in `new'
Twitter.rb:118:in `start'
Twitter.rb:146:in `<main>'
I, [2013-07-28T01:46:43.510598 #4293]  INFO -- : [#<Nokogiri::XML::Attr:0x12fc2a8 name="href" value="https://twitter.com/Drake">]
I, [2013-07-28T01:46:43.510662 #4293]  INFO -- : Drake
E, [2013-07-28T01:47:43.942707 #4293] ERROR -- : uncaught throw #<Crack::ParseError: Invalid JSON string> (ArgumentError)
/am/rialto/home1/walkeriain/2013/Honours/Scraper/Scrapers/twitter/TwitterScraper.rb:49:in `throw'
/am/rialto/home1/walkeriain/2013/Honours/Scraper/Scrapers/twitter/TwitterScraper.rb:49:in `rescue in scrape'
/am/rialto/home1/walkeriain/2013/Honours/Scraper/Scrapers/twitter/TwitterScraper.rb:35:in `scrape'
Twitter.rb:64:in `block in scrape_url_list'
Twitter.rb:55:in `each'
Twitter.rb:55:in `scrape_url_list'
Twitter.rb:44:in `block in start_scrape'
Twitter.rb:42:in `each'
Twitter.rb:42:in `start_scrape'
Twitter.rb:26:in `initialize'
Twitter.rb:118:in `new'
Twitter.rb:118:in `start'
Twitter.rb:146:in `<main>'
I, [2013-07-28T01:47:43.942870 #4293]  INFO -- : [#<Nokogiri::XML::Attr:0x168eefc name="href" value="https://twitter.com/ParisHilton">]
I, [2013-07-28T01:47:43.942938 #4293]  INFO -- : ParisHilton
E, [2013-07-28T01:54:51.634724 #4293] ERROR -- : uncaught throw #<Crack::ParseError: Invalid JSON string> (ArgumentError)
/am/rialto/home1/walkeriain/2013/Honours/Scraper/Scrapers/twitter/TwitterScraper.rb:49:in `throw'
/am/rialto/home1/walkeriain/2013/Honours/Scraper/Scrapers/twitter/TwitterScraper.rb:49:in `rescue in scrape'
/am/rialto/home1/walkeriain/2013/Honours/Scraper/Scrapers/twitter/TwitterScraper.rb:35:in `scrape'
Twitter.rb:64:in `block in scrape_url_list'
Twitter.rb:55:in `each'
Twitter.rb:55:in `scrape_url_list'
Twitter.rb:44:in `block in start_scrape'
Twitter.rb:42:in `each'
Twitter.rb:42:in `start_scrape'
Twitter.rb:26:in `initialize'
Twitter.rb:118:in `new'
Twitter.rb:118:in `start'
Twitter.rb:146:in `<main>'
I, [2013-07-28T01:54:51.635004 #4293]  INFO -- : [#<Nokogiri::XML::Attr:0x17f58f4 name="href" value="https://twitter.com/davidguetta">]
I, [2013-07-28T01:54:51.635163 #4293]  INFO -- : davidguetta
E, [2013-07-28T02:01:06.734207 #4293] ERROR -- : uncaught throw #<Crack::ParseError: Invalid JSON string> (ArgumentError)
/am/rialto/home1/walkeriain/2013/Honours/Scraper/Scrapers/twitter/TwitterScraper.rb:49:in `throw'
/am/rialto/home1/walkeriain/2013/Honours/Scraper/Scrapers/twitter/TwitterScraper.rb:49:in `rescue in scrape'
/am/rialto/home1/walkeriain/2013/Honours/Scraper/Scrapers/twitter/TwitterScraper.rb:35:in `scrape'
Twitter.rb:64:in `block in scrape_url_list'
Twitter.rb:55:in `each'
Twitter.rb:55:in `scrape_url_list'
Twitter.rb:44:in `block in start_scrape'
Twitter.rb:42:in `each'
Twitter.rb:42:in `start_scrape'
Twitter.rb:26:in `initialize'
Twitter.rb:118:in `new'
Twitter.rb:118:in `start'
Twitter.rb:146:in `<main>'
I, [2013-07-28T02:01:06.734510 #4293]  INFO -- : [#<Nokogiri::XML::Attr:0x1529774 name="href" value="https://twitter.com/JimCarrey">]
I, [2013-07-28T02:01:06.734581 #4293]  INFO -- : JimCarrey
E, [2013-07-28T02:02:10.460753 #4293] ERROR -- : uncaught throw #<Crack::ParseError: Invalid JSON string> (ArgumentError)
/am/rialto/home1/walkeriain/2013/Honours/Scraper/Scrapers/twitter/TwitterScraper.rb:49:in `throw'
/am/rialto/home1/walkeriain/2013/Honours/Scraper/Scrapers/twitter/TwitterScraper.rb:49:in `rescue in scrape'
/am/rialto/home1/walkeriain/2013/Honours/Scraper/Scrapers/twitter/TwitterScraper.rb:35:in `scrape'
Twitter.rb:64:in `block in scrape_url_list'
Twitter.rb:55:in `each'
Twitter.rb:55:in `scrape_url_list'
Twitter.rb:44:in `block in start_scrape'
Twitter.rb:42:in `each'
Twitter.rb:42:in `start_scrape'
Twitter.rb:26:in `initialize'
Twitter.rb:118:in `new'
Twitter.rb:118:in `start'
Twitter.rb:146:in `<main>'
I, [2013-07-28T02:02:10.460948 #4293]  INFO -- : [#<Nokogiri::XML::Attr:0xde466c name="href" value="https://twitter.com/wizkhalifa">]
I, [2013-07-28T02:02:10.461007 #4293]  INFO -- : wizkhalifa
E, [2013-07-28T02:05:27.758010 #4293] ERROR -- : uncaught throw #<Crack::ParseError: Invalid JSON string> (ArgumentError)
/am/rialto/home1/walkeriain/2013/Honours/Scraper/Scrapers/twitter/TwitterScraper.rb:49:in `throw'
/am/rialto/home1/walkeriain/2013/Honours/Scraper/Scrapers/twitter/TwitterScraper.rb:49:in `rescue in scrape'
/am/rialto/home1/walkeriain/2013/Honours/Scraper/Scrapers/twitter/TwitterScraper.rb:35:in `scrape'
Twitter.rb:64:in `block in scrape_url_list'
Twitter.rb:55:in `each'
Twitter.rb:55:in `scrape_url_list'
Twitter.rb:44:in `block in start_scrape'
Twitter.rb:42:in `each'
Twitter.rb:42:in `start_scrape'
Twitter.rb:26:in `initialize'
Twitter.rb:118:in `new'
Twitter.rb:118:in `start'
Twitter.rb:146:in `<main>'
I, [2013-07-28T02:05:27.758211 #4293]  INFO -- : [#<Nokogiri::XML::Attr:0x14e2680 name="href" value="https://twitter.com/SnoopDogg">]
I, [2013-07-28T02:05:27.758276 #4293]  INFO -- : SnoopDogg
E, [2013-07-28T02:07:39.503327 #4293] ERROR -- : uncaught throw #<Crack::ParseError: Invalid JSON string> (ArgumentError)
/am/rialto/home1/walkeriain/2013/Honours/Scraper/Scrapers/twitter/TwitterScraper.rb:49:in `throw'
/am/rialto/home1/walkeriain/2013/Honours/Scraper/Scrapers/twitter/TwitterScraper.rb:49:in `rescue in scrape'
/am/rialto/home1/walkeriain/2013/Honours/Scraper/Scrapers/twitter/TwitterScraper.rb:35:in `scrape'
Twitter.rb:64:in `block in scrape_url_list'
Twitter.rb:55:in `each'
Twitter.rb:55:in `scrape_url_list'
Twitter.rb:44:in `block in start_scrape'
Twitter.rb:42:in `each'
Twitter.rb:42:in `start_scrape'
Twitter.rb:26:in `initialize'
Twitter.rb:118:in `new'
Twitter.rb:118:in `start'
Twitter.rb:146:in `<main>'
I, [2013-07-28T02:07:39.503575 #4293]  INFO -- : [#<Nokogiri::XML::Attr:0xf31470 name="href" value="https://twitter.com/RyanSeacrest">]
I, [2013-07-28T02:07:39.503691 #4293]  INFO -- : RyanSeacrest
E, [2013-07-28T05:02:58.323974 #4293] ERROR -- : uncaught throw #<Crack::ParseError: Invalid JSON string> (ArgumentError)
/am/rialto/home1/walkeriain/2013/Honours/Scraper/Scrapers/twitter/TwitterScraper.rb:49:in `throw'
/am/rialto/home1/walkeriain/2013/Honours/Scraper/Scrapers/twitter/TwitterScraper.rb:49:in `rescue in scrape'
/am/rialto/home1/walkeriain/2013/Honours/Scraper/Scrapers/twitter/TwitterScraper.rb:35:in `scrape'
Twitter.rb:64:in `block in scrape_url_list'
Twitter.rb:55:in `each'
Twitter.rb:55:in `scrape_url_list'
Twitter.rb:44:in `block in start_scrape'
Twitter.rb:42:in `each'
Twitter.rb:42:in `start_scrape'
Twitter.rb:26:in `initialize'
Twitter.rb:118:in `new'
Twitter.rb:118:in `start'
Twitter.rb:146:in `<main>'
I, [2013-07-28T05:02:58.324197 #4293]  INFO -- : [#<Nokogiri::XML::Attr:0xf2cf74 name="href" value="https://twitter.com/ashleytisdale">]
I, [2013-07-28T05:02:58.324356 #4293]  INFO -- : ashleytisdale
E, [2013-07-28T05:39:06.919345 #4293] ERROR -- : uncaught throw #<Crack::ParseError: Invalid JSON string> (ArgumentError)
/am/rialto/home1/walkeriain/2013/Honours/Scraper/Scrapers/twitter/TwitterScraper.rb:49:in `throw'
/am/rialto/home1/walkeriain/2013/Honours/Scraper/Scrapers/twitter/TwitterScraper.rb:49:in `rescue in scrape'
/am/rialto/home1/walkeriain/2013/Honours/Scraper/Scrapers/twitter/TwitterScraper.rb:35:in `scrape'
Twitter.rb:64:in `block in scrape_url_list'
Twitter.rb:55:in `each'
Twitter.rb:55:in `scrape_url_list'
Twitter.rb:44:in `block in start_scrape'
Twitter.rb:42:in `each'
Twitter.rb:42:in `start_scrape'
Twitter.rb:26:in `initialize'
Twitter.rb:118:in `new'
Twitter.rb:118:in `start'
Twitter.rb:146:in `<main>'
I, [2013-07-28T05:39:06.919588 #4293]  INFO -- : [#<Nokogiri::XML::Attr:0xb07f98 name="href" value="https://twitter.com/tyrabanks">]
I, [2013-07-28T05:39:06.919705 #4293]  INFO -- : tyrabanks
E, [2013-07-28T05:50:50.170202 #4293] ERROR -- : uncaught throw #<Crack::ParseError: Invalid JSON string> (ArgumentError)
/am/rialto/home1/walkeriain/2013/Honours/Scraper/Scrapers/twitter/TwitterScraper.rb:49:in `throw'
/am/rialto/home1/walkeriain/2013/Honours/Scraper/Scrapers/twitter/TwitterScraper.rb:49:in `rescue in scrape'
/am/rialto/home1/walkeriain/2013/Honours/Scraper/Scrapers/twitter/TwitterScraper.rb:35:in `scrape'
Twitter.rb:64:in `block in scrape_url_list'
Twitter.rb:55:in `each'
Twitter.rb:55:in `scrape_url_list'
Twitter.rb:44:in `block in start_scrape'
Twitter.rb:42:in `each'
Twitter.rb:42:in `start_scrape'
Twitter.rb:26:in `initialize'
Twitter.rb:118:in `new'
Twitter.rb:118:in `start'
Twitter.rb:146:in `<main>'
I, [2013-07-28T05:50:50.170465 #4293]  INFO -- : [#<Nokogiri::XML::Attr:0xae770c name="href" value="https://twitter.com/AlejandroSanz">]
I, [2013-07-28T05:50:50.170605 #4293]  INFO -- : AlejandroSanz
E, [2013-07-28T05:52:31.782636 #4293] ERROR -- : uncaught throw #<Crack::ParseError: Invalid JSON string> (ArgumentError)
/am/rialto/home1/walkeriain/2013/Honours/Scraper/Scrapers/twitter/TwitterScraper.rb:49:in `throw'
/am/rialto/home1/walkeriain/2013/Honours/Scraper/Scrapers/twitter/TwitterScraper.rb:49:in `rescue in scrape'
/am/rialto/home1/walkeriain/2013/Honours/Scraper/Scrapers/twitter/TwitterScraper.rb:35:in `scrape'
Twitter.rb:64:in `block in scrape_url_list'
Twitter.rb:55:in `each'
Twitter.rb:55:in `scrape_url_list'
Twitter.rb:44:in `block in start_scrape'
Twitter.rb:42:in `each'
Twitter.rb:42:in `start_scrape'
Twitter.rb:26:in `initialize'
Twitter.rb:118:in `new'
Twitter.rb:118:in `start'
Twitter.rb:146:in `<main>'
I, [2013-07-28T05:52:31.782840 #4293]  INFO -- : [#<Nokogiri::XML::Attr:0x185f40c name="href" value="https://twitter.com/charliesheen">]
I, [2013-07-28T05:52:31.782904 #4293]  INFO -- : charliesheen
E, [2013-07-28T06:02:26.074416 #4293] ERROR -- : uncaught throw #<Crack::ParseError: Invalid JSON string> (ArgumentError)
/am/rialto/home1/walkeriain/2013/Honours/Scraper/Scrapers/twitter/TwitterScraper.rb:49:in `throw'
/am/rialto/home1/walkeriain/2013/Honours/Scraper/Scrapers/twitter/TwitterScraper.rb:49:in `rescue in scrape'
/am/rialto/home1/walkeriain/2013/Honours/Scraper/Scrapers/twitter/TwitterScraper.rb:35:in `scrape'
Twitter.rb:64:in `block in scrape_url_list'
Twitter.rb:55:in `each'
Twitter.rb:55:in `scrape_url_list'
Twitter.rb:44:in `block in start_scrape'
Twitter.rb:42:in `each'
Twitter.rb:42:in `start_scrape'
Twitter.rb:26:in `initialize'
Twitter.rb:118:in `new'
Twitter.rb:118:in `start'
Twitter.rb:146:in `<main>'
I, [2013-07-28T06:02:26.074609 #4293]  INFO -- : [#<Nokogiri::XML::Attr:0xe7d074 name="href" value="https://twitter.com/zaynmalik">]
I, [2013-07-28T06:02:26.074672 #4293]  INFO -- : zaynmalik
E, [2013-07-28T09:51:20.563545 #4293] ERROR -- : uncaught throw #<Crack::ParseError: Invalid JSON string> (ArgumentError)
/am/rialto/home1/walkeriain/2013/Honours/Scraper/Scrapers/twitter/TwitterScraper.rb:49:in `throw'
/am/rialto/home1/walkeriain/2013/Honours/Scraper/Scrapers/twitter/TwitterScraper.rb:49:in `rescue in scrape'
/am/rialto/home1/walkeriain/2013/Honours/Scraper/Scrapers/twitter/TwitterScraper.rb:35:in `scrape'
Twitter.rb:64:in `block in scrape_url_list'
Twitter.rb:55:in `each'
Twitter.rb:55:in `scrape_url_list'
Twitter.rb:44:in `block in start_scrape'
Twitter.rb:42:in `each'
Twitter.rb:42:in `start_scrape'
Twitter.rb:26:in `initialize'
Twitter.rb:118:in `new'
Twitter.rb:118:in `start'
Twitter.rb:146:in `<main>'
I, [2013-07-28T09:51:20.563773 #4293]  INFO -- : [#<Nokogiri::XML::Attr:0x14e48cc name="href" value="https://twitter.com/jimmyfallon">]
I, [2013-07-28T09:51:20.563917 #4293]  INFO -- : jimmyfallon
E, [2013-07-28T09:53:40.941853 #4293] ERROR -- : uncaught throw #<Crack::ParseError: Invalid JSON string> (ArgumentError)
/am/rialto/home1/walkeriain/2013/Honours/Scraper/Scrapers/twitter/TwitterScraper.rb:49:in `throw'
/am/rialto/home1/walkeriain/2013/Honours/Scraper/Scrapers/twitter/TwitterScraper.rb:49:in `rescue in scrape'
/am/rialto/home1/walkeriain/2013/Honours/Scraper/Scrapers/twitter/TwitterScraper.rb:35:in `scrape'
Twitter.rb:64:in `block in scrape_url_list'
Twitter.rb:55:in `each'
Twitter.rb:55:in `scrape_url_list'
Twitter.rb:44:in `block in start_scrape'
Twitter.rb:42:in `each'
Twitter.rb:42:in `start_scrape'
Twitter.rb:26:in `initialize'
Twitter.rb:118:in `new'
Twitter.rb:118:in `start'
Twitter.rb:146:in `<main>'
I, [2013-07-28T09:53:40.942053 #4293]  INFO -- : [#<Nokogiri::XML::Attr:0x1247510 name="href" value="https://twitter.com/KingJames">]
I, [2013-07-28T09:53:40.942167 #4293]  INFO -- : KingJames
E, [2013-07-28T10:00:10.859578 #4293] ERROR -- : uncaught throw #<Crack::ParseError: Invalid JSON string> (ArgumentError)
/am/rialto/home1/walkeriain/2013/Honours/Scraper/Scrapers/twitter/TwitterScraper.rb:49:in `throw'
/am/rialto/home1/walkeriain/2013/Honours/Scraper/Scrapers/twitter/TwitterScraper.rb:49:in `rescue in scrape'
/am/rialto/home1/walkeriain/2013/Honours/Scraper/Scrapers/twitter/TwitterScraper.rb:35:in `scrape'
Twitter.rb:64:in `block in scrape_url_list'
Twitter.rb:55:in `each'
Twitter.rb:55:in `scrape_url_list'
Twitter.rb:44:in `block in start_scrape'
Twitter.rb:42:in `each'
Twitter.rb:42:in `start_scrape'
Twitter.rb:26:in `initialize'
Twitter.rb:118:in `new'
Twitter.rb:118:in `start'
Twitter.rb:146:in `<main>'
I, [2013-07-28T10:00:10.859799 #4293]  INFO -- : [#<Nokogiri::XML::Attr:0x1738a10 name="href" value="https://twitter.com/KourtneyKardash">]
I, [2013-07-28T10:00:10.859864 #4293]  INFO -- : KourtneyKardash
E, [2013-07-28T10:01:13.366514 #4293] ERROR -- : uncaught throw #<Crack::ParseError: Invalid JSON string> (ArgumentError)
/am/rialto/home1/walkeriain/2013/Honours/Scraper/Scrapers/twitter/TwitterScraper.rb:49:in `throw'
/am/rialto/home1/walkeriain/2013/Honours/Scraper/Scrapers/twitter/TwitterScraper.rb:49:in `rescue in scrape'
/am/rialto/home1/walkeriain/2013/Honours/Scraper/Scrapers/twitter/TwitterScraper.rb:35:in `scrape'
Twitter.rb:64:in `block in scrape_url_list'
Twitter.rb:55:in `each'
Twitter.rb:55:in `scrape_url_list'
Twitter.rb:44:in `block in start_scrape'
Twitter.rb:42:in `each'
Twitter.rb:42:in `start_scrape'
Twitter.rb:26:in `initialize'
Twitter.rb:118:in `new'
Twitter.rb:118:in `start'
Twitter.rb:146:in `<main>'
I, [2013-07-28T10:01:13.366724 #4293]  INFO -- : [#<Nokogiri::XML::Attr:0x12faa5c name="href" value="https://twitter.com/ricky_martin">]
I, [2013-07-28T10:01:13.366789 #4293]  INFO -- : ricky_martin
E, [2013-07-28T10:18:23.992508 #4293] ERROR -- : uncaught throw #<Crack::ParseError: Invalid JSON string> (ArgumentError)
/am/rialto/home1/walkeriain/2013/Honours/Scraper/Scrapers/twitter/TwitterScraper.rb:49:in `throw'
/am/rialto/home1/walkeriain/2013/Honours/Scraper/Scrapers/twitter/TwitterScraper.rb:49:in `rescue in scrape'
/am/rialto/home1/walkeriain/2013/Honours/Scraper/Scrapers/twitter/TwitterScraper.rb:35:in `scrape'
Twitter.rb:64:in `block in scrape_url_list'
Twitter.rb:55:in `each'
Twitter.rb:55:in `scrape_url_list'
Twitter.rb:44:in `block in start_scrape'
Twitter.rb:42:in `each'
Twitter.rb:42:in `start_scrape'
Twitter.rb:26:in `initialize'
Twitter.rb:118:in `new'
Twitter.rb:118:in `start'
Twitter.rb:146:in `<main>'
I, [2013-07-28T10:18:23.992726 #4293]  INFO -- : [#<Nokogiri::XML::Attr:0x14b741c name="href" value="https://twitter.com/iamwill">]
I, [2013-07-28T10:18:23.992789 #4293]  INFO -- : iamwill
E, [2013-07-28T10:25:45.332953 #4293] ERROR -- : uncaught throw #<Crack::ParseError: Invalid JSON string> (ArgumentError)
/am/rialto/home1/walkeriain/2013/Honours/Scraper/Scrapers/twitter/TwitterScraper.rb:49:in `throw'
/am/rialto/home1/walkeriain/2013/Honours/Scraper/Scrapers/twitter/TwitterScraper.rb:49:in `rescue in scrape'
/am/rialto/home1/walkeriain/2013/Honours/Scraper/Scrapers/twitter/TwitterScraper.rb:35:in `scrape'
Twitter.rb:64:in `block in scrape_url_list'
Twitter.rb:55:in `each'
Twitter.rb:55:in `scrape_url_list'
Twitter.rb:44:in `block in start_scrape'
Twitter.rb:42:in `each'
Twitter.rb:42:in `start_scrape'
Twitter.rb:26:in `initialize'
Twitter.rb:118:in `new'
Twitter.rb:118:in `start'
Twitter.rb:146:in `<main>'
I, [2013-07-28T10:25:45.333250 #4293]  INFO -- : [#<Nokogiri::XML::Attr:0x17ae8b4 name="href" value="https://twitter.com/EmWatson">]
I, [2013-07-28T10:25:45.333402 #4293]  INFO -- : EmWatson
E, [2013-07-28T11:40:24.352163 #4293] ERROR -- : uncaught throw #<Net::HTTPFatalError: 503 "Service Unavailable"> (ArgumentError)
/am/rialto/home1/walkeriain/2013/Honours/Scraper/Scrapers/twitter/TwitterScraper.rb:49:in `throw'
/am/rialto/home1/walkeriain/2013/Honours/Scraper/Scrapers/twitter/TwitterScraper.rb:49:in `rescue in scrape'
/am/rialto/home1/walkeriain/2013/Honours/Scraper/Scrapers/twitter/TwitterScraper.rb:35:in `scrape'
Twitter.rb:64:in `block in scrape_url_list'
Twitter.rb:55:in `each'
Twitter.rb:55:in `scrape_url_list'
Twitter.rb:44:in `block in start_scrape'
Twitter.rb:42:in `each'
Twitter.rb:42:in `start_scrape'
Twitter.rb:26:in `initialize'
Twitter.rb:118:in `new'
Twitter.rb:118:in `start'
Twitter.rb:146:in `<main>'
I, [2013-07-28T11:40:24.352404 #4293]  INFO -- : [#<Nokogiri::XML::Attr:0x11a2344 name="href" value="https://twitter.com/nytimes">]
I, [2013-07-28T11:40:24.352544 #4293]  INFO -- : nytimes
E, [2013-07-28T11:41:20.910055 #4293] ERROR -- : uncaught throw #<Crack::ParseError: Invalid JSON string> (ArgumentError)
/am/rialto/home1/walkeriain/2013/Honours/Scraper/Scrapers/twitter/TwitterScraper.rb:49:in `throw'
/am/rialto/home1/walkeriain/2013/Honours/Scraper/Scrapers/twitter/TwitterScraper.rb:49:in `rescue in scrape'
/am/rialto/home1/walkeriain/2013/Honours/Scraper/Scrapers/twitter/TwitterScraper.rb:35:in `scrape'
Twitter.rb:64:in `block in scrape_url_list'
Twitter.rb:55:in `each'
Twitter.rb:55:in `scrape_url_list'
Twitter.rb:44:in `block in start_scrape'
Twitter.rb:42:in `each'
Twitter.rb:42:in `start_scrape'
Twitter.rb:26:in `initialize'
Twitter.rb:118:in `new'
Twitter.rb:118:in `start'
Twitter.rb:146:in `<main>'
I, [2013-07-28T11:41:20.910221 #4293]  INFO -- : [#<Nokogiri::XML::Attr:0x15e2918 name="href" value="https://twitter.com/MTV">]
I, [2013-07-28T11:41:20.910287 #4293]  INFO -- : MTV
E, [2013-07-28T11:45:21.308019 #4293] ERROR -- : uncaught throw #<Crack::ParseError: Invalid JSON string> (ArgumentError)
/am/rialto/home1/walkeriain/2013/Honours/Scraper/Scrapers/twitter/TwitterScraper.rb:49:in `throw'
/am/rialto/home1/walkeriain/2013/Honours/Scraper/Scrapers/twitter/TwitterScraper.rb:49:in `rescue in scrape'
/am/rialto/home1/walkeriain/2013/Honours/Scraper/Scrapers/twitter/TwitterScraper.rb:35:in `scrape'
Twitter.rb:64:in `block in scrape_url_list'
Twitter.rb:55:in `each'
Twitter.rb:55:in `scrape_url_list'
Twitter.rb:44:in `block in start_scrape'
Twitter.rb:42:in `each'
Twitter.rb:42:in `start_scrape'
Twitter.rb:26:in `initialize'
Twitter.rb:118:in `new'
Twitter.rb:118:in `start'
Twitter.rb:146:in `<main>'
I, [2013-07-28T11:45:21.308247 #4293]  INFO -- : [#<Nokogiri::XML::Attr:0x15d0da8 name="href" value="https://twitter.com/iamdiddy">]
I, [2013-07-28T11:45:21.308363 #4293]  INFO -- : iamdiddy
E, [2013-07-28T12:28:32.110086 #4293] ERROR -- : uncaught throw #<Crack::ParseError: Invalid JSON string> (ArgumentError)
/am/rialto/home1/walkeriain/2013/Honours/Scraper/Scrapers/twitter/TwitterScraper.rb:49:in `throw'
/am/rialto/home1/walkeriain/2013/Honours/Scraper/Scrapers/twitter/TwitterScraper.rb:49:in `rescue in scrape'
/am/rialto/home1/walkeriain/2013/Honours/Scraper/Scrapers/twitter/TwitterScraper.rb:35:in `scrape'
Twitter.rb:64:in `block in scrape_url_list'
Twitter.rb:55:in `each'
Twitter.rb:55:in `scrape_url_list'
Twitter.rb:44:in `block in start_scrape'
Twitter.rb:42:in `each'
Twitter.rb:42:in `start_scrape'
Twitter.rb:26:in `initialize'
Twitter.rb:118:in `new'
Twitter.rb:118:in `start'
Twitter.rb:146:in `<main>'
I, [2013-07-28T12:28:32.110250 #4293]  INFO -- : [#<Nokogiri::XML::Attr:0x143eecc name="href" value="https://twitter.com/ivetesangalo">]
I, [2013-07-28T12:28:32.110320 #4293]  INFO -- : ivetesangalo
E, [2013-07-28T14:06:51.517760 #4293] ERROR -- : uncaught throw #<Crack::ParseError: Invalid JSON string> (ArgumentError)
/am/rialto/home1/walkeriain/2013/Honours/Scraper/Scrapers/twitter/TwitterScraper.rb:49:in `throw'
/am/rialto/home1/walkeriain/2013/Honours/Scraper/Scrapers/twitter/TwitterScraper.rb:49:in `rescue in scrape'
/am/rialto/home1/walkeriain/2013/Honours/Scraper/Scrapers/twitter/TwitterScraper.rb:35:in `scrape'
Twitter.rb:64:in `block in scrape_url_list'
Twitter.rb:55:in `each'
Twitter.rb:55:in `scrape_url_list'
Twitter.rb:44:in `block in start_scrape'
Twitter.rb:42:in `each'
Twitter.rb:42:in `start_scrape'
Twitter.rb:26:in `initialize'
Twitter.rb:118:in `new'
Twitter.rb:118:in `start'
Twitter.rb:146:in `<main>'
I, [2013-07-28T14:06:51.517974 #4293]  INFO -- : [#<Nokogiri::XML::Attr:0x11fa6d4 name="href" value="https://twitter.com/KhloeKardashian">]
I, [2013-07-28T14:06:51.518038 #4293]  INFO -- : KhloeKardashian
E, [2013-07-28T14:20:48.226333 #4293] ERROR -- : uncaught throw #<Crack::ParseError: Invalid JSON string> (ArgumentError)
/am/rialto/home1/walkeriain/2013/Honours/Scraper/Scrapers/twitter/TwitterScraper.rb:49:in `throw'
/am/rialto/home1/walkeriain/2013/Honours/Scraper/Scrapers/twitter/TwitterScraper.rb:49:in `rescue in scrape'
/am/rialto/home1/walkeriain/2013/Honours/Scraper/Scrapers/twitter/TwitterScraper.rb:35:in `scrape'
Twitter.rb:64:in `block in scrape_url_list'
Twitter.rb:55:in `each'
Twitter.rb:55:in `scrape_url_list'
Twitter.rb:44:in `block in start_scrape'
Twitter.rb:42:in `each'
Twitter.rb:42:in `start_scrape'
Twitter.rb:26:in `initialize'
Twitter.rb:118:in `new'
Twitter.rb:118:in `start'
Twitter.rb:146:in `<main>'
I, [2013-07-28T14:20:48.226562 #4293]  INFO -- : [#<Nokogiri::XML::Attr:0x177dc3c name="href" value="https://twitter.com/paulocoelho">]
I, [2013-07-28T14:20:48.226701 #4293]  INFO -- : paulocoelho
E, [2013-07-28T14:34:28.286942 #4293] ERROR -- : uncaught throw #<Crack::ParseError: Invalid JSON string> (ArgumentError)
/am/rialto/home1/walkeriain/2013/Honours/Scraper/Scrapers/twitter/TwitterScraper.rb:49:in `throw'
/am/rialto/home1/walkeriain/2013/Honours/Scraper/Scrapers/twitter/TwitterScraper.rb:49:in `rescue in scrape'
/am/rialto/home1/walkeriain/2013/Honours/Scraper/Scrapers/twitter/TwitterScraper.rb:35:in `scrape'
Twitter.rb:64:in `block in scrape_url_list'
Twitter.rb:55:in `each'
Twitter.rb:55:in `scrape_url_list'
Twitter.rb:44:in `block in start_scrape'
Twitter.rb:42:in `each'
Twitter.rb:42:in `start_scrape'
Twitter.rb:26:in `initialize'
Twitter.rb:118:in `new'
Twitter.rb:118:in `start'
Twitter.rb:146:in `<main>'
I, [2013-07-28T14:34:28.287161 #4293]  INFO -- : [#<Nokogiri::XML::Attr:0xf31844 name="href" value="https://twitter.com/realmadrid">]
I, [2013-07-28T14:34:28.287302 #4293]  INFO -- : realmadrid
E, [2013-07-28T14:36:39.640006 #4293] ERROR -- : uncaught throw #<Crack::ParseError: Invalid JSON string> (ArgumentError)
/am/rialto/home1/walkeriain/2013/Honours/Scraper/Scrapers/twitter/TwitterScraper.rb:49:in `throw'
/am/rialto/home1/walkeriain/2013/Honours/Scraper/Scrapers/twitter/TwitterScraper.rb:49:in `rescue in scrape'
/am/rialto/home1/walkeriain/2013/Honours/Scraper/Scrapers/twitter/TwitterScraper.rb:35:in `scrape'
Twitter.rb:64:in `block in scrape_url_list'
Twitter.rb:55:in `each'
Twitter.rb:55:in `scrape_url_list'
Twitter.rb:44:in `block in start_scrape'
Twitter.rb:42:in `each'
Twitter.rb:42:in `start_scrape'
Twitter.rb:26:in `initialize'
Twitter.rb:118:in `new'
Twitter.rb:118:in `start'
Twitter.rb:146:in `<main>'
I, [2013-07-28T14:36:39.640217 #4293]  INFO -- : [#<Nokogiri::XML::Attr:0x14e2720 name="href" value="https://twitter.com/agnezmo">]
I, [2013-07-28T14:36:39.640282 #4293]  INFO -- : agnezmo
E, [2013-07-28T14:40:35.115308 #4293] ERROR -- : uncaught throw #<Crack::ParseError: Invalid JSON string> (ArgumentError)
/am/rialto/home1/walkeriain/2013/Honours/Scraper/Scrapers/twitter/TwitterScraper.rb:49:in `throw'
/am/rialto/home1/walkeriain/2013/Honours/Scraper/Scrapers/twitter/TwitterScraper.rb:49:in `rescue in scrape'
/am/rialto/home1/walkeriain/2013/Honours/Scraper/Scrapers/twitter/TwitterScraper.rb:35:in `scrape'
Twitter.rb:64:in `block in scrape_url_list'
Twitter.rb:55:in `each'
Twitter.rb:55:in `scrape_url_list'
Twitter.rb:44:in `block in start_scrape'
Twitter.rb:42:in `each'
Twitter.rb:42:in `start_scrape'
Twitter.rb:26:in `initialize'
Twitter.rb:118:in `new'
Twitter.rb:118:in `start'
Twitter.rb:146:in `<main>'
I, [2013-07-28T14:40:35.115529 #4293]  INFO -- : [#<Nokogiri::XML::Attr:0x1700db8 name="href" value="https://twitter.com/juanes">]
I, [2013-07-28T14:40:35.115581 #4293]  INFO -- : juanes
E, [2013-07-28T14:42:15.496215 #4293] ERROR -- : uncaught throw #<Crack::ParseError: Invalid JSON string> (ArgumentError)
/am/rialto/home1/walkeriain/2013/Honours/Scraper/Scrapers/twitter/TwitterScraper.rb:49:in `throw'
/am/rialto/home1/walkeriain/2013/Honours/Scraper/Scrapers/twitter/TwitterScraper.rb:49:in `rescue in scrape'
/am/rialto/home1/walkeriain/2013/Honours/Scraper/Scrapers/twitter/TwitterScraper.rb:35:in `scrape'
Twitter.rb:64:in `block in scrape_url_list'
Twitter.rb:55:in `each'
Twitter.rb:55:in `scrape_url_list'
Twitter.rb:44:in `block in start_scrape'
Twitter.rb:42:in `each'
Twitter.rb:42:in `start_scrape'
Twitter.rb:26:in `initialize'
Twitter.rb:118:in `new'
Twitter.rb:118:in `start'
Twitter.rb:146:in `<main>'
I, [2013-07-28T14:42:15.496517 #4293]  INFO -- : [#<Nokogiri::XML::Attr:0x17a8cc0 name="href" value="https://twitter.com/carlyraejepsen">]
I, [2013-07-28T14:42:15.496583 #4293]  INFO -- : carlyraejepsen
E, [2013-07-28T14:51:33.049568 #4293] ERROR -- : uncaught throw #<Net::HTTPFatalError: 503 "Service Unavailable"> (ArgumentError)
/am/rialto/home1/walkeriain/2013/Honours/Scraper/Scrapers/twitter/TwitterScraper.rb:49:in `throw'
/am/rialto/home1/walkeriain/2013/Honours/Scraper/Scrapers/twitter/TwitterScraper.rb:49:in `rescue in scrape'
/am/rialto/home1/walkeriain/2013/Honours/Scraper/Scrapers/twitter/TwitterScraper.rb:35:in `scrape'
Twitter.rb:64:in `block in scrape_url_list'
Twitter.rb:55:in `each'
Twitter.rb:55:in `scrape_url_list'
Twitter.rb:44:in `block in start_scrape'
Twitter.rb:42:in `each'
Twitter.rb:42:in `start_scrape'
Twitter.rb:26:in `initialize'
Twitter.rb:118:in `new'
Twitter.rb:118:in `start'
Twitter.rb:146:in `<main>'
I, [2013-07-28T14:51:33.049866 #4293]  INFO -- : [#<Nokogiri::XML::Attr:0x14d4d14 name="href" value="https://twitter.com/Usher">]
I, [2013-07-28T14:51:33.049934 #4293]  INFO -- : Usher
E, [2013-07-28T14:52:33.702131 #4293] ERROR -- : uncaught throw #<Crack::ParseError: Invalid JSON string> (ArgumentError)
/am/rialto/home1/walkeriain/2013/Honours/Scraper/Scrapers/twitter/TwitterScraper.rb:49:in `throw'
/am/rialto/home1/walkeriain/2013/Honours/Scraper/Scrapers/twitter/TwitterScraper.rb:49:in `rescue in scrape'
/am/rialto/home1/walkeriain/2013/Honours/Scraper/Scrapers/twitter/TwitterScraper.rb:35:in `scrape'
Twitter.rb:64:in `block in scrape_url_list'
Twitter.rb:55:in `each'
Twitter.rb:55:in `scrape_url_list'
Twitter.rb:44:in `block in start_scrape'
Twitter.rb:42:in `each'
Twitter.rb:42:in `start_scrape'
Twitter.rb:26:in `initialize'
Twitter.rb:118:in `new'
Twitter.rb:118:in `start'
Twitter.rb:146:in `<main>'
I, [2013-07-28T14:52:33.702337 #4293]  INFO -- : [#<Nokogiri::XML::Attr:0xdf5458 name="href" value="https://twitter.com/Ludacris">]
I, [2013-07-28T14:52:33.702398 #4293]  INFO -- : Ludacris
E, [2013-07-28T14:53:38.198115 #4293] ERROR -- : uncaught throw #<Crack::ParseError: Invalid JSON string> (ArgumentError)
/am/rialto/home1/walkeriain/2013/Honours/Scraper/Scrapers/twitter/TwitterScraper.rb:49:in `throw'
/am/rialto/home1/walkeriain/2013/Honours/Scraper/Scrapers/twitter/TwitterScraper.rb:49:in `rescue in scrape'
/am/rialto/home1/walkeriain/2013/Honours/Scraper/Scrapers/twitter/TwitterScraper.rb:35:in `scrape'
Twitter.rb:64:in `block in scrape_url_list'
Twitter.rb:55:in `each'
Twitter.rb:55:in `scrape_url_list'
Twitter.rb:44:in `block in start_scrape'
Twitter.rb:42:in `each'
Twitter.rb:42:in `start_scrape'
Twitter.rb:26:in `initialize'
Twitter.rb:118:in `new'
Twitter.rb:118:in `start'
Twitter.rb:146:in `<main>'
I, [2013-07-28T14:53:38.198284 #4293]  INFO -- : [#<Nokogiri::XML::Attr:0x16eecd0 name="href" value="https://twitter.com/KevinHart4real">]
I, [2013-07-28T14:53:38.198349 #4293]  INFO -- : KevinHart4real
E, [2013-07-28T15:10:08.403060 #4293] ERROR -- : uncaught throw #<Crack::ParseError: Invalid JSON string> (ArgumentError)
/am/rialto/home1/walkeriain/2013/Honours/Scraper/Scrapers/twitter/TwitterScraper.rb:49:in `throw'
/am/rialto/home1/walkeriain/2013/Honours/Scraper/Scrapers/twitter/TwitterScraper.rb:49:in `rescue in scrape'
/am/rialto/home1/walkeriain/2013/Honours/Scraper/Scrapers/twitter/TwitterScraper.rb:35:in `scrape'
Twitter.rb:64:in `block in scrape_url_list'
Twitter.rb:55:in `each'
Twitter.rb:55:in `scrape_url_list'
Twitter.rb:44:in `block in start_scrape'
Twitter.rb:42:in `each'
Twitter.rb:42:in `start_scrape'
Twitter.rb:26:in `initialize'
Twitter.rb:118:in `new'
Twitter.rb:118:in `start'
Twitter.rb:146:in `<main>'
I, [2013-07-28T15:10:08.403280 #4293]  INFO -- : [#<Nokogiri::XML::Attr:0x15539fc name="href" value="https://twitter.com/NBA">]
I, [2013-07-28T15:10:08.403345 #4293]  INFO -- : NBA
E, [2013-07-28T15:11:11.898276 #4293] ERROR -- : uncaught throw #<Crack::ParseError: Invalid JSON string> (ArgumentError)
/am/rialto/home1/walkeriain/2013/Honours/Scraper/Scrapers/twitter/TwitterScraper.rb:49:in `throw'
/am/rialto/home1/walkeriain/2013/Honours/Scraper/Scrapers/twitter/TwitterScraper.rb:49:in `rescue in scrape'
/am/rialto/home1/walkeriain/2013/Honours/Scraper/Scrapers/twitter/TwitterScraper.rb:35:in `scrape'
Twitter.rb:64:in `block in scrape_url_list'
Twitter.rb:55:in `each'
Twitter.rb:55:in `scrape_url_list'
Twitter.rb:44:in `block in start_scrape'
Twitter.rb:42:in `each'
Twitter.rb:42:in `start_scrape'
Twitter.rb:26:in `initialize'
Twitter.rb:118:in `new'
Twitter.rb:118:in `start'
Twitter.rb:146:in `<main>'
I, [2013-07-28T15:11:11.898514 #4293]  INFO -- : [#<Nokogiri::XML::Attr:0x140f4c4 name="href" value="https://twitter.com/Njr92">]
I, [2013-07-28T15:11:11.898647 #4293]  INFO -- : Njr92
E, [2013-07-28T15:42:22.795965 #4293] ERROR -- : uncaught throw #<Crack::ParseError: Invalid JSON string> (ArgumentError)
/am/rialto/home1/walkeriain/2013/Honours/Scraper/Scrapers/twitter/TwitterScraper.rb:49:in `throw'
/am/rialto/home1/walkeriain/2013/Honours/Scraper/Scrapers/twitter/TwitterScraper.rb:49:in `rescue in scrape'
/am/rialto/home1/walkeriain/2013/Honours/Scraper/Scrapers/twitter/TwitterScraper.rb:35:in `scrape'
Twitter.rb:64:in `block in scrape_url_list'
Twitter.rb:55:in `each'
Twitter.rb:55:in `scrape_url_list'
Twitter.rb:44:in `block in start_scrape'
Twitter.rb:42:in `each'
Twitter.rb:42:in `start_scrape'
Twitter.rb:26:in `initialize'
Twitter.rb:118:in `new'
Twitter.rb:118:in `start'
Twitter.rb:146:in `<main>'
I, [2013-07-28T15:42:22.796167 #4293]  INFO -- : [#<Nokogiri::XML::Attr:0xbf1c9c name="href" value="https://twitter.com/SHAQ">]
I, [2013-07-28T15:42:22.796233 #4293]  INFO -- : SHAQ
E, [2013-07-28T15:45:27.019461 #4293] ERROR -- : uncaught throw #<Crack::ParseError: Invalid JSON string> (ArgumentError)
/am/rialto/home1/walkeriain/2013/Honours/Scraper/Scrapers/twitter/TwitterScraper.rb:49:in `throw'
/am/rialto/home1/walkeriain/2013/Honours/Scraper/Scrapers/twitter/TwitterScraper.rb:49:in `rescue in scrape'
/am/rialto/home1/walkeriain/2013/Honours/Scraper/Scrapers/twitter/TwitterScraper.rb:35:in `scrape'
Twitter.rb:64:in `block in scrape_url_list'
Twitter.rb:55:in `each'
Twitter.rb:55:in `scrape_url_list'
Twitter.rb:44:in `block in start_scrape'
Twitter.rb:42:in `each'
Twitter.rb:42:in `start_scrape'
Twitter.rb:26:in `initialize'
Twitter.rb:118:in `new'
Twitter.rb:118:in `start'
Twitter.rb:146:in `<main>'
I, [2013-07-28T15:45:27.019713 #4293]  INFO -- : [#<Nokogiri::XML::Attr:0xe15d84 name="href" value="https://twitter.com/50cent">]
I, [2013-07-28T15:45:27.019828 #4293]  INFO -- : 50cent
E, [2013-07-28T16:15:51.766789 #4293] ERROR -- : uncaught throw #<Crack::ParseError: Invalid JSON string> (ArgumentError)
/am/rialto/home1/walkeriain/2013/Honours/Scraper/Scrapers/twitter/TwitterScraper.rb:49:in `throw'
/am/rialto/home1/walkeriain/2013/Honours/Scraper/Scrapers/twitter/TwitterScraper.rb:49:in `rescue in scrape'
/am/rialto/home1/walkeriain/2013/Honours/Scraper/Scrapers/twitter/TwitterScraper.rb:35:in `scrape'
Twitter.rb:64:in `block in scrape_url_list'
Twitter.rb:55:in `each'
Twitter.rb:55:in `scrape_url_list'
Twitter.rb:44:in `block in start_scrape'
Twitter.rb:42:in `each'
Twitter.rb:42:in `start_scrape'
Twitter.rb:26:in `initialize'
Twitter.rb:118:in `new'
Twitter.rb:118:in `start'
Twitter.rb:146:in `<main>'
I, [2013-07-28T16:15:51.766968 #4293]  INFO -- : [#<Nokogiri::XML::Attr:0x130ace0 name="href" value="https://twitter.com/ClaudiaLeitte">]
I, [2013-07-28T16:15:51.767019 #4293]  INFO -- : ClaudiaLeitte
E, [2013-07-28T16:19:11.055301 #4293] ERROR -- : uncaught throw #<Crack::ParseError: Invalid JSON string> (ArgumentError)
/am/rialto/home1/walkeriain/2013/Honours/Scraper/Scrapers/twitter/TwitterScraper.rb:49:in `throw'
/am/rialto/home1/walkeriain/2013/Honours/Scraper/Scrapers/twitter/TwitterScraper.rb:49:in `rescue in scrape'
/am/rialto/home1/walkeriain/2013/Honours/Scraper/Scrapers/twitter/TwitterScraper.rb:35:in `scrape'
Twitter.rb:64:in `block in scrape_url_list'
Twitter.rb:55:in `each'
Twitter.rb:55:in `scrape_url_list'
Twitter.rb:44:in `block in start_scrape'
Twitter.rb:42:in `each'
Twitter.rb:42:in `start_scrape'
Twitter.rb:26:in `initialize'
Twitter.rb:118:in `new'
Twitter.rb:118:in `start'
Twitter.rb:146:in `<main>'
I, [2013-07-28T16:19:11.055495 #4293]  INFO -- : [#<Nokogiri::XML::Attr:0x1305010 name="href" value="https://twitter.com/paurubio">]
I, [2013-07-28T16:19:11.055561 #4293]  INFO -- : paurubio
E, [2013-07-28T16:22:03.573129 #4293] ERROR -- : uncaught throw #<Crack::ParseError: Invalid JSON string> (ArgumentError)
/am/rialto/home1/walkeriain/2013/Honours/Scraper/Scrapers/twitter/TwitterScraper.rb:49:in `throw'
/am/rialto/home1/walkeriain/2013/Honours/Scraper/Scrapers/twitter/TwitterScraper.rb:49:in `rescue in scrape'
/am/rialto/home1/walkeriain/2013/Honours/Scraper/Scrapers/twitter/TwitterScraper.rb:35:in `scrape'
Twitter.rb:64:in `block in scrape_url_list'
Twitter.rb:55:in `each'
Twitter.rb:55:in `scrape_url_list'
Twitter.rb:44:in `block in start_scrape'
Twitter.rb:42:in `each'
Twitter.rb:42:in `start_scrape'
Twitter.rb:26:in `initialize'
Twitter.rb:118:in `new'
Twitter.rb:118:in `start'
Twitter.rb:146:in `<main>'
I, [2013-07-28T16:22:03.573330 #4293]  INFO -- : [#<Nokogiri::XML::Attr:0x17158d0 name="href" value="https://twitter.com/LeoDiCaprio">]
I, [2013-07-28T16:22:03.573393 #4293]  INFO -- : LeoDiCaprio
E, [2013-07-28T16:23:43.720208 #4293] ERROR -- : uncaught throw #<Crack::ParseError: Invalid JSON string> (ArgumentError)
/am/rialto/home1/walkeriain/2013/Honours/Scraper/Scrapers/twitter/TwitterScraper.rb:49:in `throw'
/am/rialto/home1/walkeriain/2013/Honours/Scraper/Scrapers/twitter/TwitterScraper.rb:49:in `rescue in scrape'
/am/rialto/home1/walkeriain/2013/Honours/Scraper/Scrapers/twitter/TwitterScraper.rb:35:in `scrape'
Twitter.rb:64:in `block in scrape_url_list'
Twitter.rb:55:in `each'
Twitter.rb:55:in `scrape_url_list'
Twitter.rb:44:in `block in start_scrape'
Twitter.rb:42:in `each'
Twitter.rb:42:in `start_scrape'
Twitter.rb:26:in `initialize'
Twitter.rb:118:in `new'
Twitter.rb:118:in `start'
Twitter.rb:146:in `<main>'
I, [2013-07-28T16:23:43.720595 #4293]  INFO -- : [#<Nokogiri::XML::Attr:0x185a178 name="href" value="https://twitter.com/edsheeran">]
I, [2013-07-28T16:23:43.720655 #4293]  INFO -- : edsheeran
E, [2013-07-28T16:35:15.171099 #4293] ERROR -- : uncaught throw #<Crack::ParseError: Invalid JSON string> (ArgumentError)
/am/rialto/home1/walkeriain/2013/Honours/Scraper/Scrapers/twitter/TwitterScraper.rb:49:in `throw'
/am/rialto/home1/walkeriain/2013/Honours/Scraper/Scrapers/twitter/TwitterScraper.rb:49:in `rescue in scrape'
/am/rialto/home1/walkeriain/2013/Honours/Scraper/Scrapers/twitter/TwitterScraper.rb:35:in `scrape'
Twitter.rb:64:in `block in scrape_url_list'
Twitter.rb:55:in `each'
Twitter.rb:55:in `scrape_url_list'
Twitter.rb:44:in `block in start_scrape'
Twitter.rb:42:in `each'
Twitter.rb:42:in `start_scrape'
Twitter.rb:26:in `initialize'
Twitter.rb:118:in `new'
Twitter.rb:118:in `start'
Twitter.rb:146:in `<main>'
I, [2013-07-28T16:35:15.171344 #4293]  INFO -- : [#<Nokogiri::XML::Attr:0x155cc50 name="href" value="https://twitter.com/kelly_clarkson">]
I, [2013-07-28T16:35:15.171480 #4293]  INFO -- : kelly_clarkson
E, [2013-07-28T16:39:12.593660 #4293] ERROR -- : uncaught throw #<Crack::ParseError: Invalid JSON string> (ArgumentError)
/am/rialto/home1/walkeriain/2013/Honours/Scraper/Scrapers/twitter/TwitterScraper.rb:49:in `throw'
/am/rialto/home1/walkeriain/2013/Honours/Scraper/Scrapers/twitter/TwitterScraper.rb:49:in `rescue in scrape'
/am/rialto/home1/walkeriain/2013/Honours/Scraper/Scrapers/twitter/TwitterScraper.rb:35:in `scrape'
Twitter.rb:64:in `block in scrape_url_list'
Twitter.rb:55:in `each'
Twitter.rb:55:in `scrape_url_list'
Twitter.rb:44:in `block in start_scrape'
Twitter.rb:42:in `each'
Twitter.rb:42:in `start_scrape'
Twitter.rb:26:in `initialize'
Twitter.rb:118:in `new'
Twitter.rb:118:in `start'
Twitter.rb:146:in `<main>'
I, [2013-07-28T16:39:12.593861 #4293]  INFO -- : [#<Nokogiri::XML::Attr:0xb2da40 name="href" value="https://twitter.com/LucianoHuck">]
I, [2013-07-28T16:39:12.593923 #4293]  INFO -- : LucianoHuck
E, [2013-07-28T18:40:10.534724 #4293] ERROR -- : uncaught throw #<Crack::ParseError: Invalid JSON string> (ArgumentError)
/am/rialto/home1/walkeriain/2013/Honours/Scraper/Scrapers/twitter/TwitterScraper.rb:49:in `throw'
/am/rialto/home1/walkeriain/2013/Honours/Scraper/Scrapers/twitter/TwitterScraper.rb:49:in `rescue in scrape'
/am/rialto/home1/walkeriain/2013/Honours/Scraper/Scrapers/twitter/TwitterScraper.rb:35:in `scrape'
Twitter.rb:64:in `block in scrape_url_list'
Twitter.rb:55:in `each'
Twitter.rb:55:in `scrape_url_list'
Twitter.rb:44:in `block in start_scrape'
Twitter.rb:42:in `each'
Twitter.rb:42:in `start_scrape'
Twitter.rb:26:in `initialize'
Twitter.rb:118:in `new'
Twitter.rb:118:in `start'
Twitter.rb:146:in `<main>'
I, [2013-07-28T18:40:10.534887 #4293]  INFO -- : [#<Nokogiri::XML::Attr:0x122aa8c name="href" value="https://twitter.com/nickjonas">]
I, [2013-07-28T18:40:10.534956 #4293]  INFO -- : nickjonas
E, [2013-07-29T19:33:28.253874 #17264] ERROR -- : uncaught throw #<Crack::ParseError: Invalid JSON string> (ArgumentError)
/am/rialto/home1/walkeriain/2013/Honours/Scraper/Scrapers/twitter/TwitterScraper.rb:49:in `throw'
/am/rialto/home1/walkeriain/2013/Honours/Scraper/Scrapers/twitter/TwitterScraper.rb:49:in `rescue in scrape'
/am/rialto/home1/walkeriain/2013/Honours/Scraper/Scrapers/twitter/TwitterScraper.rb:35:in `scrape'
Twitter.rb:71:in `block in scrape_url_list'
Twitter.rb:62:in `each'
Twitter.rb:62:in `scrape_url_list'
Twitter.rb:45:in `block in start_scrape'
Twitter.rb:42:in `each'
Twitter.rb:42:in `start_scrape'
Twitter.rb:26:in `initialize'
Twitter.rb:125:in `new'
Twitter.rb:125:in `start'
Twitter.rb:153:in `<main>'
I, [2013-07-29T19:33:28.253949 #17264]  INFO -- : [#<Nokogiri::XML::Attr:0x1734410 name="href" value="https://twitter.com/therealmarymary">]
I, [2013-07-29T19:33:28.254074 #17264]  INFO -- : therealmarymary
E, [2013-07-29T19:34:32.754485 #17264] ERROR -- : uncaught throw #<Crack::ParseError: Invalid JSON string> (ArgumentError)
/am/rialto/home1/walkeriain/2013/Honours/Scraper/Scrapers/twitter/TwitterScraper.rb:49:in `throw'
/am/rialto/home1/walkeriain/2013/Honours/Scraper/Scrapers/twitter/TwitterScraper.rb:49:in `rescue in scrape'
/am/rialto/home1/walkeriain/2013/Honours/Scraper/Scrapers/twitter/TwitterScraper.rb:35:in `scrape'
Twitter.rb:71:in `block in scrape_url_list'
Twitter.rb:62:in `each'
Twitter.rb:62:in `scrape_url_list'
Twitter.rb:45:in `block in start_scrape'
Twitter.rb:42:in `each'
Twitter.rb:42:in `start_scrape'
Twitter.rb:26:in `initialize'
Twitter.rb:125:in `new'
Twitter.rb:125:in `start'
Twitter.rb:153:in `<main>'
I, [2013-07-29T19:34:32.754735 #17264]  INFO -- : [#<Nokogiri::XML::Attr:0x1851140 name="href" value="https://twitter.com/PatriciaHeaton">]
I, [2013-07-29T19:34:32.754876 #17264]  INFO -- : PatriciaHeaton
E, [2013-07-29T20:48:04.117277 #17264] ERROR -- : uncaught throw #<Crack::ParseError: Invalid JSON string> (ArgumentError)
/am/rialto/home1/walkeriain/2013/Honours/Scraper/Scrapers/twitter/TwitterScraper.rb:49:in `throw'
/am/rialto/home1/walkeriain/2013/Honours/Scraper/Scrapers/twitter/TwitterScraper.rb:49:in `rescue in scrape'
/am/rialto/home1/walkeriain/2013/Honours/Scraper/Scrapers/twitter/TwitterScraper.rb:35:in `scrape'
Twitter.rb:71:in `block in scrape_url_list'
Twitter.rb:62:in `each'
Twitter.rb:62:in `scrape_url_list'
Twitter.rb:45:in `block in start_scrape'
Twitter.rb:42:in `each'
Twitter.rb:42:in `start_scrape'
Twitter.rb:26:in `initialize'
Twitter.rb:125:in `new'
Twitter.rb:125:in `start'
Twitter.rb:153:in `<main>'
I, [2013-07-29T20:48:04.117557 #17264]  INFO -- : [#<Nokogiri::XML::Attr:0x1d5e2c8 name="href" value="https://twitter.com/BlawnDee">]
I, [2013-07-29T20:48:04.117697 #17264]  INFO -- : BlawnDee
E, [2013-07-29T22:26:42.045992 #17264] ERROR -- : uncaught throw #<Crack::ParseError: Invalid JSON string> (ArgumentError)
/am/rialto/home1/walkeriain/2013/Honours/Scraper/Scrapers/twitter/TwitterScraper.rb:49:in `throw'
/am/rialto/home1/walkeriain/2013/Honours/Scraper/Scrapers/twitter/TwitterScraper.rb:49:in `rescue in scrape'
/am/rialto/home1/walkeriain/2013/Honours/Scraper/Scrapers/twitter/TwitterScraper.rb:35:in `scrape'
Twitter.rb:71:in `block in scrape_url_list'
Twitter.rb:62:in `each'
Twitter.rb:62:in `scrape_url_list'
Twitter.rb:45:in `block in start_scrape'
Twitter.rb:42:in `each'
Twitter.rb:42:in `start_scrape'
Twitter.rb:26:in `initialize'
Twitter.rb:125:in `new'
Twitter.rb:125:in `start'
Twitter.rb:153:in `<main>'
I, [2013-07-29T22:26:42.046202 #17264]  INFO -- : [#<Nokogiri::XML::Attr:0x1bb2938 name="href" value="https://twitter.com/iamjennifer">]
I, [2013-07-29T22:26:42.046336 #17264]  INFO -- : iamjennifer
E, [2013-07-29T22:30:12.352488 #17264] ERROR -- : uncaught throw #<Crack::ParseError: Invalid JSON string> (ArgumentError)
/am/rialto/home1/walkeriain/2013/Honours/Scraper/Scrapers/twitter/TwitterScraper.rb:49:in `throw'
/am/rialto/home1/walkeriain/2013/Honours/Scraper/Scrapers/twitter/TwitterScraper.rb:49:in `rescue in scrape'
/am/rialto/home1/walkeriain/2013/Honours/Scraper/Scrapers/twitter/TwitterScraper.rb:35:in `scrape'
Twitter.rb:71:in `block in scrape_url_list'
Twitter.rb:62:in `each'
Twitter.rb:62:in `scrape_url_list'
Twitter.rb:45:in `block in start_scrape'
Twitter.rb:42:in `each'
Twitter.rb:42:in `start_scrape'
Twitter.rb:26:in `initialize'
Twitter.rb:125:in `new'
Twitter.rb:125:in `start'
Twitter.rb:153:in `<main>'
I, [2013-07-29T22:30:12.352715 #17264]  INFO -- : [#<Nokogiri::XML::Attr:0x21969bc name="href" value="https://twitter.com/MariaLKanellis">]
I, [2013-07-29T22:30:12.352858 #17264]  INFO -- : MariaLKanellis
E, [2013-07-30T03:04:04.866935 #17264] ERROR -- : uncaught throw #<Crack::ParseError: Invalid JSON string> (ArgumentError)
/am/rialto/home1/walkeriain/2013/Honours/Scraper/Scrapers/twitter/TwitterScraper.rb:49:in `throw'
/am/rialto/home1/walkeriain/2013/Honours/Scraper/Scrapers/twitter/TwitterScraper.rb:49:in `rescue in scrape'
/am/rialto/home1/walkeriain/2013/Honours/Scraper/Scrapers/twitter/TwitterScraper.rb:35:in `scrape'
Twitter.rb:71:in `block in scrape_url_list'
Twitter.rb:62:in `each'
Twitter.rb:62:in `scrape_url_list'
Twitter.rb:45:in `block in start_scrape'
Twitter.rb:42:in `each'
Twitter.rb:42:in `start_scrape'
Twitter.rb:26:in `initialize'
Twitter.rb:125:in `new'
Twitter.rb:125:in `start'
Twitter.rb:153:in `<main>'
I, [2013-07-30T03:04:04.867207 #17264]  INFO -- : [#<Nokogiri::XML::Attr:0x1d2ccb4 name="href" value="https://twitter.com/LisaSurihani">]
I, [2013-07-30T03:04:04.867342 #17264]  INFO -- : LisaSurihani
E, [2013-07-30T03:07:45.587491 #17264] ERROR -- : uncaught throw #<Crack::ParseError: Invalid JSON string> (ArgumentError)
/am/rialto/home1/walkeriain/2013/Honours/Scraper/Scrapers/twitter/TwitterScraper.rb:49:in `throw'
/am/rialto/home1/walkeriain/2013/Honours/Scraper/Scrapers/twitter/TwitterScraper.rb:49:in `rescue in scrape'
/am/rialto/home1/walkeriain/2013/Honours/Scraper/Scrapers/twitter/TwitterScraper.rb:35:in `scrape'
Twitter.rb:71:in `block in scrape_url_list'
Twitter.rb:62:in `each'
Twitter.rb:62:in `scrape_url_list'
Twitter.rb:45:in `block in start_scrape'
Twitter.rb:42:in `each'
Twitter.rb:42:in `start_scrape'
Twitter.rb:26:in `initialize'
Twitter.rb:125:in `new'
Twitter.rb:125:in `start'
Twitter.rb:153:in `<main>'
I, [2013-07-30T03:07:45.587754 #17264]  INFO -- : [#<Nokogiri::XML::Attr:0x2158e64 name="href" value="https://twitter.com/NancyAjram">]
I, [2013-07-30T03:07:45.587815 #17264]  INFO -- : NancyAjram
E, [2013-07-30T03:08:47.050610 #17264] ERROR -- : uncaught throw #<Crack::ParseError: Invalid JSON string> (ArgumentError)
/am/rialto/home1/walkeriain/2013/Honours/Scraper/Scrapers/twitter/TwitterScraper.rb:49:in `throw'
/am/rialto/home1/walkeriain/2013/Honours/Scraper/Scrapers/twitter/TwitterScraper.rb:49:in `rescue in scrape'
/am/rialto/home1/walkeriain/2013/Honours/Scraper/Scrapers/twitter/TwitterScraper.rb:35:in `scrape'
Twitter.rb:71:in `block in scrape_url_list'
Twitter.rb:62:in `each'
Twitter.rb:62:in `scrape_url_list'
Twitter.rb:45:in `block in start_scrape'
Twitter.rb:42:in `each'
Twitter.rb:42:in `start_scrape'
Twitter.rb:26:in `initialize'
Twitter.rb:125:in `new'
Twitter.rb:125:in `start'
Twitter.rb:153:in `<main>'
I, [2013-07-30T03:08:47.050772 #17264]  INFO -- : [#<Nokogiri::XML::Attr:0x1fe521c name="href" value="https://twitter.com/KarenKounrouzan">]
I, [2013-07-30T03:08:47.050841 #17264]  INFO -- : KarenKounrouzan
E, [2013-07-30T03:09:43.936914 #17264] ERROR -- : uncaught throw #<Crack::ParseError: Invalid JSON string> (ArgumentError)
/am/rialto/home1/walkeriain/2013/Honours/Scraper/Scrapers/twitter/TwitterScraper.rb:49:in `throw'
/am/rialto/home1/walkeriain/2013/Honours/Scraper/Scrapers/twitter/TwitterScraper.rb:49:in `rescue in scrape'
/am/rialto/home1/walkeriain/2013/Honours/Scraper/Scrapers/twitter/TwitterScraper.rb:35:in `scrape'
Twitter.rb:71:in `block in scrape_url_list'
Twitter.rb:62:in `each'
Twitter.rb:62:in `scrape_url_list'
Twitter.rb:45:in `block in start_scrape'
Twitter.rb:42:in `each'
Twitter.rb:42:in `start_scrape'
Twitter.rb:26:in `initialize'
Twitter.rb:125:in `new'
Twitter.rb:125:in `start'
Twitter.rb:153:in `<main>'
I, [2013-07-30T03:09:43.937114 #17264]  INFO -- : [#<Nokogiri::XML::Attr:0x2034524 name="href" value="https://twitter.com/leblogdebetty">]
I, [2013-07-30T03:09:43.937176 #17264]  INFO -- : leblogdebetty
E, [2013-07-30T03:10:43.748054 #17264] ERROR -- : uncaught throw #<Crack::ParseError: Invalid JSON string> (ArgumentError)
/am/rialto/home1/walkeriain/2013/Honours/Scraper/Scrapers/twitter/TwitterScraper.rb:49:in `throw'
/am/rialto/home1/walkeriain/2013/Honours/Scraper/Scrapers/twitter/TwitterScraper.rb:49:in `rescue in scrape'
/am/rialto/home1/walkeriain/2013/Honours/Scraper/Scrapers/twitter/TwitterScraper.rb:35:in `scrape'
Twitter.rb:71:in `block in scrape_url_list'
Twitter.rb:62:in `each'
Twitter.rb:62:in `scrape_url_list'
Twitter.rb:45:in `block in start_scrape'
Twitter.rb:42:in `each'
Twitter.rb:42:in `start_scrape'
Twitter.rb:26:in `initialize'
Twitter.rb:125:in `new'
Twitter.rb:125:in `start'
Twitter.rb:153:in `<main>'
I, [2013-07-30T03:10:43.748288 #17264]  INFO -- : [#<Nokogiri::XML::Attr:0x16ceef8 name="href" value="https://twitter.com/helenflanagan1">]
I, [2013-07-30T03:10:43.748423 #17264]  INFO -- : helenflanagan1
E, [2013-07-30T04:43:32.783602 #17264] ERROR -- : uncaught throw #<Crack::ParseError: Invalid JSON string> (ArgumentError)
/am/rialto/home1/walkeriain/2013/Honours/Scraper/Scrapers/twitter/TwitterScraper.rb:49:in `throw'
/am/rialto/home1/walkeriain/2013/Honours/Scraper/Scrapers/twitter/TwitterScraper.rb:49:in `rescue in scrape'
/am/rialto/home1/walkeriain/2013/Honours/Scraper/Scrapers/twitter/TwitterScraper.rb:35:in `scrape'
Twitter.rb:71:in `block in scrape_url_list'
Twitter.rb:62:in `each'
Twitter.rb:62:in `scrape_url_list'
Twitter.rb:45:in `block in start_scrape'
Twitter.rb:42:in `each'
Twitter.rb:42:in `start_scrape'
Twitter.rb:26:in `initialize'
Twitter.rb:125:in `new'
Twitter.rb:125:in `start'
Twitter.rb:153:in `<main>'
I, [2013-07-30T04:43:32.783831 #17264]  INFO -- : [#<Nokogiri::XML::Attr:0x18313cc name="href" value="https://twitter.com/donna_de">]
I, [2013-07-30T04:43:32.783945 #17264]  INFO -- : donna_de
E, [2013-07-30T04:44:33.136186 #17264] ERROR -- : uncaught throw #<Crack::ParseError: Invalid JSON string> (ArgumentError)
/am/rialto/home1/walkeriain/2013/Honours/Scraper/Scrapers/twitter/TwitterScraper.rb:49:in `throw'
/am/rialto/home1/walkeriain/2013/Honours/Scraper/Scrapers/twitter/TwitterScraper.rb:49:in `rescue in scrape'
/am/rialto/home1/walkeriain/2013/Honours/Scraper/Scrapers/twitter/TwitterScraper.rb:35:in `scrape'
Twitter.rb:71:in `block in scrape_url_list'
Twitter.rb:62:in `each'
Twitter.rb:62:in `scrape_url_list'
Twitter.rb:45:in `block in start_scrape'
Twitter.rb:42:in `each'
Twitter.rb:42:in `start_scrape'
Twitter.rb:26:in `initialize'
Twitter.rb:125:in `new'
Twitter.rb:125:in `start'
Twitter.rb:153:in `<main>'
I, [2013-07-30T04:44:33.136380 #17264]  INFO -- : [#<Nokogiri::XML::Attr:0x207b7bc name="href" value="https://twitter.com/cacelico">]
I, [2013-07-30T04:44:33.136440 #17264]  INFO -- : cacelico
E, [2013-07-30T04:46:05.042458 #17264] ERROR -- : uncaught throw #<Crack::ParseError: Invalid JSON string> (ArgumentError)
/am/rialto/home1/walkeriain/2013/Honours/Scraper/Scrapers/twitter/TwitterScraper.rb:49:in `throw'
/am/rialto/home1/walkeriain/2013/Honours/Scraper/Scrapers/twitter/TwitterScraper.rb:49:in `rescue in scrape'
/am/rialto/home1/walkeriain/2013/Honours/Scraper/Scrapers/twitter/TwitterScraper.rb:35:in `scrape'
Twitter.rb:71:in `block in scrape_url_list'
Twitter.rb:62:in `each'
Twitter.rb:62:in `scrape_url_list'
Twitter.rb:45:in `block in start_scrape'
Twitter.rb:42:in `each'
Twitter.rb:42:in `start_scrape'
Twitter.rb:26:in `initialize'
Twitter.rb:125:in `new'
Twitter.rb:125:in `start'
Twitter.rb:153:in `<main>'
I, [2013-07-30T04:46:05.042769 #17264]  INFO -- : [#<Nokogiri::XML::Attr:0x200169c name="href" value="https://twitter.com/RuthieeL">]
I, [2013-07-30T04:46:05.042843 #17264]  INFO -- : RuthieeL
E, [2013-07-30T05:04:52.983661 #17264] ERROR -- : uncaught throw #<Crack::ParseError: Invalid JSON string> (ArgumentError)
/am/rialto/home1/walkeriain/2013/Honours/Scraper/Scrapers/twitter/TwitterScraper.rb:49:in `throw'
/am/rialto/home1/walkeriain/2013/Honours/Scraper/Scrapers/twitter/TwitterScraper.rb:49:in `rescue in scrape'
/am/rialto/home1/walkeriain/2013/Honours/Scraper/Scrapers/twitter/TwitterScraper.rb:35:in `scrape'
Twitter.rb:71:in `block in scrape_url_list'
Twitter.rb:62:in `each'
Twitter.rb:62:in `scrape_url_list'
Twitter.rb:45:in `block in start_scrape'
Twitter.rb:42:in `each'
Twitter.rb:42:in `start_scrape'
Twitter.rb:26:in `initialize'
Twitter.rb:125:in `new'
Twitter.rb:125:in `start'
Twitter.rb:153:in `<main>'
I, [2013-07-30T05:04:52.983915 #17264]  INFO -- : [#<Nokogiri::XML::Attr:0x1fc4b20 name="href" value="https://twitter.com/sharon_cuneta12">]
I, [2013-07-30T05:04:52.984052 #17264]  INFO -- : sharon_cuneta12
E, [2013-07-30T05:05:55.469011 #17264] ERROR -- : uncaught throw #<Crack::ParseError: Invalid JSON string> (ArgumentError)
/am/rialto/home1/walkeriain/2013/Honours/Scraper/Scrapers/twitter/TwitterScraper.rb:49:in `throw'
/am/rialto/home1/walkeriain/2013/Honours/Scraper/Scrapers/twitter/TwitterScraper.rb:49:in `rescue in scrape'
/am/rialto/home1/walkeriain/2013/Honours/Scraper/Scrapers/twitter/TwitterScraper.rb:35:in `scrape'
Twitter.rb:71:in `block in scrape_url_list'
Twitter.rb:62:in `each'
Twitter.rb:62:in `scrape_url_list'
Twitter.rb:45:in `block in start_scrape'
Twitter.rb:42:in `each'
Twitter.rb:42:in `start_scrape'
Twitter.rb:26:in `initialize'
Twitter.rb:125:in `new'
Twitter.rb:125:in `start'
Twitter.rb:153:in `<main>'
I, [2013-07-30T05:05:55.469204 #17264]  INFO -- : [#<Nokogiri::XML::Attr:0x216d3c8 name="href" value="https://twitter.com/RealMichelleW">]
I, [2013-07-30T05:05:55.469263 #17264]  INFO -- : RealMichelleW
E, [2013-07-30T05:49:37.189325 #17264] ERROR -- : uncaught throw #<Crack::ParseError: Invalid JSON string> (ArgumentError)
/am/rialto/home1/walkeriain/2013/Honours/Scraper/Scrapers/twitter/TwitterScraper.rb:49:in `throw'
/am/rialto/home1/walkeriain/2013/Honours/Scraper/Scrapers/twitter/TwitterScraper.rb:49:in `rescue in scrape'
/am/rialto/home1/walkeriain/2013/Honours/Scraper/Scrapers/twitter/TwitterScraper.rb:35:in `scrape'
Twitter.rb:71:in `block in scrape_url_list'
Twitter.rb:62:in `each'
Twitter.rb:62:in `scrape_url_list'
Twitter.rb:45:in `block in start_scrape'
Twitter.rb:42:in `each'
Twitter.rb:42:in `start_scrape'
Twitter.rb:26:in `initialize'
Twitter.rb:125:in `new'
Twitter.rb:125:in `start'
Twitter.rb:153:in `<main>'
I, [2013-07-30T05:49:37.189557 #17264]  INFO -- : [#<Nokogiri::XML::Attr:0x1f09a78 name="href" value="https://twitter.com/laura">]
I, [2013-07-30T05:49:37.189700 #17264]  INFO -- : laura
E, [2013-07-30T06:39:24.067193 #17264] ERROR -- : uncaught throw #<Crack::ParseError: Invalid JSON string> (ArgumentError)
/am/rialto/home1/walkeriain/2013/Honours/Scraper/Scrapers/twitter/TwitterScraper.rb:49:in `throw'
/am/rialto/home1/walkeriain/2013/Honours/Scraper/Scrapers/twitter/TwitterScraper.rb:49:in `rescue in scrape'
/am/rialto/home1/walkeriain/2013/Honours/Scraper/Scrapers/twitter/TwitterScraper.rb:35:in `scrape'
Twitter.rb:71:in `block in scrape_url_list'
Twitter.rb:62:in `each'
Twitter.rb:62:in `scrape_url_list'
Twitter.rb:45:in `block in start_scrape'
Twitter.rb:42:in `each'
Twitter.rb:42:in `start_scrape'
Twitter.rb:26:in `initialize'
Twitter.rb:125:in `new'
Twitter.rb:125:in `start'
Twitter.rb:153:in `<main>'
I, [2013-07-30T06:39:24.067430 #17264]  INFO -- : [#<Nokogiri::XML::Attr:0x21b8800 name="href" value="https://twitter.com/KimberlyKWyatt">]
I, [2013-07-30T06:39:24.067566 #17264]  INFO -- : KimberlyKWyatt
E, [2013-07-30T06:40:22.063271 #17264] ERROR -- : uncaught throw #<Crack::ParseError: Invalid JSON string> (ArgumentError)
/am/rialto/home1/walkeriain/2013/Honours/Scraper/Scrapers/twitter/TwitterScraper.rb:49:in `throw'
/am/rialto/home1/walkeriain/2013/Honours/Scraper/Scrapers/twitter/TwitterScraper.rb:49:in `rescue in scrape'
/am/rialto/home1/walkeriain/2013/Honours/Scraper/Scrapers/twitter/TwitterScraper.rb:35:in `scrape'
Twitter.rb:71:in `block in scrape_url_list'
Twitter.rb:62:in `each'
Twitter.rb:62:in `scrape_url_list'
Twitter.rb:45:in `block in start_scrape'
Twitter.rb:42:in `each'
Twitter.rb:42:in `start_scrape'
Twitter.rb:26:in `initialize'
Twitter.rb:125:in `new'
Twitter.rb:125:in `start'
Twitter.rb:153:in `<main>'
I, [2013-07-30T06:40:22.063517 #17264]  INFO -- : [#<Nokogiri::XML::Attr:0x1df2414 name="href" value="https://twitter.com/Deborah_Cox">]
I, [2013-07-30T06:40:22.063650 #17264]  INFO -- : Deborah_Cox
E, [2013-07-30T06:43:04.555428 #17264] ERROR -- : uncaught throw #<Crack::ParseError: Invalid JSON string> (ArgumentError)
/am/rialto/home1/walkeriain/2013/Honours/Scraper/Scrapers/twitter/TwitterScraper.rb:49:in `throw'
/am/rialto/home1/walkeriain/2013/Honours/Scraper/Scrapers/twitter/TwitterScraper.rb:49:in `rescue in scrape'
/am/rialto/home1/walkeriain/2013/Honours/Scraper/Scrapers/twitter/TwitterScraper.rb:35:in `scrape'
Twitter.rb:71:in `block in scrape_url_list'
Twitter.rb:62:in `each'
Twitter.rb:62:in `scrape_url_list'
Twitter.rb:45:in `block in start_scrape'
Twitter.rb:42:in `each'
Twitter.rb:42:in `start_scrape'
Twitter.rb:26:in `initialize'
Twitter.rb:125:in `new'
Twitter.rb:125:in `start'
Twitter.rb:153:in `<main>'
I, [2013-07-30T06:43:04.555747 #17264]  INFO -- : [#<Nokogiri::XML::Attr:0x1d0423c name="href" value="https://twitter.com/JessicaSimpson">]
I, [2013-07-30T06:43:04.555816 #17264]  INFO -- : JessicaSimpson
E, [2013-07-30T06:45:29.392537 #17264] ERROR -- : uncaught throw #<Crack::ParseError: Invalid JSON string> (ArgumentError)
/am/rialto/home1/walkeriain/2013/Honours/Scraper/Scrapers/twitter/TwitterScraper.rb:49:in `throw'
/am/rialto/home1/walkeriain/2013/Honours/Scraper/Scrapers/twitter/TwitterScraper.rb:49:in `rescue in scrape'
/am/rialto/home1/walkeriain/2013/Honours/Scraper/Scrapers/twitter/TwitterScraper.rb:35:in `scrape'
Twitter.rb:71:in `block in scrape_url_list'
Twitter.rb:62:in `each'
Twitter.rb:62:in `scrape_url_list'
Twitter.rb:45:in `block in start_scrape'
Twitter.rb:42:in `each'
Twitter.rb:42:in `start_scrape'
Twitter.rb:26:in `initialize'
Twitter.rb:125:in `new'
Twitter.rb:125:in `start'
Twitter.rb:153:in `<main>'
I, [2013-07-30T06:45:29.392753 #17264]  INFO -- : [#<Nokogiri::XML::Attr:0x19571c0 name="href" value="https://twitter.com/CynthiaBailey10">]
I, [2013-07-30T06:45:29.392807 #17264]  INFO -- : CynthiaBailey10
E, [2013-07-30T06:46:29.616484 #17264] ERROR -- : uncaught throw #<Crack::ParseError: Invalid JSON string> (ArgumentError)
/am/rialto/home1/walkeriain/2013/Honours/Scraper/Scrapers/twitter/TwitterScraper.rb:49:in `throw'
/am/rialto/home1/walkeriain/2013/Honours/Scraper/Scrapers/twitter/TwitterScraper.rb:49:in `rescue in scrape'
/am/rialto/home1/walkeriain/2013/Honours/Scraper/Scrapers/twitter/TwitterScraper.rb:35:in `scrape'
Twitter.rb:71:in `block in scrape_url_list'
Twitter.rb:62:in `each'
Twitter.rb:62:in `scrape_url_list'
Twitter.rb:45:in `block in start_scrape'
Twitter.rb:42:in `each'
Twitter.rb:42:in `start_scrape'
Twitter.rb:26:in `initialize'
Twitter.rb:125:in `new'
Twitter.rb:125:in `start'
Twitter.rb:153:in `<main>'
I, [2013-07-30T06:46:29.616735 #17264]  INFO -- : [#<Nokogiri::XML::Attr:0x20014a8 name="href" value="https://twitter.com/AngelaSimmons">]
I, [2013-07-30T06:46:29.616865 #17264]  INFO -- : AngelaSimmons
E, [2013-07-30T06:47:57.250737 #17264] ERROR -- : uncaught throw #<Crack::ParseError: Invalid JSON string> (ArgumentError)
/am/rialto/home1/walkeriain/2013/Honours/Scraper/Scrapers/twitter/TwitterScraper.rb:49:in `throw'
/am/rialto/home1/walkeriain/2013/Honours/Scraper/Scrapers/twitter/TwitterScraper.rb:49:in `rescue in scrape'
/am/rialto/home1/walkeriain/2013/Honours/Scraper/Scrapers/twitter/TwitterScraper.rb:35:in `scrape'
Twitter.rb:71:in `block in scrape_url_list'
Twitter.rb:62:in `each'
Twitter.rb:62:in `scrape_url_list'
Twitter.rb:45:in `block in start_scrape'
Twitter.rb:42:in `each'
Twitter.rb:42:in `start_scrape'
Twitter.rb:26:in `initialize'
Twitter.rb:125:in `new'
Twitter.rb:125:in `start'
Twitter.rb:153:in `<main>'
I, [2013-07-30T06:47:57.250965 #17264]  INFO -- : [#<Nokogiri::XML::Attr:0x12fcd5c name="href" value="https://twitter.com/melissagorga">]
I, [2013-07-30T06:47:57.251076 #17264]  INFO -- : melissagorga
E, [2013-07-30T06:48:54.990199 #17264] ERROR -- : uncaught throw #<Crack::ParseError: Invalid JSON string> (ArgumentError)
/am/rialto/home1/walkeriain/2013/Honours/Scraper/Scrapers/twitter/TwitterScraper.rb:49:in `throw'
/am/rialto/home1/walkeriain/2013/Honours/Scraper/Scrapers/twitter/TwitterScraper.rb:49:in `rescue in scrape'
/am/rialto/home1/walkeriain/2013/Honours/Scraper/Scrapers/twitter/TwitterScraper.rb:35:in `scrape'
Twitter.rb:71:in `block in scrape_url_list'
Twitter.rb:62:in `each'
Twitter.rb:62:in `scrape_url_list'
Twitter.rb:45:in `block in start_scrape'
Twitter.rb:42:in `each'
Twitter.rb:42:in `start_scrape'
Twitter.rb:26:in `initialize'
Twitter.rb:125:in `new'
Twitter.rb:125:in `start'
Twitter.rb:153:in `<main>'
I, [2013-07-30T06:48:54.990438 #17264]  INFO -- : [#<Nokogiri::XML::Attr:0x21b7b44 name="href" value="https://twitter.com/Asnicar__Brenda">]
I, [2013-07-30T06:48:54.990574 #17264]  INFO -- : Asnicar__Brenda
E, [2013-07-30T06:49:52.006418 #17264] ERROR -- : uncaught throw #<Crack::ParseError: Invalid JSON string> (ArgumentError)
/am/rialto/home1/walkeriain/2013/Honours/Scraper/Scrapers/twitter/TwitterScraper.rb:49:in `throw'
/am/rialto/home1/walkeriain/2013/Honours/Scraper/Scrapers/twitter/TwitterScraper.rb:49:in `rescue in scrape'
/am/rialto/home1/walkeriain/2013/Honours/Scraper/Scrapers/twitter/TwitterScraper.rb:35:in `scrape'
Twitter.rb:71:in `block in scrape_url_list'
Twitter.rb:62:in `each'
Twitter.rb:62:in `scrape_url_list'
Twitter.rb:45:in `block in start_scrape'
Twitter.rb:42:in `each'
Twitter.rb:42:in `start_scrape'
Twitter.rb:26:in `initialize'
Twitter.rb:125:in `new'
Twitter.rb:125:in `start'
Twitter.rb:153:in `<main>'
I, [2013-07-30T06:49:52.006655 #17264]  INFO -- : [#<Nokogiri::XML::Attr:0x214ff30 name="href" value="https://twitter.com/MissAmyChilds">]
I, [2013-07-30T06:49:52.006787 #17264]  INFO -- : MissAmyChilds
E, [2013-07-30T06:50:49.648926 #17264] ERROR -- : uncaught throw #<Crack::ParseError: Invalid JSON string> (ArgumentError)
/am/rialto/home1/walkeriain/2013/Honours/Scraper/Scrapers/twitter/TwitterScraper.rb:49:in `throw'
/am/rialto/home1/walkeriain/2013/Honours/Scraper/Scrapers/twitter/TwitterScraper.rb:49:in `rescue in scrape'
/am/rialto/home1/walkeriain/2013/Honours/Scraper/Scrapers/twitter/TwitterScraper.rb:35:in `scrape'
Twitter.rb:71:in `block in scrape_url_list'
Twitter.rb:62:in `each'
Twitter.rb:62:in `scrape_url_list'
Twitter.rb:45:in `block in start_scrape'
Twitter.rb:42:in `each'
Twitter.rb:42:in `start_scrape'
Twitter.rb:26:in `initialize'
Twitter.rb:125:in `new'
Twitter.rb:125:in `start'
Twitter.rb:153:in `<main>'
I, [2013-07-30T06:50:49.649111 #17264]  INFO -- : [#<Nokogiri::XML::Attr:0x1ea5168 name="href" value="https://twitter.com/Anna">]
I, [2013-07-30T06:50:49.649171 #17264]  INFO -- : Anna
E, [2013-07-30T06:51:50.963434 #17264] ERROR -- : uncaught throw #<Crack::ParseError: Invalid JSON string> (ArgumentError)
/am/rialto/home1/walkeriain/2013/Honours/Scraper/Scrapers/twitter/TwitterScraper.rb:49:in `throw'
/am/rialto/home1/walkeriain/2013/Honours/Scraper/Scrapers/twitter/TwitterScraper.rb:49:in `rescue in scrape'
/am/rialto/home1/walkeriain/2013/Honours/Scraper/Scrapers/twitter/TwitterScraper.rb:35:in `scrape'
Twitter.rb:71:in `block in scrape_url_list'
Twitter.rb:62:in `each'
Twitter.rb:62:in `scrape_url_list'
Twitter.rb:45:in `block in start_scrape'
Twitter.rb:42:in `each'
Twitter.rb:42:in `start_scrape'
Twitter.rb:26:in `initialize'
Twitter.rb:125:in `new'
Twitter.rb:125:in `start'
Twitter.rb:153:in `<main>'
I, [2013-07-30T06:51:50.963595 #17264]  INFO -- : [#<Nokogiri::XML::Attr:0x1c2288c name="href" value="https://twitter.com/MsRebeccaBlack">]
I, [2013-07-30T06:51:50.963663 #17264]  INFO -- : MsRebeccaBlack
E, [2013-07-30T06:53:23.664248 #17264] ERROR -- : uncaught throw #<Crack::ParseError: Invalid JSON string> (ArgumentError)
/am/rialto/home1/walkeriain/2013/Honours/Scraper/Scrapers/twitter/TwitterScraper.rb:49:in `throw'
/am/rialto/home1/walkeriain/2013/Honours/Scraper/Scrapers/twitter/TwitterScraper.rb:49:in `rescue in scrape'
/am/rialto/home1/walkeriain/2013/Honours/Scraper/Scrapers/twitter/TwitterScraper.rb:35:in `scrape'
Twitter.rb:71:in `block in scrape_url_list'
Twitter.rb:62:in `each'
Twitter.rb:62:in `scrape_url_list'
Twitter.rb:45:in `block in start_scrape'
Twitter.rb:42:in `each'
Twitter.rb:42:in `start_scrape'
Twitter.rb:26:in `initialize'
Twitter.rb:125:in `new'
Twitter.rb:125:in `start'
Twitter.rb:153:in `<main>'
I, [2013-07-30T06:53:23.664449 #17264]  INFO -- : [#<Nokogiri::XML::Attr:0x20a5774 name="href" value="https://twitter.com/virginia">]
I, [2013-07-30T06:53:23.664512 #17264]  INFO -- : virginia
E, [2013-07-30T07:37:06.076460 #17264] ERROR -- : uncaught throw #<Crack::ParseError: Invalid JSON string> (ArgumentError)
/am/rialto/home1/walkeriain/2013/Honours/Scraper/Scrapers/twitter/TwitterScraper.rb:49:in `throw'
/am/rialto/home1/walkeriain/2013/Honours/Scraper/Scrapers/twitter/TwitterScraper.rb:49:in `rescue in scrape'
/am/rialto/home1/walkeriain/2013/Honours/Scraper/Scrapers/twitter/TwitterScraper.rb:35:in `scrape'
Twitter.rb:71:in `block in scrape_url_list'
Twitter.rb:62:in `each'
Twitter.rb:62:in `scrape_url_list'
Twitter.rb:45:in `block in start_scrape'
Twitter.rb:42:in `each'
Twitter.rb:42:in `start_scrape'
Twitter.rb:26:in `initialize'
Twitter.rb:125:in `new'
Twitter.rb:125:in `start'
Twitter.rb:153:in `<main>'
I, [2013-07-30T07:37:06.076703 #17264]  INFO -- : [#<Nokogiri::XML::Attr:0x1d444a4 name="href" value="https://twitter.com/kittythefool">]
I, [2013-07-30T07:37:06.076848 #17264]  INFO -- : kittythefool
E, [2013-07-30T10:07:32.385201 #17264] ERROR -- : uncaught throw #<Net::HTTPFatalError: 503 "Service Unavailable"> (ArgumentError)
/am/rialto/home1/walkeriain/2013/Honours/Scraper/Scrapers/twitter/TwitterScraper.rb:49:in `throw'
/am/rialto/home1/walkeriain/2013/Honours/Scraper/Scrapers/twitter/TwitterScraper.rb:49:in `rescue in scrape'
/am/rialto/home1/walkeriain/2013/Honours/Scraper/Scrapers/twitter/TwitterScraper.rb:35:in `scrape'
Twitter.rb:71:in `block in scrape_url_list'
Twitter.rb:62:in `each'
Twitter.rb:62:in `scrape_url_list'
Twitter.rb:45:in `block in start_scrape'
Twitter.rb:42:in `each'
Twitter.rb:42:in `start_scrape'
Twitter.rb:26:in `initialize'
Twitter.rb:125:in `new'
Twitter.rb:125:in `start'
Twitter.rb:153:in `<main>'
I, [2013-07-30T10:07:32.385485 #17264]  INFO -- : [#<Nokogiri::XML::Attr:0x1f85ca4 name="href" value="https://twitter.com/MarthaStewart">]
I, [2013-07-30T10:07:32.385629 #17264]  INFO -- : MarthaStewart
