# Logfile created on 2013-07-27 16:49:01 +1200 by logger.rb/31641
D, [2013-07-27T16:49:01.590283 #1054] DEBUG -- : Twitter profile;k_j_gormanentire scraping..BEGIN
D, [2013-07-27T16:50:21.536650 #1054] DEBUG -- : Twitter profile;k_j_gormanscraped SUCCESFUL
D, [2013-07-27T16:50:21.537031 #1054] DEBUG -- : Number of tweets fetched;50
D, [2013-07-27T16:50:21.537199 #1054] DEBUG -- : Time taken:79.945968123
D, [2013-07-27T16:52:30.292234 #1204] DEBUG -- : Twitter profile;k_j_gormanentire scraping..BEGIN
D, [2013-07-27T16:53:47.479257 #1204] DEBUG -- : Twitter profile;k_j_gormanscraped SUCCESFUL
D, [2013-07-27T16:53:47.479602 #1204] DEBUG -- : Number of tweets fetched;50
D, [2013-07-27T16:53:47.479741 #1204] DEBUG -- : Time taken:77.186916027
D, [2013-07-27T16:59:13.266557 #1498] DEBUG -- : Twitter profile;k_j_gormanentire scraping..BEGIN
D, [2013-07-27T17:00:23.315799 #1498] DEBUG -- : Twitter profile;k_j_gormanscraped SUCCESFUL
D, [2013-07-27T17:00:23.316157 #1498] DEBUG -- : Number of tweets fetched;50
D, [2013-07-27T17:00:23.316288 #1498] DEBUG -- : Time taken:70.049142981
D, [2013-07-27T17:01:20.135345 #1595] DEBUG -- : Twitter profile;k_j_gormanentire scraping..BEGIN
D, [2013-07-27T17:02:31.762722 #1595] DEBUG -- : Twitter profile;k_j_gormanscraped SUCCESFUL
D, [2013-07-27T17:02:31.763072 #1595] DEBUG -- : Number of tweets fetched;50
D, [2013-07-27T17:02:31.763173 #1595] DEBUG -- : Time taken:71.627269779
D, [2013-07-27T17:11:18.717136 #4293] DEBUG -- : Twitter profile;justinbieberentire scraping..BEGIN
D, [2013-07-27T17:13:10.097182 #4293] DEBUG -- : Twitter profile;k_j_gormanentire scraping..BEGIN
D, [2013-07-27T17:14:29.268758 #4293] DEBUG -- : Twitter profile;k_j_gormanscraped SUCCESFUL
D, [2013-07-27T17:14:29.269039 #4293] DEBUG -- : Number of tweets fetched;50
D, [2013-07-27T17:14:29.269140 #4293] DEBUG -- : Time taken:79.171329759
D, [2013-07-27T17:15:43.681098 #4293] DEBUG -- : Twitter profile;k_j_gorman/status/251269579836370944entire scraping..BEGIN
D, [2013-07-27T17:16:19.826329 #4293] DEBUG -- : Twitter profile;iainentire scraping..BEGIN
D, [2013-07-27T17:17:16.185766 #4293] DEBUG -- : Twitter profile;katyperryentire scraping..BEGIN
D, [2013-07-27T17:18:20.498894 #4293] DEBUG -- : Twitter profile;ladygagaentire scraping..BEGIN
D, [2013-07-27T17:20:42.188168 #4293] DEBUG -- : Twitter profile;BarackObamaentire scraping..BEGIN
D, [2013-07-27T17:25:00.432929 #2869] DEBUG -- : Twitter profile;k_j_gormanentire scraping..BEGIN
D, [2013-07-27T17:27:09.543734 #2982] DEBUG -- : Twitter profile;k_j_gormanentire scraping..BEGIN
D, [2013-07-27T19:05:57.864230 #4293] DEBUG -- : Twitter profile;BarackObamascraped SUCCESFUL
D, [2013-07-27T19:05:57.864523 #4293] DEBUG -- : Number of tweets fetched;3140
D, [2013-07-27T19:05:57.864810 #4293] DEBUG -- : Time taken:6315.675822871
D, [2013-07-27T19:07:15.026414 #4293] DEBUG -- : Twitter profile;taylorswift13entire scraping..BEGIN
D, [2013-07-27T19:08:47.767368 #4293] DEBUG -- : Twitter profile;YouTubeentire scraping..BEGIN
D, [2013-07-27T19:53:56.921534 #4293] DEBUG -- : Twitter profile;rihannaentire scraping..BEGIN
D, [2013-07-27T19:58:39.295846 #4293] DEBUG -- : Twitter profile;britneyspearsentire scraping..BEGIN
D, [2013-07-27T20:03:23.667983 #4293] DEBUG -- : Twitter profile;instagramentire scraping..BEGIN
D, [2013-07-27T21:29:51.749493 #4293] DEBUG -- : Twitter profile;instagramscraped SUCCESFUL
D, [2013-07-27T21:29:51.749796 #4293] DEBUG -- : Number of tweets fetched;3213
D, [2013-07-27T21:29:51.749892 #4293] DEBUG -- : Time taken:5188.081283647
D, [2013-07-27T21:31:06.950521 #4293] DEBUG -- : Twitter profile;jtimberlakeentire scraping..BEGIN
D, [2013-07-27T21:32:06.457741 #4293] DEBUG -- : Twitter profile;entire scraping..BEGIN
D, [2013-07-27T21:32:39.404288 #4293] DEBUG -- : Twitter profile;shakiraentire scraping..BEGIN
D, [2013-07-27T21:39:41.415274 #4293] DEBUG -- : Twitter profile;JLoentire scraping..BEGIN
D, [2013-07-27T21:40:41.206358 #4293] DEBUG -- : Twitter profile;Smeerlappenentire scraping..BEGIN
D, [2013-07-27T21:41:12.553202 #4293] DEBUG -- : Twitter profile;Smeerlappenscraped SUCCESFUL
D, [2013-07-27T21:41:12.553448 #4293] DEBUG -- : Number of tweets fetched;19
D, [2013-07-27T21:41:12.553545 #4293] DEBUG -- : Time taken:31.346617546
D, [2013-07-27T21:42:23.253249 #4293] DEBUG -- : Twitter profile;Oprahentire scraping..BEGIN
D, [2013-07-27T21:54:00.549923 #4293] DEBUG -- : Twitter profile;Cristianoentire scraping..BEGIN
D, [2013-07-27T22:32:55.333038 #4293] DEBUG -- : Twitter profile;Cristianoscraped SUCCESFUL
D, [2013-07-27T22:32:55.333364 #4293] DEBUG -- : Number of tweets fetched;1350
D, [2013-07-27T22:32:55.333457 #4293] DEBUG -- : Time taken:2334.782893628
D, [2013-07-27T22:34:15.454831 #4293] DEBUG -- : Twitter profile;KimKardashianentire scraping..BEGIN
D, [2013-07-27T22:35:56.466807 #4293] DEBUG -- : Twitter profile;Pinkentire scraping..BEGIN
D, [2013-07-27T22:37:34.110599 #4293] DEBUG -- : Twitter profile;NICKIMINAJentire scraping..BEGIN
D, [2013-07-27T22:38:34.590493 #4293] DEBUG -- : Twitter profile;BrunoMarsentire scraping..BEGIN
D, [2013-07-27T22:42:43.987604 #4293] DEBUG -- : Twitter profile;OfficialAdeleentire scraping..BEGIN
D, [2013-07-27T22:47:23.979511 #4293] DEBUG -- : Twitter profile;OfficialAdelescraped SUCCESFUL
D, [2013-07-27T22:47:23.979805 #4293] DEBUG -- : Number of tweets fetched;178
D, [2013-07-27T22:47:23.979928 #4293] DEBUG -- : Time taken:279.991711319
D, [2013-07-27T22:48:44.560910 #4293] DEBUG -- : Twitter profile;KAKAentire scraping..BEGIN
D, [2013-07-27T22:51:29.975960 #4293] DEBUG -- : Twitter profile;ddlovatoentire scraping..BEGIN
D, [2013-07-27T22:52:31.583572 #4293] DEBUG -- : Twitter profile;selenagomezentire scraping..BEGIN
D, [2013-07-27T22:53:35.887262 #4293] DEBUG -- : Twitter profile;aliciakeysentire scraping..BEGIN
D, [2013-07-27T22:56:59.567360 #4293] DEBUG -- : Twitter profile;Eminementire scraping..BEGIN
D, [2013-07-27T23:02:40.158991 #4293] DEBUG -- : Twitter profile;Eminemscraped SUCCESFUL
D, [2013-07-27T23:02:40.159236 #4293] DEBUG -- : Number of tweets fetched;213
D, [2013-07-27T23:02:40.159324 #4293] DEBUG -- : Time taken:340.591411738
D, [2013-07-27T23:03:58.435994 #4293] DEBUG -- : Twitter profile;apluskentire scraping..BEGIN
D, [2013-07-27T23:07:55.655106 #4293] DEBUG -- : Twitter profile;Harry_Stylesentire scraping..BEGIN
D, [2013-07-27T23:19:03.458398 #4293] DEBUG -- : Twitter profile;onedirectionentire scraping..BEGIN
D, [2013-07-27T23:23:18.226301 #4293] DEBUG -- : Twitter profile;MileyCyrusentire scraping..BEGIN
D, [2013-07-27T23:24:18.017025 #4293] DEBUG -- : Twitter profile;chrisbrownentire scraping..BEGIN
D, [2013-07-27T23:27:02.645075 #4293] DEBUG -- : Twitter profile;Pitbullentire scraping..BEGIN
D, [2013-07-27T23:28:35.690510 #4293] DEBUG -- : Twitter profile;NiallOfficialentire scraping..BEGIN
D, [2013-07-27T23:29:42.639311 #4293] DEBUG -- : Twitter profile;LilTunechientire scraping..BEGIN
D, [2013-07-27T23:32:41.395625 #4293] DEBUG -- : Twitter profile;cnnbrkentire scraping..BEGIN
D, [2013-07-28T01:13:18.496504 #4293] DEBUG -- : Twitter profile;cnnbrkscraped SUCCESFUL
D, [2013-07-28T01:13:18.496931 #4293] DEBUG -- : Number of tweets fetched;3226
D, [2013-07-28T01:13:18.497024 #4293] DEBUG -- : Time taken:6037.100633832
D, [2013-07-28T01:14:39.165998 #4293] DEBUG -- : Twitter profile;BillGatesentire scraping..BEGIN
D, [2013-07-28T01:21:42.067033 #4293] DEBUG -- : Twitter profile;MariahCareyentire scraping..BEGIN
D, [2013-07-28T01:24:03.568507 #4293] DEBUG -- : Twitter profile;AvrilLavigneentire scraping..BEGIN
D, [2013-07-28T01:26:54.152762 #4293] DEBUG -- : Twitter profile;Real_Liam_Payneentire scraping..BEGIN
D, [2013-07-28T01:29:15.388440 #4293] DEBUG -- : Twitter profile;Louis_Tomlinsonentire scraping..BEGIN
D, [2013-07-28T01:46:10.732759 #4293] DEBUG -- : Twitter profile;Drakeentire scraping..BEGIN
D, [2013-07-28T01:47:14.121889 #4293] DEBUG -- : Twitter profile;ParisHiltonentire scraping..BEGIN
D, [2013-07-28T01:48:14.679207 #4293] DEBUG -- : Twitter profile;davidguettaentire scraping..BEGIN
D, [2013-07-28T01:55:22.218192 #4293] DEBUG -- : Twitter profile;JimCarreyentire scraping..BEGIN
D, [2013-07-28T02:01:37.288601 #4293] DEBUG -- : Twitter profile;wizkhalifaentire scraping..BEGIN
D, [2013-07-28T02:02:41.065937 #4293] DEBUG -- : Twitter profile;SnoopDoggentire scraping..BEGIN
D, [2013-07-28T02:05:58.343656 #4293] DEBUG -- : Twitter profile;RyanSeacrestentire scraping..BEGIN
D, [2013-07-28T02:08:10.337500 #4293] DEBUG -- : Twitter profile;coldplayentire scraping..BEGIN
D, [2013-07-28T03:31:23.754095 #4293] DEBUG -- : Twitter profile;coldplayscraped SUCCESFUL
D, [2013-07-28T03:31:23.754450 #4293] DEBUG -- : Number of tweets fetched;2851
D, [2013-07-28T03:31:23.754543 #4293] DEBUG -- : Time taken:4993.416360535
D, [2013-07-28T03:32:40.585511 #4293] DEBUG -- : Twitter profile;UberSocentire scraping..BEGIN
D, [2013-07-28T05:00:42.113039 #4293] DEBUG -- : Twitter profile;UberSocscraped SUCCESFUL
D, [2013-07-28T05:00:42.113364 #4293] DEBUG -- : Number of tweets fetched;3210
D, [2013-07-28T05:00:42.113462 #4293] DEBUG -- : Time taken:5281.527286451
D, [2013-07-28T05:01:56.406989 #4293] DEBUG -- : Twitter profile;ashleytisdaleentire scraping..BEGIN
D, [2013-07-28T05:03:28.992213 #4293] DEBUG -- : Twitter profile;facebookentire scraping..BEGIN
D, [2013-07-28T05:32:23.071694 #4293] DEBUG -- : Twitter profile;facebookscraped SUCCESFUL
D, [2013-07-28T05:32:23.071978 #4293] DEBUG -- : Number of tweets fetched;1033
D, [2013-07-28T05:32:23.072118 #4293] DEBUG -- : Time taken:1734.07918343
D, [2013-07-28T05:33:39.385067 #4293] DEBUG -- : Twitter profile;Beyonceentire scraping..BEGIN
D, [2013-07-28T05:33:58.534919 #4293] DEBUG -- : Twitter profile;Beyoncescraped SUCCESFUL
D, [2013-07-28T05:33:58.535177 #4293] DEBUG -- : Number of tweets fetched;7
D, [2013-07-28T05:33:58.535276 #4293] DEBUG -- : Time taken:19.149632995
D, [2013-07-28T05:34:58.896614 #4293] DEBUG -- : Twitter profile;tyrabanksentire scraping..BEGIN
D, [2013-07-28T05:39:37.488798 #4293] DEBUG -- : Twitter profile;AlejandroSanzentire scraping..BEGIN
D, [2013-07-28T05:51:20.720640 #4293] DEBUG -- : Twitter profile;charliesheenentire scraping..BEGIN
D, [2013-07-28T05:53:02.357303 #4293] DEBUG -- : Twitter profile;kanyewestentire scraping..BEGIN
D, [2013-07-28T05:53:45.697415 #4293] DEBUG -- : Twitter profile;kanyewestscraped SUCCESFUL
D, [2013-07-28T05:53:45.697675 #4293] DEBUG -- : Number of tweets fetched;24
D, [2013-07-28T05:53:45.697765 #4293] DEBUG -- : Time taken:43.339818311
D, [2013-07-28T05:55:04.647366 #4293] DEBUG -- : Twitter profile;zaynmalikentire scraping..BEGIN
D, [2013-07-28T06:02:56.634721 #4293] DEBUG -- : Twitter profile;FCBarcelonaentire scraping..BEGIN
D, [2013-07-28T07:33:48.333874 #4293] DEBUG -- : Twitter profile;FCBarcelonascraped SUCCESFUL
D, [2013-07-28T07:33:48.334134 #4293] DEBUG -- : Number of tweets fetched;3240
D, [2013-07-28T07:33:48.334232 #4293] DEBUG -- : Time taken:5451.698945635
D, [2013-07-28T07:35:02.839262 #4293] DEBUG -- : Twitter profile;CNNentire scraping..BEGIN
D, [2013-07-28T09:14:01.921744 #4293] DEBUG -- : Twitter profile;CNNscraped SUCCESFUL
D, [2013-07-28T09:14:01.922029 #4293] DEBUG -- : Number of tweets fetched;3205
D, [2013-07-28T09:14:01.922127 #4293] DEBUG -- : Time taken:5939.082244523
D, [2013-07-28T09:15:18.686020 #4293] DEBUG -- : Twitter profile;jimmyfallonentire scraping..BEGIN
D, [2013-07-28T09:51:51.093330 #4293] DEBUG -- : Twitter profile;KingJamesentire scraping..BEGIN
D, [2013-07-28T09:54:11.450520 #4293] DEBUG -- : Twitter profile;KourtneyKardashentire scraping..BEGIN
D, [2013-07-28T10:00:41.600612 #4293] DEBUG -- : Twitter profile;ricky_martinentire scraping..BEGIN
D, [2013-07-28T10:01:43.895265 #4293] DEBUG -- : Twitter profile;TwitPicentire scraping..BEGIN
D, [2013-07-28T10:16:01.499316 #4293] DEBUG -- : Twitter profile;TwitPicscraped SUCCESFUL
D, [2013-07-28T10:16:01.499598 #4293] DEBUG -- : Number of tweets fetched;542
D, [2013-07-28T10:16:01.499695 #4293] DEBUG -- : Time taken:857.603814214
D, [2013-07-28T10:17:20.427607 #4293] DEBUG -- : Twitter profile;iamwillentire scraping..BEGIN
D, [2013-07-28T10:18:54.526302 #4293] DEBUG -- : Twitter profile;EmWatsonentire scraping..BEGIN
D, [2013-07-28T10:26:15.900661 #4293] DEBUG -- : Twitter profile;nytimesentire scraping..BEGIN
D, [2013-07-28T11:40:54.886351 #4293] DEBUG -- : Twitter profile;MTVentire scraping..BEGIN
D, [2013-07-28T11:41:51.403828 #4293] DEBUG -- : Twitter profile;iamdiddyentire scraping..BEGIN
D, [2013-07-28T11:45:51.786194 #4293] DEBUG -- : Twitter profile;ConanOBrienentire scraping..BEGIN
D, [2013-07-28T12:26:47.139786 #4293] DEBUG -- : Twitter profile;ConanOBrienscraped SUCCESFUL
D, [2013-07-28T12:26:47.140088 #4293] DEBUG -- : Number of tweets fetched;1335
D, [2013-07-28T12:26:47.140184 #4293] DEBUG -- : Time taken:2455.353323231
D, [2013-07-28T12:28:04.672305 #4293] DEBUG -- : Twitter profile;ivetesangaloentire scraping..BEGIN
D, [2013-07-28T12:29:02.592927 #4293] DEBUG -- : Twitter profile;danieltoshentire scraping..BEGIN
D, [2013-07-28T14:05:02.207379 #4293] DEBUG -- : Twitter profile;danieltoshscraped SUCCESFUL
D, [2013-07-28T14:05:02.207701 #4293] DEBUG -- : Number of tweets fetched;3198
D, [2013-07-28T14:05:02.207791 #4293] DEBUG -- : Time taken:5759.614186502
D, [2013-07-28T14:06:21.175780 #4293] DEBUG -- : Twitter profile;KhloeKardashianentire scraping..BEGIN
D, [2013-07-28T14:07:22.094741 #4293] DEBUG -- : Twitter profile;paulocoelhoentire scraping..BEGIN
D, [2013-07-28T14:21:18.913842 #4293] DEBUG -- : Twitter profile;realmadridentire scraping..BEGIN
D, [2013-07-28T14:34:58.809993 #4293] DEBUG -- : Twitter profile;agnezmoentire scraping..BEGIN
D, [2013-07-28T14:37:10.483653 #4293] DEBUG -- : Twitter profile;juanesentire scraping..BEGIN
D, [2013-07-28T14:41:05.783747 #4293] DEBUG -- : Twitter profile;carlyraejepsenentire scraping..BEGIN
D, [2013-07-28T14:42:46.037903 #4293] DEBUG -- : Twitter profile;Usherentire scraping..BEGIN
D, [2013-07-28T14:52:03.656545 #4293] DEBUG -- : Twitter profile;Ludacrisentire scraping..BEGIN
D, [2013-07-28T14:53:04.371427 #4293] DEBUG -- : Twitter profile;KevinHart4realentire scraping..BEGIN
D, [2013-07-28T14:54:08.800138 #4293] DEBUG -- : Twitter profile;xtinaentire scraping..BEGIN
D, [2013-07-28T15:07:15.868357 #4293] DEBUG -- : Twitter profile;xtinascraped SUCCESFUL
D, [2013-07-28T15:07:15.868675 #4293] DEBUG -- : Number of tweets fetched;442
D, [2013-07-28T15:07:15.868770 #4293] DEBUG -- : Time taken:787.067980407
D, [2013-07-28T15:08:36.057536 #4293] DEBUG -- : Twitter profile;NBAentire scraping..BEGIN
D, [2013-07-28T15:10:38.941517 #4293] DEBUG -- : Twitter profile;Njr92entire scraping..BEGIN
D, [2013-07-28T15:11:42.419171 #4293] DEBUG -- : Twitter profile;SimonCowellentire scraping..BEGIN
D, [2013-07-28T15:37:45.099419 #4293] DEBUG -- : Twitter profile;SimonCowellscraped SUCCESFUL
D, [2013-07-28T15:37:45.099748 #4293] DEBUG -- : Number of tweets fetched;751
D, [2013-07-28T15:37:45.099840 #4293] DEBUG -- : Time taken:1562.679999133
D, [2013-07-28T15:39:07.287629 #4293] DEBUG -- : Twitter profile;programpanicoentire scraping..BEGIN
D, [2013-07-28T15:39:15.510332 #4293] DEBUG -- : Twitter profile;programpanicoscraped SUCCESFUL
D, [2013-07-28T15:39:15.510611 #4293] DEBUG -- : Number of tweets fetched;0
D, [2013-07-28T15:39:15.510702 #4293] DEBUG -- : Time taken:8.222434893
D, [2013-07-28T15:40:06.115410 #4293] DEBUG -- : Twitter profile;SHAQentire scraping..BEGIN
D, [2013-07-28T15:42:53.324243 #4293] DEBUG -- : Twitter profile;50cententire scraping..BEGIN
D, [2013-07-28T15:45:57.583579 #4293] DEBUG -- : Twitter profile;DalaiLamaentire scraping..BEGIN
D, [2013-07-28T16:13:31.322462 #4293] DEBUG -- : Twitter profile;DalaiLamascraped SUCCESFUL
D, [2013-07-28T16:13:31.322727 #4293] DEBUG -- : Number of tweets fetched;925
D, [2013-07-28T16:13:31.322822 #4293] DEBUG -- : Time taken:1653.738622932
D, [2013-07-28T16:14:53.880833 #4293] DEBUG -- : Twitter profile;ClaudiaLeitteentire scraping..BEGIN
D, [2013-07-28T16:16:22.307681 #4293] DEBUG -- : Twitter profile;paurubioentire scraping..BEGIN
D, [2013-07-28T16:19:41.675875 #4293] DEBUG -- : Twitter profile;LeoDiCaprioentire scraping..BEGIN
D, [2013-07-28T16:22:34.058029 #4293] DEBUG -- : Twitter profile;edsheeranentire scraping..BEGIN
D, [2013-07-28T16:24:14.300110 #4293] DEBUG -- : Twitter profile;kelly_clarksonentire scraping..BEGIN
D, [2013-07-28T16:35:45.728536 #4293] DEBUG -- : Twitter profile;LucianoHuckentire scraping..BEGIN
D, [2013-07-28T16:39:43.352829 #4293] DEBUG -- : Twitter profile;espnentire scraping..BEGIN
D, [2013-07-28T18:22:42.353975 #4293] DEBUG -- : Twitter profile;espnscraped SUCCESFUL
D, [2013-07-28T18:22:42.354235 #4293] DEBUG -- : Number of tweets fetched;3210
D, [2013-07-28T18:22:42.354334 #4293] DEBUG -- : Time taken:6179.000906982
D, [2013-07-28T18:23:58.073578 #4293] DEBUG -- : Twitter profile;tomhanksentire scraping..BEGIN
D, [2013-07-28T18:38:17.232538 #4293] DEBUG -- : Twitter profile;tomhanksscraped SUCCESFUL
D, [2013-07-28T18:38:17.232881 #4293] DEBUG -- : Number of tweets fetched;491
D, [2013-07-28T18:38:17.232980 #4293] DEBUG -- : Time taken:859.158720402
D, [2013-07-28T18:39:38.162285 #4293] DEBUG -- : Twitter profile;nickjonasentire scraping..BEGIN
D, [2013-07-28T18:40:41.162587 #4293] DEBUG -- : Twitter profile;10Ronaldinhoentire scraping..BEGIN
D, [2013-07-28T19:25:45.925748 #4293] DEBUG -- : Twitter profile;10Ronaldinhoscraped SUCCESFUL
D, [2013-07-28T19:25:45.926074 #4293] DEBUG -- : Number of tweets fetched;1532
D, [2013-07-28T19:25:45.926173 #4293] DEBUG -- : Time taken:2704.762827941
